Using pre-set license
Built from '2021.3/staging' branch; Version is '2021.3.31f1 (3409e2af086f) revision 3410402'; Using compiler version '192829333'; Build Type 'Release'
OS: 'Windows 10  (10.0.19045) 64bit Core' Language: 'ro' Physical Memory: 7502 MB
BatchMode: 1, IsHumanControllingUs: 0, StartBugReporterOnCrash: 0, Is64bit: 1, IsPro: 1

COMMAND LINE ARGUMENTS:
C:\Program Files\Unity\Hub\Editor\2021.3.31f1\Editor\Unity.exe
-adb2
-batchMode
-noUpm
-name
AssetImportWorker7
-projectPath
C:/Users/pinza/Documents/GitHub/IMR_Project
-logFile
Logs/AssetImportWorker7.log
-srvPort
50272
Successfully changed project path to: C:/Users/pinza/Documents/GitHub/IMR_Project
C:/Users/pinza/Documents/GitHub/IMR_Project
[UnityMemory] Configuration Parameters - Can be set up in boot.config
    "memorysetup-bucket-allocator-granularity=16"
    "memorysetup-bucket-allocator-bucket-count=8"
    "memorysetup-bucket-allocator-block-size=33554432"
    "memorysetup-bucket-allocator-block-count=8"
    "memorysetup-main-allocator-block-size=16777216"
    "memorysetup-thread-allocator-block-size=16777216"
    "memorysetup-gfx-main-allocator-block-size=16777216"
    "memorysetup-gfx-thread-allocator-block-size=16777216"
    "memorysetup-cache-allocator-block-size=4194304"
    "memorysetup-typetree-allocator-block-size=2097152"
    "memorysetup-profiler-bucket-allocator-granularity=16"
    "memorysetup-profiler-bucket-allocator-bucket-count=8"
    "memorysetup-profiler-bucket-allocator-block-size=33554432"
    "memorysetup-profiler-bucket-allocator-block-count=8"
    "memorysetup-profiler-allocator-block-size=16777216"
    "memorysetup-profiler-editor-allocator-block-size=1048576"
    "memorysetup-temp-allocator-size-main=16777216"
    "memorysetup-job-temp-allocator-block-size=2097152"
    "memorysetup-job-temp-allocator-block-size-background=1048576"
    "memorysetup-job-temp-allocator-reduction-small-platforms=262144"
    "memorysetup-temp-allocator-size-background-worker=32768"
    "memorysetup-temp-allocator-size-job-worker=262144"
    "memorysetup-temp-allocator-size-preload-manager=33554432"
    "memorysetup-temp-allocator-size-nav-mesh-worker=65536"
    "memorysetup-temp-allocator-size-audio-worker=65536"
    "memorysetup-temp-allocator-size-cloud-worker=32768"
    "memorysetup-temp-allocator-size-gi-baking-worker=262144"
    "memorysetup-temp-allocator-size-gfx=262144"
Player connection [21112] Host "[IP] 192.168.56.1 [Port] 0 [Flags] 2 [Guid] 1769223737 [EditorId] 1769223737 [Version] 1048832 [Id] WindowsEditor(7,LAPTOP-42ANUGFD) [Debug] 1 [PackageName] WindowsEditor [ProjectName] Editor" joined multi-casting on [225.0.0.222:54997]...

Player connection [21112] Host "[IP] 192.168.56.1 [Port] 0 [Flags] 2 [Guid] 1769223737 [EditorId] 1769223737 [Version] 1048832 [Id] WindowsEditor(7,LAPTOP-42ANUGFD) [Debug] 1 [PackageName] WindowsEditor [ProjectName] Editor" joined alternative multi-casting on [225.0.0.222:34997]...

[Physics::Module] Initialized MultithreadedJobDispatcher with {0} workers.
Refreshing native plugins compatible for Editor in 512.75 ms, found 3 plugins.
Preloading 0 native plugins for Editor in 0.00 ms.
Initialize engine version: 2021.3.31f1 (3409e2af086f)
[Subsystems] Discovering subsystems at path C:/Program Files/Unity/Hub/Editor/2021.3.31f1/Editor/Data/Resources/UnitySubsystems
[Subsystems] Discovering subsystems at path C:/Users/pinza/Documents/GitHub/IMR_Project/Assets
GfxDevice: creating device client; threaded=0; jobified=0
Direct3D:
    Version:  Direct3D 11.0 [level 11.1]
    Renderer: AMD Radeon(TM) Graphics (ID=0x164c)
    Vendor:   ATI
    VRAM:     3751 MB
    Driver:   27.20.15002.118
Initialize mono
Mono path[0] = 'C:/Program Files/Unity/Hub/Editor/2021.3.31f1/Editor/Data/Managed'
Mono path[1] = 'C:/Program Files/Unity/Hub/Editor/2021.3.31f1/Editor/Data/MonoBleedingEdge/lib/mono/unityjit-win32'
Mono config path = 'C:/Program Files/Unity/Hub/Editor/2021.3.31f1/Editor/Data/MonoBleedingEdge/etc'
Using monoOptions --debugger-agent=transport=dt_socket,embedding=1,server=y,suspend=n,address=127.0.0.1:56448
Begin MonoManager ReloadAssembly
Registering precompiled unity dll's ...
Register platform support module: C:/Program Files/Unity/Hub/Editor/2021.3.31f1/Editor/Data/PlaybackEngines/WindowsStandaloneSupport/UnityEditor.WindowsStandalone.Extensions.dll
Registered in 0.275484 seconds.
Native extension for WindowsStandalone target not found
Refreshing native plugins compatible for Editor in 308.76 ms, found 3 plugins.
Preloading 0 native plugins for Editor in 0.00 ms.
Mono: successfully reloaded assembly
- Completed reload, in 19.566 seconds
Domain Reload Profiling:
	ReloadAssembly (19568ms)
		BeginReloadAssembly (14429ms)
			ExecutionOrderSort (0ms)
			DisableScriptedObjects (0ms)
			BackupInstance (0ms)
			ReleaseScriptingObjects (0ms)
			CreateAndSetChildDomain (3ms)
		EndReloadAssembly (3878ms)
			LoadAssemblies (14415ms)
			RebuildTransferFunctionScriptingTraits (1ms)
			SetupTypeCache (2359ms)
			ReleaseScriptCaches (0ms)
			RebuildScriptCaches (141ms)
			SetupLoadedEditorAssemblies (1172ms)
				LogAssemblyErrors (0ms)
				InitializePlatformSupportModulesInManaged (30ms)
				SetLoadedEditorAssemblies (1ms)
				RefreshPlugins (309ms)
				BeforeProcessingInitializeOnLoad (5ms)
				ProcessInitializeOnLoadAttributes (648ms)
				ProcessInitializeOnLoadMethodAttributes (179ms)
				AfterProcessingInitializeOnLoad (0ms)
				EditorAssembliesLoaded (0ms)
			ExecutionOrderSort2 (0ms)
			AwakeInstancesAfterBackupRestoration (0ms)
Platform modules already initialized, skipping
Registering precompiled user dll's ...
Registered in 3.859981 seconds.
Begin MonoManager ReloadAssembly
Native extension for WindowsStandalone target not found
Refreshing native plugins compatible for Editor in 6.33 ms, found 3 plugins.
Preloading 0 native plugins for Editor in 0.00 ms.
Package Manager log level set to [2]
[Package Manager] Server::EnsureServerProcessIsRunning -- launch failed, reason: Unity was launched with the -noUpm command-line argument
[Package Manager] Cannot connect to Unity Package Manager local server
Mono: successfully reloaded assembly
- Completed reload, in 13.694 seconds
Domain Reload Profiling:
	ReloadAssembly (13705ms)
		BeginReloadAssembly (703ms)
			ExecutionOrderSort (0ms)
			DisableScriptedObjects (47ms)
			BackupInstance (0ms)
			ReleaseScriptingObjects (1ms)
			CreateAndSetChildDomain (96ms)
		EndReloadAssembly (12472ms)
			LoadAssemblies (7356ms)
			RebuildTransferFunctionScriptingTraits (0ms)
			SetupTypeCache (2662ms)
			ReleaseScriptCaches (2ms)
			RebuildScriptCaches (211ms)
			SetupLoadedEditorAssemblies (2301ms)
				LogAssemblyErrors (0ms)
				InitializePlatformSupportModulesInManaged (34ms)
				SetLoadedEditorAssemblies (4ms)
				RefreshPlugins (7ms)
				BeforeProcessingInitializeOnLoad (316ms)
				ProcessInitializeOnLoadAttributes (1822ms)
				ProcessInitializeOnLoadMethodAttributes (90ms)
				AfterProcessingInitializeOnLoad (26ms)
				EditorAssembliesLoaded (1ms)
			ExecutionOrderSort2 (0ms)
			AwakeInstancesAfterBackupRestoration (25ms)
Platform modules already initialized, skipping
========================================================================
Worker process is ready to serve import requests
Launched and connected shader compiler UnityShaderCompiler.exe after 1.09 seconds
Refreshing native plugins compatible for Editor in 1.89 ms, found 3 plugins.
Preloading 0 native plugins for Editor in 0.00 ms.
Unloading 3066 Unused Serialized files (Serialized files now loaded: 0)
Unloading 23 unused Assets / (46.7 KB). Loaded Objects now: 3527.
Memory consumption went from 108.7 MB to 108.6 MB.
Total: 17.823000 ms (FindLiveObjects: 5.361100 ms CreateObjectMapping: 1.873400 ms MarkObjects: 10.291000 ms  DeleteObjects: 0.292900 ms)

AssetImportParameters requested are different than current active one (requested -> active):
  custom:video-decoder-ogg-theora: a1e56fd34408186e4bbccfd4996cb3dc -> 
  custom:container-muxer-webm: aa71ff27fc2769a1b78a27578f13a17b -> 
  custom:container-demuxer-webm: 4f35f7cbe854078d1ac9338744f61a02 -> 
  custom:video-encoder-webm-vp8: eb34c28f22e8b96e1ab97ce403110664 -> 
  custom:CustomObjectIndexerAttribute: bc11b3a6c3213fcdd17b65e7da85e133 -> 
  custom:audio-encoder-webm-vorbis: bf7c407c2cedff20999df2af8eb42d56 -> 
  custom:framework-win-MediaFoundation: 216162199b28c13a410421893ffa2e32 -> 
  custom:SearchIndexIgnoredProperties: e643bd26f0fe6173181afceb89e7c659 -> 
  custom:container-demuxer-ogg: 62fdf1f143b41e24485cea50d1cbac27 -> 
  custom:video-decoder-webm-vp8: 9c59270c3fd7afecdb556c50c9e8de78 -> 
  custom:audio-decoder-ogg-vorbis: bf7c407c2cedff20999df2af8eb42d56 -> 
========================================================================
Received Import Request.
  Time since last request: 197955.051733 seconds.
  path: Assets/Materials/Banswara-white.mat
  artifactKey: Guid(d3cc7099726c8eb408f6b872540f2f50) Importer(815301076,1909f56bfc062723c751e8b465ee728b)
Number of updated assets reloaded before import = 0
Start importing Assets/Materials/Banswara-white.mat using Guid(d3cc7099726c8eb408f6b872540f2f50) Importer(815301076,1909f56bfc062723c751e8b465ee728b)  -> (artifact id: '118f3dc998410122c70598e05a690b0f') in 1.050661 seconds 
Number of asset objects unloaded after import = 2
========================================================================
Received Import Request.
  Time since last request: 0.000089 seconds.
  path: Assets/Materials/medieval_blocks_03_nor_gl_4k.mat
  artifactKey: Guid(d62d19aec9adf7449949b527176de01a) Importer(815301076,1909f56bfc062723c751e8b465ee728b)
Number of updated assets reloaded before import = 0
Start importing Assets/Materials/medieval_blocks_03_nor_gl_4k.mat using Guid(d62d19aec9adf7449949b527176de01a) Importer(815301076,1909f56bfc062723c751e8b465ee728b)  -> (artifact id: 'ea886210f8724bb14653c1b41fbfb634') in 0.121827 seconds 
Number of asset objects unloaded after import = 2
========================================================================
Received Import Request.
  Time since last request: 0.000214 seconds.
  path: Assets/Materials/medieval_blocks_03_diff_4k.mat
  artifactKey: Guid(1b86666aab2010042851f19615071f00) Importer(815301076,1909f56bfc062723c751e8b465ee728b)
Number of updated assets reloaded before import = 0
Start importing Assets/Materials/medieval_blocks_03_diff_4k.mat using Guid(1b86666aab2010042851f19615071f00) Importer(815301076,1909f56bfc062723c751e8b465ee728b)  -> (artifact id: '8259b753f232fb81c6d379323ad8f7b4') in 0.082158 seconds 
Number of asset objects unloaded after import = 2
========================================================================
Received Import Request.
  Time since last request: 0.000047 seconds.
  path: Assets/Materials/patterned_brick_wall_diff_4k.mat
  artifactKey: Guid(76039a7745f215446993685a996ce85d) Importer(815301076,1909f56bfc062723c751e8b465ee728b)
Number of updated assets reloaded before import = 0
Start importing Assets/Materials/patterned_brick_wall_diff_4k.mat using Guid(76039a7745f215446993685a996ce85d) Importer(815301076,1909f56bfc062723c751e8b465ee728b)  -> (artifact id: '4b2a7ba7426e8a76e14a279697737744') in 0.075098 seconds 
Number of asset objects unloaded after import = 2
========================================================================
Received Import Request.
  Time since last request: 0.000054 seconds.
  path: Assets/Materials/Subtle Woodgrain Plum on Dark Purple 1.mat
  artifactKey: Guid(c8aaf3f9a0248f14ab26c5094ac60e04) Importer(815301076,1909f56bfc062723c751e8b465ee728b)
Number of updated assets reloaded before import = 0
Start importing Assets/Materials/Subtle Woodgrain Plum on Dark Purple 1.mat using Guid(c8aaf3f9a0248f14ab26c5094ac60e04) Importer(815301076,1909f56bfc062723c751e8b465ee728b)  -> (artifact id: 'b85305f9ec241a871668a2793d11095f') in 0.064571 seconds 
Number of asset objects unloaded after import = 2
========================================================================
Received Import Request.
  Time since last request: 0.000115 seconds.
  path: Assets/Materials/blackleather.mat
  artifactKey: Guid(5de0780d8a36d7c42a48b4322582647a) Importer(815301076,1909f56bfc062723c751e8b465ee728b)
Number of updated assets reloaded before import = 0
Start importing Assets/Materials/blackleather.mat using Guid(5de0780d8a36d7c42a48b4322582647a) Importer(815301076,1909f56bfc062723c751e8b465ee728b)  -> (artifact id: '001077cd915861cddc2ebcea6acb5283') in 0.077358 seconds 
Number of asset objects unloaded after import = 2
========================================================================
Received Import Request.
  Time since last request: 0.000076 seconds.
  path: Assets/Materials/BeerTapAO.mat
  artifactKey: Guid(e3a1418f1149f694daf6232140419669) Importer(815301076,1909f56bfc062723c751e8b465ee728b)
Number of updated assets reloaded before import = 0
Start importing Assets/Materials/BeerTapAO.mat using Guid(e3a1418f1149f694daf6232140419669) Importer(815301076,1909f56bfc062723c751e8b465ee728b)  -> (artifact id: '6ce7fae8d5a768ee605fda26e438c6b5') in 0.053246 seconds 
Number of asset objects unloaded after import = 1
========================================================================
Received Import Request.
  Time since last request: 0.000041 seconds.
  path: Assets/Materials/green-old-wood-background_64049-276.mat
  artifactKey: Guid(6ef080f0b6e0b1442a4a45b25992800f) Importer(815301076,1909f56bfc062723c751e8b465ee728b)
Number of updated assets reloaded before import = 0
Start importing Assets/Materials/green-old-wood-background_64049-276.mat using Guid(6ef080f0b6e0b1442a4a45b25992800f) Importer(815301076,1909f56bfc062723c751e8b465ee728b)  -> (artifact id: 'b950893494890b0618d2a5d4f5cf6b8c') in 0.067959 seconds 
Number of asset objects unloaded after import = 2
Editor requested this worker to shutdown with reason: Scaling down because of idle timeout
AssetImportWorker is now disconnected from the server
Process exiting
Exiting without the bug reporter. Application will terminate with return code 0