Using pre-set license
Built from '2021.3/staging' branch; Version is '2021.3.31f1 (3409e2af086f) revision 3410402'; Using compiler version '192829333'; Build Type 'Release'
OS: 'Windows 10  (10.0.19045) 64bit Core' Language: 'ro' Physical Memory: 7502 MB
BatchMode: 1, IsHumanControllingUs: 0, StartBugReporterOnCrash: 0, Is64bit: 1, IsPro: 1

COMMAND LINE ARGUMENTS:
C:\Program Files\Unity\Hub\Editor\2021.3.31f1\Editor\Unity.exe
-adb2
-batchMode
-noUpm
-name
AssetImportWorker62
-projectPath
C:/Users/pinza/Documents/GitHub/IMR_Project
-logFile
Logs/AssetImportWorker62.log
-srvPort
50272
Successfully changed project path to: C:/Users/pinza/Documents/GitHub/IMR_Project
C:/Users/pinza/Documents/GitHub/IMR_Project
[UnityMemory] Configuration Parameters - Can be set up in boot.config
    "memorysetup-bucket-allocator-granularity=16"
    "memorysetup-bucket-allocator-bucket-count=8"
    "memorysetup-bucket-allocator-block-size=33554432"
    "memorysetup-bucket-allocator-block-count=8"
    "memorysetup-main-allocator-block-size=16777216"
    "memorysetup-thread-allocator-block-size=16777216"
    "memorysetup-gfx-main-allocator-block-size=16777216"
    "memorysetup-gfx-thread-allocator-block-size=16777216"
    "memorysetup-cache-allocator-block-size=4194304"
    "memorysetup-typetree-allocator-block-size=2097152"
    "memorysetup-profiler-bucket-allocator-granularity=16"
    "memorysetup-profiler-bucket-allocator-bucket-count=8"
    "memorysetup-profiler-bucket-allocator-block-size=33554432"
    "memorysetup-profiler-bucket-allocator-block-count=8"
    "memorysetup-profiler-allocator-block-size=16777216"
    "memorysetup-profiler-editor-allocator-block-size=1048576"
    "memorysetup-temp-allocator-size-main=16777216"
    "memorysetup-job-temp-allocator-block-size=2097152"
    "memorysetup-job-temp-allocator-block-size-background=1048576"
    "memorysetup-job-temp-allocator-reduction-small-platforms=262144"
    "memorysetup-temp-allocator-size-background-worker=32768"
    "memorysetup-temp-allocator-size-job-worker=262144"
    "memorysetup-temp-allocator-size-preload-manager=33554432"
    "memorysetup-temp-allocator-size-nav-mesh-worker=65536"
    "memorysetup-temp-allocator-size-audio-worker=65536"
    "memorysetup-temp-allocator-size-cloud-worker=32768"
    "memorysetup-temp-allocator-size-gi-baking-worker=262144"
    "memorysetup-temp-allocator-size-gfx=262144"
Player connection [23064] Host "[IP] 192.168.56.1 [Port] 0 [Flags] 2 [Guid] 4219621264 [EditorId] 4219621264 [Version] 1048832 [Id] WindowsEditor(7,LAPTOP-42ANUGFD) [Debug] 1 [PackageName] WindowsEditor [ProjectName] Editor" joined multi-casting on [225.0.0.222:54997]...

Player connection [23064] Host "[IP] 192.168.56.1 [Port] 0 [Flags] 2 [Guid] 4219621264 [EditorId] 4219621264 [Version] 1048832 [Id] WindowsEditor(7,LAPTOP-42ANUGFD) [Debug] 1 [PackageName] WindowsEditor [ProjectName] Editor" joined alternative multi-casting on [225.0.0.222:34997]...

[Physics::Module] Initialized MultithreadedJobDispatcher with {0} workers.
Refreshing native plugins compatible for Editor in 104.38 ms, found 3 plugins.
Preloading 0 native plugins for Editor in 0.00 ms.
Initialize engine version: 2021.3.31f1 (3409e2af086f)
[Subsystems] Discovering subsystems at path C:/Program Files/Unity/Hub/Editor/2021.3.31f1/Editor/Data/Resources/UnitySubsystems
[Subsystems] Discovering subsystems at path C:/Users/pinza/Documents/GitHub/IMR_Project/Assets
GfxDevice: creating device client; threaded=0; jobified=0
Direct3D:
    Version:  Direct3D 11.0 [level 11.1]
    Renderer: AMD Radeon(TM) Graphics (ID=0x164c)
    Vendor:   ATI
    VRAM:     3751 MB
    Driver:   27.20.15002.118
Initialize mono
Mono path[0] = 'C:/Program Files/Unity/Hub/Editor/2021.3.31f1/Editor/Data/Managed'
Mono path[1] = 'C:/Program Files/Unity/Hub/Editor/2021.3.31f1/Editor/Data/MonoBleedingEdge/lib/mono/unityjit-win32'
Mono config path = 'C:/Program Files/Unity/Hub/Editor/2021.3.31f1/Editor/Data/MonoBleedingEdge/etc'
Using monoOptions --debugger-agent=transport=dt_socket,embedding=1,server=y,suspend=n,address=127.0.0.1:56832
Begin MonoManager ReloadAssembly
Registering precompiled unity dll's ...
Register platform support module: C:/Program Files/Unity/Hub/Editor/2021.3.31f1/Editor/Data/PlaybackEngines/WindowsStandaloneSupport/UnityEditor.WindowsStandalone.Extensions.dll
Registered in 0.007541 seconds.
Native extension for WindowsStandalone target not found
Refreshing native plugins compatible for Editor in 73.98 ms, found 3 plugins.
Preloading 0 native plugins for Editor in 0.00 ms.
Mono: successfully reloaded assembly
- Completed reload, in  0.852 seconds
Domain Reload Profiling:
	ReloadAssembly (853ms)
		BeginReloadAssembly (136ms)
			ExecutionOrderSort (0ms)
			DisableScriptedObjects (0ms)
			BackupInstance (0ms)
			ReleaseScriptingObjects (0ms)
			CreateAndSetChildDomain (1ms)
		EndReloadAssembly (584ms)
			LoadAssemblies (133ms)
			RebuildTransferFunctionScriptingTraits (0ms)
			SetupTypeCache (149ms)
			ReleaseScriptCaches (0ms)
			RebuildScriptCaches (41ms)
			SetupLoadedEditorAssemblies (344ms)
				LogAssemblyErrors (0ms)
				InitializePlatformSupportModulesInManaged (12ms)
				SetLoadedEditorAssemblies (0ms)
				RefreshPlugins (74ms)
				BeforeProcessingInitializeOnLoad (2ms)
				ProcessInitializeOnLoadAttributes (188ms)
				ProcessInitializeOnLoadMethodAttributes (68ms)
				AfterProcessingInitializeOnLoad (0ms)
				EditorAssembliesLoaded (0ms)
			ExecutionOrderSort2 (0ms)
			AwakeInstancesAfterBackupRestoration (0ms)
Platform modules already initialized, skipping
Registering precompiled user dll's ...
Registered in 0.005802 seconds.
Begin MonoManager ReloadAssembly
Native extension for WindowsStandalone target not found
Refreshing native plugins compatible for Editor in 0.91 ms, found 3 plugins.
Preloading 0 native plugins for Editor in 0.00 ms.
Package Manager log level set to [2]
[Package Manager] Server::EnsureServerProcessIsRunning -- launch failed, reason: Unity was launched with the -noUpm command-line argument
[Package Manager] Cannot connect to Unity Package Manager local server
Mono: successfully reloaded assembly
- Completed reload, in  1.797 seconds
Domain Reload Profiling:
	ReloadAssembly (1798ms)
		BeginReloadAssembly (171ms)
			ExecutionOrderSort (0ms)
			DisableScriptedObjects (7ms)
			BackupInstance (0ms)
			ReleaseScriptingObjects (0ms)
			CreateAndSetChildDomain (26ms)
		EndReloadAssembly (1495ms)
			LoadAssemblies (167ms)
			RebuildTransferFunctionScriptingTraits (0ms)
			SetupTypeCache (320ms)
			ReleaseScriptCaches (1ms)
			RebuildScriptCaches (74ms)
			SetupLoadedEditorAssemblies (926ms)
				LogAssemblyErrors (0ms)
				InitializePlatformSupportModulesInManaged (7ms)
				SetLoadedEditorAssemblies (1ms)
				RefreshPlugins (1ms)
				BeforeProcessingInitializeOnLoad (100ms)
				ProcessInitializeOnLoadAttributes (782ms)
				ProcessInitializeOnLoadMethodAttributes (27ms)
				AfterProcessingInitializeOnLoad (8ms)
				EditorAssembliesLoaded (1ms)
			ExecutionOrderSort2 (0ms)
			AwakeInstancesAfterBackupRestoration (8ms)
Platform modules already initialized, skipping
========================================================================
Worker process is ready to serve import requests
Launched and connected shader compiler UnityShaderCompiler.exe after 0.08 seconds
Refreshing native plugins compatible for Editor in 0.79 ms, found 3 plugins.
Preloading 0 native plugins for Editor in 0.00 ms.
Unloading 3066 Unused Serialized files (Serialized files now loaded: 0)
Unloading 23 unused Assets / (46.7 KB). Loaded Objects now: 3527.
Memory consumption went from 108.7 MB to 108.6 MB.
Total: 3.632800 ms (FindLiveObjects: 0.395000 ms CreateObjectMapping: 0.101200 ms MarkObjects: 3.013100 ms  DeleteObjects: 0.122100 ms)

AssetImportParameters requested are different than current active one (requested -> active):
  custom:video-decoder-ogg-theora: a1e56fd34408186e4bbccfd4996cb3dc -> 
  custom:container-muxer-webm: aa71ff27fc2769a1b78a27578f13a17b -> 
  custom:container-demuxer-webm: 4f35f7cbe854078d1ac9338744f61a02 -> 
  custom:video-encoder-webm-vp8: eb34c28f22e8b96e1ab97ce403110664 -> 
  custom:CustomObjectIndexerAttribute: bc11b3a6c3213fcdd17b65e7da85e133 -> 
  custom:audio-encoder-webm-vorbis: bf7c407c2cedff20999df2af8eb42d56 -> 
  custom:framework-win-MediaFoundation: 216162199b28c13a410421893ffa2e32 -> 
  custom:SearchIndexIgnoredProperties: e643bd26f0fe6173181afceb89e7c659 -> 
  custom:container-demuxer-ogg: 62fdf1f143b41e24485cea50d1cbac27 -> 
  custom:video-decoder-webm-vp8: 9c59270c3fd7afecdb556c50c9e8de78 -> 
  custom:audio-decoder-ogg-vorbis: bf7c407c2cedff20999df2af8eb42d56 -> 
========================================================================
Received Import Request.
  Time since last request: 204736.791291 seconds.
  path: Assets/Mobilier/texturi_mobilier/fotoliu_.jpg
  artifactKey: Guid(7fc294b57b8df304b843cc7f97bf2d3d) Importer(815301076,1909f56bfc062723c751e8b465ee728b)
Number of updated assets reloaded before import = 0
Start importing Assets/Mobilier/texturi_mobilier/fotoliu_.jpg using Guid(7fc294b57b8df304b843cc7f97bf2d3d) Importer(815301076,1909f56bfc062723c751e8b465ee728b)  -> (artifact id: '953fed6e8a1cd8f46f4deb46995b83b0') in 0.282886 seconds 
Number of asset objects unloaded after import = 2
========================================================================
Received Import Request.
  Time since last request: 0.000120 seconds.
  path: Assets/Mobilier/texturi_mobilier/walnut_roughness.jpg
  artifactKey: Guid(03a32dbd606fadb4a862769909c1d24f) Importer(815301076,1909f56bfc062723c751e8b465ee728b)
Number of updated assets reloaded before import = 0
Start importing Assets/Mobilier/texturi_mobilier/walnut_roughness.jpg using Guid(03a32dbd606fadb4a862769909c1d24f) Importer(815301076,1909f56bfc062723c751e8b465ee728b)  -> (artifact id: 'a38f08e519ba21e781dbe5d43bf3ed94') in 0.040369 seconds 
Number of asset objects unloaded after import = 2
========================================================================
Received Import Request.
  Time since last request: 0.000103 seconds.
  path: Assets/Mobilier/texturi_mobilier/gold_color.png
  artifactKey: Guid(7bdbe5ba97e15534cbc9b2e673c4ec39) Importer(815301076,1909f56bfc062723c751e8b465ee728b)
Number of updated assets reloaded before import = 0
Start importing Assets/Mobilier/texturi_mobilier/gold_color.png using Guid(7bdbe5ba97e15534cbc9b2e673c4ec39) Importer(815301076,1909f56bfc062723c751e8b465ee728b)  -> (artifact id: '9cad4bda0218d78a8cfe9edc3641502b') in 0.069915 seconds 
Number of asset objects unloaded after import = 2
========================================================================
Received Import Request.
  Time since last request: 0.000530 seconds.
  path: Assets/Mobilier/texturi_mobilier/stone_diff.jpg
  artifactKey: Guid(965783adc1dd5094e8f1436906d6e4d4) Importer(815301076,1909f56bfc062723c751e8b465ee728b)
Number of updated assets reloaded before import = 0
Start importing Assets/Mobilier/texturi_mobilier/stone_diff.jpg using Guid(965783adc1dd5094e8f1436906d6e4d4) Importer(815301076,1909f56bfc062723c751e8b465ee728b)  -> (artifact id: '8f160508d6e83f79fcd3f92964c39ac5') in 0.046791 seconds 
Number of asset objects unloaded after import = 2
========================================================================
Received Import Request.
  Time since last request: 0.000046 seconds.
  path: Assets/Mobilier/texturi_mobilier/stone_normal-min.jpg
  artifactKey: Guid(548c2070305763b41b2f4720250023a4) Importer(815301076,1909f56bfc062723c751e8b465ee728b)
Number of updated assets reloaded before import = 0
Start importing Assets/Mobilier/texturi_mobilier/stone_normal-min.jpg using Guid(548c2070305763b41b2f4720250023a4) Importer(815301076,1909f56bfc062723c751e8b465ee728b)  -> (artifact id: '8c8f712204308f422ec64eaefe6ad78f') in 0.038561 seconds 
Number of asset objects unloaded after import = 2
========================================================================
Received Import Request.
  Time since last request: 0.000046 seconds.
  path: Assets/Mobilier/texturi_mobilier/walnut_normal 1.jpg
  artifactKey: Guid(2bf3b62702477134d9d44e344734b9c1) Importer(815301076,1909f56bfc062723c751e8b465ee728b)
Number of updated assets reloaded before import = 0
Start importing Assets/Mobilier/texturi_mobilier/walnut_normal 1.jpg using Guid(2bf3b62702477134d9d44e344734b9c1) Importer(815301076,1909f56bfc062723c751e8b465ee728b)  -> (artifact id: 'bce91f895d0d8a867fc67808c71c5b6f') in 0.034159 seconds 
Number of asset objects unloaded after import = 2
========================================================================
Received Import Request.
  Time since last request: 0.000059 seconds.
  path: Assets/Mobilier/texturi_mobilier/t_normal.jpg
  artifactKey: Guid(93e18f31125ab974385745ff29ec77df) Importer(815301076,1909f56bfc062723c751e8b465ee728b)
Number of updated assets reloaded before import = 0
Start importing Assets/Mobilier/texturi_mobilier/t_normal.jpg using Guid(93e18f31125ab974385745ff29ec77df) Importer(815301076,1909f56bfc062723c751e8b465ee728b)  -> (artifact id: 'bcd6a48eed71b392234772a569cf622f') in 0.052183 seconds 
Number of asset objects unloaded after import = 2
========================================================================
Received Import Request.
  Time since last request: 0.000160 seconds.
  path: Assets/Mobilier/texturi_mobilier/woodceiling_roughness.jpg
  artifactKey: Guid(13c486769261a58489d0857f59463183) Importer(815301076,1909f56bfc062723c751e8b465ee728b)
Number of updated assets reloaded before import = 0
Start importing Assets/Mobilier/texturi_mobilier/woodceiling_roughness.jpg using Guid(13c486769261a58489d0857f59463183) Importer(815301076,1909f56bfc062723c751e8b465ee728b)  -> (artifact id: '6b9023588e5cb9d940870e0e5babf432') in 0.050417 seconds 
Number of asset objects unloaded after import = 2
========================================================================
Received Import Request.
  Time since last request: 0.000052 seconds.
  path: Assets/Mobilier/texturi_mobilier/t_roughness.jpg
  artifactKey: Guid(e0169ed3e5bcf9e4ebc0f93b9b909eb3) Importer(815301076,1909f56bfc062723c751e8b465ee728b)
Number of updated assets reloaded before import = 0
Start importing Assets/Mobilier/texturi_mobilier/t_roughness.jpg using Guid(e0169ed3e5bcf9e4ebc0f93b9b909eb3) Importer(815301076,1909f56bfc062723c751e8b465ee728b)  -> (artifact id: 'ba7657010d5296ebfbe454916e322b24') in 0.049198 seconds 
Number of asset objects unloaded after import = 2
========================================================================
Received Import Request.
  Time since last request: 0.001052 seconds.
  path: Assets/Mobilier/texturi_mobilier/s_normal.jpg
  artifactKey: Guid(1d6d05a5fc753ec4d88e85141edbd862) Importer(815301076,1909f56bfc062723c751e8b465ee728b)
Number of updated assets reloaded before import = 0
Start importing Assets/Mobilier/texturi_mobilier/s_normal.jpg using Guid(1d6d05a5fc753ec4d88e85141edbd862) Importer(815301076,1909f56bfc062723c751e8b465ee728b)  -> (artifact id: 'd96f33703f80e67fdd9c72bce36dfc52') in 0.048398 seconds 
Number of asset objects unloaded after import = 2
========================================================================
Received Import Request.
  Time since last request: 0.000060 seconds.
  path: Assets/Mobilier/texturi_mobilier/masa_lateral_normal 1.jpg
  artifactKey: Guid(38e3eb6deb2b12a42940038cd39a673c) Importer(815301076,1909f56bfc062723c751e8b465ee728b)
Number of updated assets reloaded before import = 0
Start importing Assets/Mobilier/texturi_mobilier/masa_lateral_normal 1.jpg using Guid(38e3eb6deb2b12a42940038cd39a673c) Importer(815301076,1909f56bfc062723c751e8b465ee728b)  -> (artifact id: '95af42ac9932e8dbb3fca1bbf3f2d4d4') in 0.041972 seconds 
Number of asset objects unloaded after import = 2
========================================================================
Received Import Request.
  Time since last request: 0.000185 seconds.
  path: Assets/Mobilier/texturi_mobilier/gold_metallic.png
  artifactKey: Guid(b6bab16919d079d4a94cbbd3d6b209eb) Importer(815301076,1909f56bfc062723c751e8b465ee728b)
Number of updated assets reloaded before import = 0
Start importing Assets/Mobilier/texturi_mobilier/gold_metallic.png using Guid(b6bab16919d079d4a94cbbd3d6b209eb) Importer(815301076,1909f56bfc062723c751e8b465ee728b)  -> (artifact id: 'cd58ec182b7e64e0287c83ffb55f4bea') in 0.045158 seconds 
Number of asset objects unloaded after import = 2
========================================================================
Received Import Request.
  Time since last request: 0.000111 seconds.
  path: Assets/Mobilier/texturi_mobilier/masa_lateral_color.jpg
  artifactKey: Guid(8d04157941f12814c8f7802df08093fd) Importer(815301076,1909f56bfc062723c751e8b465ee728b)
Number of updated assets reloaded before import = 0
Start importing Assets/Mobilier/texturi_mobilier/masa_lateral_color.jpg using Guid(8d04157941f12814c8f7802df08093fd) Importer(815301076,1909f56bfc062723c751e8b465ee728b)  -> (artifact id: 'f6e1814dae102e1fa30cb698133bf094') in 0.096621 seconds 
Number of asset objects unloaded after import = 2
========================================================================
Received Import Request.
  Time since last request: 0.000348 seconds.
  path: Assets/Mobilier/texturi_mobilier/Wood Floor_BaseColor.jpg
  artifactKey: Guid(20cd7de1c3067c1488acb53b33e99bb2) Importer(815301076,1909f56bfc062723c751e8b465ee728b)
Number of updated assets reloaded before import = 0
Start importing Assets/Mobilier/texturi_mobilier/Wood Floor_BaseColor.jpg using Guid(20cd7de1c3067c1488acb53b33e99bb2) Importer(815301076,1909f56bfc062723c751e8b465ee728b)  -> (artifact id: '360a8ff1e777eaf3dc0895e0fbb83454') in 0.079248 seconds 
Number of asset objects unloaded after import = 2
========================================================================
Received Import Request.
  Time since last request: 0.000073 seconds.
  path: Assets/Mobilier/texturi_mobilier/s_roughnesx.jpg
  artifactKey: Guid(79e3722859479e540a840902439266a8) Importer(815301076,1909f56bfc062723c751e8b465ee728b)
Number of updated assets reloaded before import = 0
Start importing Assets/Mobilier/texturi_mobilier/s_roughnesx.jpg using Guid(79e3722859479e540a840902439266a8) Importer(815301076,1909f56bfc062723c751e8b465ee728b)  -> (artifact id: '669e7ff11b7e404cc738962c536635e1') in 0.030222 seconds 
Number of asset objects unloaded after import = 2
========================================================================
Received Import Request.
  Time since last request: 0.000070 seconds.
  path: Assets/Mobilier/texturi_mobilier/woodceiling_height.jpg
  artifactKey: Guid(440a96e51360c0b4aa11828b8f408a06) Importer(815301076,1909f56bfc062723c751e8b465ee728b)
Number of updated assets reloaded before import = 0
Start importing Assets/Mobilier/texturi_mobilier/woodceiling_height.jpg using Guid(440a96e51360c0b4aa11828b8f408a06) Importer(815301076,1909f56bfc062723c751e8b465ee728b)  -> (artifact id: 'a5bcb4779ced1ec33405c8c7d080707c') in 0.068201 seconds 
Number of asset objects unloaded after import = 2
========================================================================
Received Import Request.
  Time since last request: 0.000062 seconds.
  path: Assets/Mobilier/texturi_mobilier/woodceiling_normal.png
  artifactKey: Guid(19463390a7541614eb2b05f37995cb52) Importer(815301076,1909f56bfc062723c751e8b465ee728b)
Number of updated assets reloaded before import = 0
Start importing Assets/Mobilier/texturi_mobilier/woodceiling_normal.png using Guid(19463390a7541614eb2b05f37995cb52) Importer(815301076,1909f56bfc062723c751e8b465ee728b)  -> (artifact id: '5b8d8f806f37d97e977a634f8f0f8ee6') in 0.111353 seconds 
Number of asset objects unloaded after import = 2
========================================================================
Received Import Request.
  Time since last request: 0.000080 seconds.
  path: Assets/Mobilier/texturi_mobilier/lemn_roughness.jpg.jpg
  artifactKey: Guid(a5219488692d0514a87222027343a8e3) Importer(815301076,1909f56bfc062723c751e8b465ee728b)
Number of updated assets reloaded before import = 0
Start importing Assets/Mobilier/texturi_mobilier/lemn_roughness.jpg.jpg using Guid(a5219488692d0514a87222027343a8e3) Importer(815301076,1909f56bfc062723c751e8b465ee728b)  -> (artifact id: '2f500261731b2be7bb3a9adda3a8d814') in 0.058684 seconds 
Number of asset objects unloaded after import = 2
========================================================================
Received Import Request.
  Time since last request: 0.000103 seconds.
  path: Assets/Mobilier/texturi_mobilier/plane__BaseColor 1.jpg
  artifactKey: Guid(98651b90b2e522a4f8096b930f296e5e) Importer(815301076,1909f56bfc062723c751e8b465ee728b)
Number of updated assets reloaded before import = 0
Start importing Assets/Mobilier/texturi_mobilier/plane__BaseColor 1.jpg using Guid(98651b90b2e522a4f8096b930f296e5e) Importer(815301076,1909f56bfc062723c751e8b465ee728b)  -> (artifact id: '77b5ee40e32cef2f4d8e5ec69374983c') in 0.083293 seconds 
Number of asset objects unloaded after import = 2
========================================================================
Received Import Request.
  Time since last request: 59.074223 seconds.
  path: Assets/Mobilier/model/scaun_bar.fbx
  artifactKey: Guid(04d245ee8b88f8c43932910558139193) Importer(815301076,1909f56bfc062723c751e8b465ee728b)
Number of updated assets reloaded before import = 0
Start importing Assets/Mobilier/model/scaun_bar.fbx using Guid(04d245ee8b88f8c43932910558139193) Importer(815301076,1909f56bfc062723c751e8b465ee728b)  -> (artifact id: '3b7cb36a5194e760f0d86d65c4f283a9') in 0.285879 seconds 
Number of asset objects unloaded after import = 32
Editor requested this worker to shutdown with reason: Scaling down because of idle timeout
AssetImportWorker is now disconnected from the server
Process exiting
Exiting without the bug reporter. Application will terminate with return code 0