Using pre-set license
Built from '2021.3/staging' branch; Version is '2021.3.31f1 (3409e2af086f) revision 3410402'; Using compiler version '192829333'; Build Type 'Release'
OS: 'Windows 10  (10.0.19045) 64bit Core' Language: 'ro' Physical Memory: 7502 MB
BatchMode: 1, IsHumanControllingUs: 0, StartBugReporterOnCrash: 0, Is64bit: 1, IsPro: 1

COMMAND LINE ARGUMENTS:
C:\Program Files\Unity\Hub\Editor\2021.3.31f1\Editor\Unity.exe
-adb2
-batchMode
-noUpm
-name
AssetImportWorker61
-projectPath
C:/Users/pinza/Documents/GitHub/IMR_Project
-logFile
Logs/AssetImportWorker61.log
-srvPort
50272
Successfully changed project path to: C:/Users/pinza/Documents/GitHub/IMR_Project
C:/Users/pinza/Documents/GitHub/IMR_Project
[UnityMemory] Configuration Parameters - Can be set up in boot.config
    "memorysetup-bucket-allocator-granularity=16"
    "memorysetup-bucket-allocator-bucket-count=8"
    "memorysetup-bucket-allocator-block-size=33554432"
    "memorysetup-bucket-allocator-block-count=8"
    "memorysetup-main-allocator-block-size=16777216"
    "memorysetup-thread-allocator-block-size=16777216"
    "memorysetup-gfx-main-allocator-block-size=16777216"
    "memorysetup-gfx-thread-allocator-block-size=16777216"
    "memorysetup-cache-allocator-block-size=4194304"
    "memorysetup-typetree-allocator-block-size=2097152"
    "memorysetup-profiler-bucket-allocator-granularity=16"
    "memorysetup-profiler-bucket-allocator-bucket-count=8"
    "memorysetup-profiler-bucket-allocator-block-size=33554432"
    "memorysetup-profiler-bucket-allocator-block-count=8"
    "memorysetup-profiler-allocator-block-size=16777216"
    "memorysetup-profiler-editor-allocator-block-size=1048576"
    "memorysetup-temp-allocator-size-main=16777216"
    "memorysetup-job-temp-allocator-block-size=2097152"
    "memorysetup-job-temp-allocator-block-size-background=1048576"
    "memorysetup-job-temp-allocator-reduction-small-platforms=262144"
    "memorysetup-temp-allocator-size-background-worker=32768"
    "memorysetup-temp-allocator-size-job-worker=262144"
    "memorysetup-temp-allocator-size-preload-manager=33554432"
    "memorysetup-temp-allocator-size-nav-mesh-worker=65536"
    "memorysetup-temp-allocator-size-audio-worker=65536"
    "memorysetup-temp-allocator-size-cloud-worker=32768"
    "memorysetup-temp-allocator-size-gi-baking-worker=262144"
    "memorysetup-temp-allocator-size-gfx=262144"
Player connection [22192] Host "[IP] 192.168.56.1 [Port] 0 [Flags] 2 [Guid] 2385583391 [EditorId] 2385583391 [Version] 1048832 [Id] WindowsEditor(7,LAPTOP-42ANUGFD) [Debug] 1 [PackageName] WindowsEditor [ProjectName] Editor" joined multi-casting on [225.0.0.222:54997]...

Player connection [22192] Host "[IP] 192.168.56.1 [Port] 0 [Flags] 2 [Guid] 2385583391 [EditorId] 2385583391 [Version] 1048832 [Id] WindowsEditor(7,LAPTOP-42ANUGFD) [Debug] 1 [PackageName] WindowsEditor [ProjectName] Editor" joined alternative multi-casting on [225.0.0.222:34997]...

[Physics::Module] Initialized MultithreadedJobDispatcher with {0} workers.
Refreshing native plugins compatible for Editor in 93.54 ms, found 3 plugins.
Preloading 0 native plugins for Editor in 0.00 ms.
Initialize engine version: 2021.3.31f1 (3409e2af086f)
[Subsystems] Discovering subsystems at path C:/Program Files/Unity/Hub/Editor/2021.3.31f1/Editor/Data/Resources/UnitySubsystems
[Subsystems] Discovering subsystems at path C:/Users/pinza/Documents/GitHub/IMR_Project/Assets
GfxDevice: creating device client; threaded=0; jobified=0
Direct3D:
    Version:  Direct3D 11.0 [level 11.1]
    Renderer: AMD Radeon(TM) Graphics (ID=0x164c)
    Vendor:   ATI
    VRAM:     3751 MB
    Driver:   27.20.15002.118
Initialize mono
Mono path[0] = 'C:/Program Files/Unity/Hub/Editor/2021.3.31f1/Editor/Data/Managed'
Mono path[1] = 'C:/Program Files/Unity/Hub/Editor/2021.3.31f1/Editor/Data/MonoBleedingEdge/lib/mono/unityjit-win32'
Mono config path = 'C:/Program Files/Unity/Hub/Editor/2021.3.31f1/Editor/Data/MonoBleedingEdge/etc'
Using monoOptions --debugger-agent=transport=dt_socket,embedding=1,server=y,suspend=n,address=127.0.0.1:56712
Begin MonoManager ReloadAssembly
Registering precompiled unity dll's ...
Register platform support module: C:/Program Files/Unity/Hub/Editor/2021.3.31f1/Editor/Data/PlaybackEngines/WindowsStandaloneSupport/UnityEditor.WindowsStandalone.Extensions.dll
Registered in 0.007567 seconds.
Native extension for WindowsStandalone target not found
Refreshing native plugins compatible for Editor in 73.83 ms, found 3 plugins.
Preloading 0 native plugins for Editor in 0.00 ms.
Mono: successfully reloaded assembly
- Completed reload, in  0.852 seconds
Domain Reload Profiling:
	ReloadAssembly (853ms)
		BeginReloadAssembly (136ms)
			ExecutionOrderSort (0ms)
			DisableScriptedObjects (0ms)
			BackupInstance (0ms)
			ReleaseScriptingObjects (0ms)
			CreateAndSetChildDomain (1ms)
		EndReloadAssembly (584ms)
			LoadAssemblies (133ms)
			RebuildTransferFunctionScriptingTraits (0ms)
			SetupTypeCache (152ms)
			ReleaseScriptCaches (0ms)
			RebuildScriptCaches (40ms)
			SetupLoadedEditorAssemblies (344ms)
				LogAssemblyErrors (0ms)
				InitializePlatformSupportModulesInManaged (13ms)
				SetLoadedEditorAssemblies (0ms)
				RefreshPlugins (74ms)
				BeforeProcessingInitializeOnLoad (2ms)
				ProcessInitializeOnLoadAttributes (188ms)
				ProcessInitializeOnLoadMethodAttributes (68ms)
				AfterProcessingInitializeOnLoad (0ms)
				EditorAssembliesLoaded (0ms)
			ExecutionOrderSort2 (0ms)
			AwakeInstancesAfterBackupRestoration (0ms)
Platform modules already initialized, skipping
Registering precompiled user dll's ...
Registered in 0.006244 seconds.
Begin MonoManager ReloadAssembly
Native extension for WindowsStandalone target not found
Refreshing native plugins compatible for Editor in 0.79 ms, found 3 plugins.
Preloading 0 native plugins for Editor in 0.00 ms.
Package Manager log level set to [2]
[Package Manager] Server::EnsureServerProcessIsRunning -- launch failed, reason: Unity was launched with the -noUpm command-line argument
[Package Manager] Cannot connect to Unity Package Manager local server
Mono: successfully reloaded assembly
- Completed reload, in  1.800 seconds
Domain Reload Profiling:
	ReloadAssembly (1801ms)
		BeginReloadAssembly (165ms)
			ExecutionOrderSort (0ms)
			DisableScriptedObjects (7ms)
			BackupInstance (0ms)
			ReleaseScriptingObjects (0ms)
			CreateAndSetChildDomain (26ms)
		EndReloadAssembly (1503ms)
			LoadAssemblies (162ms)
			RebuildTransferFunctionScriptingTraits (0ms)
			SetupTypeCache (340ms)
			ReleaseScriptCaches (2ms)
			RebuildScriptCaches (74ms)
			SetupLoadedEditorAssemblies (911ms)
				LogAssemblyErrors (0ms)
				InitializePlatformSupportModulesInManaged (8ms)
				SetLoadedEditorAssemblies (1ms)
				RefreshPlugins (1ms)
				BeforeProcessingInitializeOnLoad (106ms)
				ProcessInitializeOnLoadAttributes (760ms)
				ProcessInitializeOnLoadMethodAttributes (28ms)
				AfterProcessingInitializeOnLoad (8ms)
				EditorAssembliesLoaded (0ms)
			ExecutionOrderSort2 (0ms)
			AwakeInstancesAfterBackupRestoration (9ms)
Platform modules already initialized, skipping
========================================================================
Worker process is ready to serve import requests
Launched and connected shader compiler UnityShaderCompiler.exe after 0.09 seconds
Refreshing native plugins compatible for Editor in 0.79 ms, found 3 plugins.
Preloading 0 native plugins for Editor in 0.00 ms.
Unloading 3066 Unused Serialized files (Serialized files now loaded: 0)
Unloading 23 unused Assets / (46.7 KB). Loaded Objects now: 3527.
Memory consumption went from 108.7 MB to 108.6 MB.
Total: 3.871700 ms (FindLiveObjects: 0.518300 ms CreateObjectMapping: 0.338700 ms MarkObjects: 2.896900 ms  DeleteObjects: 0.115900 ms)

AssetImportParameters requested are different than current active one (requested -> active):
  custom:video-decoder-ogg-theora: a1e56fd34408186e4bbccfd4996cb3dc -> 
  custom:container-muxer-webm: aa71ff27fc2769a1b78a27578f13a17b -> 
  custom:container-demuxer-webm: 4f35f7cbe854078d1ac9338744f61a02 -> 
  custom:video-encoder-webm-vp8: eb34c28f22e8b96e1ab97ce403110664 -> 
  custom:CustomObjectIndexerAttribute: bc11b3a6c3213fcdd17b65e7da85e133 -> 
  custom:audio-encoder-webm-vorbis: bf7c407c2cedff20999df2af8eb42d56 -> 
  custom:framework-win-MediaFoundation: 216162199b28c13a410421893ffa2e32 -> 
  custom:SearchIndexIgnoredProperties: e643bd26f0fe6173181afceb89e7c659 -> 
  custom:container-demuxer-ogg: 62fdf1f143b41e24485cea50d1cbac27 -> 
  custom:video-decoder-webm-vp8: 9c59270c3fd7afecdb556c50c9e8de78 -> 
  custom:audio-decoder-ogg-vorbis: bf7c407c2cedff20999df2af8eb42d56 -> 
========================================================================
Received Import Request.
  Time since last request: 204703.483289 seconds.
  path: Assets/Mobilier/texturi_mobilier
  artifactKey: Guid(3e3516364ddd51d4bbbed17959b54a06) Importer(815301076,1909f56bfc062723c751e8b465ee728b)
Number of updated assets reloaded before import = 0
Start importing Assets/Mobilier/texturi_mobilier using Guid(3e3516364ddd51d4bbbed17959b54a06) Importer(815301076,1909f56bfc062723c751e8b465ee728b)  -> (artifact id: 'eccf5d76d379e3deb14ec6d0fbdc78dc') in 0.021261 seconds 
Number of asset objects unloaded after import = 0
========================================================================
Received Import Request.
  Time since last request: 33.282720 seconds.
  path: Assets/Mobilier/texturi_mobilier/fotoliu.jpg
  artifactKey: Guid(795c4401f7f15a0459b91316fd632ff8) Importer(815301076,1909f56bfc062723c751e8b465ee728b)
Number of updated assets reloaded before import = 0
Start importing Assets/Mobilier/texturi_mobilier/fotoliu.jpg using Guid(795c4401f7f15a0459b91316fd632ff8) Importer(815301076,1909f56bfc062723c751e8b465ee728b)  -> (artifact id: '7b9d2963d2f4254f452c403ecd19bd2a') in 0.283617 seconds 
Number of asset objects unloaded after import = 2
========================================================================
Received Import Request.
  Time since last request: 0.000066 seconds.
  path: Assets/Mobilier/texturi_mobilier/stone_rough.jpg
  artifactKey: Guid(2b1be3009a9a8514f830fe2b7f115b83) Importer(815301076,1909f56bfc062723c751e8b465ee728b)
Number of updated assets reloaded before import = 0
Start importing Assets/Mobilier/texturi_mobilier/stone_rough.jpg using Guid(2b1be3009a9a8514f830fe2b7f115b83) Importer(815301076,1909f56bfc062723c751e8b465ee728b)  -> (artifact id: '954a1548f291d6ab9d27567c4220331a') in 0.100200 seconds 
Number of asset objects unloaded after import = 2
========================================================================
Received Import Request.
  Time since last request: 0.000073 seconds.
  path: Assets/Mobilier/texturi_mobilier/t_color.jpg
  artifactKey: Guid(716fd39c22f488748a50fe8cdcb13135) Importer(815301076,1909f56bfc062723c751e8b465ee728b)
Number of updated assets reloaded before import = 0
Start importing Assets/Mobilier/texturi_mobilier/t_color.jpg using Guid(716fd39c22f488748a50fe8cdcb13135) Importer(815301076,1909f56bfc062723c751e8b465ee728b)  -> (artifact id: '81dbb0aac6c0e63f7ddb43d369ea1cc6') in 0.052089 seconds 
Number of asset objects unloaded after import = 2
========================================================================
Received Import Request.
  Time since last request: 0.000062 seconds.
  path: Assets/Mobilier/texturi_mobilier/walnut_basecolor 1.jpg
  artifactKey: Guid(359f7540a7340b3408bf157820740357) Importer(815301076,1909f56bfc062723c751e8b465ee728b)
Number of updated assets reloaded before import = 0
Start importing Assets/Mobilier/texturi_mobilier/walnut_basecolor 1.jpg using Guid(359f7540a7340b3408bf157820740357) Importer(815301076,1909f56bfc062723c751e8b465ee728b)  -> (artifact id: '3ffa201d0ca7a49ab5a714c797212a25') in 0.035301 seconds 
Number of asset objects unloaded after import = 2
========================================================================
Received Import Request.
  Time since last request: 0.000050 seconds.
  path: Assets/Mobilier/texturi_mobilier/woodceiling_metallic.jpg
  artifactKey: Guid(22575529812773c4089e1c8db450a888) Importer(815301076,1909f56bfc062723c751e8b465ee728b)
Number of updated assets reloaded before import = 0
Start importing Assets/Mobilier/texturi_mobilier/woodceiling_metallic.jpg using Guid(22575529812773c4089e1c8db450a888) Importer(815301076,1909f56bfc062723c751e8b465ee728b)  -> (artifact id: '49026c8e2c5400a69f69d44be882e963') in 0.047094 seconds 
Number of asset objects unloaded after import = 2
========================================================================
Received Import Request.
  Time since last request: 0.000042 seconds.
  path: Assets/Mobilier/texturi_mobilier/lemn_color.jpg
  artifactKey: Guid(426a9091ad7640b4fbb9b52325d9483f) Importer(815301076,1909f56bfc062723c751e8b465ee728b)
Number of updated assets reloaded before import = 0
Start importing Assets/Mobilier/texturi_mobilier/lemn_color.jpg using Guid(426a9091ad7640b4fbb9b52325d9483f) Importer(815301076,1909f56bfc062723c751e8b465ee728b)  -> (artifact id: 'ee4bb910985dabb80438141d42b13385') in 0.074473 seconds 
Number of asset objects unloaded after import = 2
========================================================================
Received Import Request.
  Time since last request: 0.000042 seconds.
  path: Assets/Mobilier/texturi_mobilier/plane__Roughness .jpg
  artifactKey: Guid(7d1a6355cf8e89e4ebc259619d2f794b) Importer(815301076,1909f56bfc062723c751e8b465ee728b)
Number of updated assets reloaded before import = 0
Start importing Assets/Mobilier/texturi_mobilier/plane__Roughness .jpg using Guid(7d1a6355cf8e89e4ebc259619d2f794b) Importer(815301076,1909f56bfc062723c751e8b465ee728b)  -> (artifact id: 'e3eedc44db4b468a8438bec23dea3772') in 0.049854 seconds 
Number of asset objects unloaded after import = 2
========================================================================
Received Import Request.
  Time since last request: 0.000087 seconds.
  path: Assets/Mobilier/texturi_mobilier/stone_disp.jpg
  artifactKey: Guid(f33f8977ae002cb4990391df51529341) Importer(815301076,1909f56bfc062723c751e8b465ee728b)
Number of updated assets reloaded before import = 0
Start importing Assets/Mobilier/texturi_mobilier/stone_disp.jpg using Guid(f33f8977ae002cb4990391df51529341) Importer(815301076,1909f56bfc062723c751e8b465ee728b)  -> (artifact id: '4d9c4d4cf9ccaf41c182268aa3431cff') in 0.119295 seconds 
Number of asset objects unloaded after import = 2
========================================================================
Received Import Request.
  Time since last request: 0.000061 seconds.
  path: Assets/Mobilier/texturi_mobilier/woodceiling_basecolor.png
  artifactKey: Guid(b5710f2dbfcb73948800c468e40b8240) Importer(815301076,1909f56bfc062723c751e8b465ee728b)
Number of updated assets reloaded before import = 0
Start importing Assets/Mobilier/texturi_mobilier/woodceiling_basecolor.png using Guid(b5710f2dbfcb73948800c468e40b8240) Importer(815301076,1909f56bfc062723c751e8b465ee728b)  -> (artifact id: '3cb92c6a515dd5b0329214416c503b66') in 0.104242 seconds 
Number of asset objects unloaded after import = 2
========================================================================
Received Import Request.
  Time since last request: 0.000075 seconds.
  path: Assets/Mobilier/texturi_mobilier/lemn_Normal.jpg
  artifactKey: Guid(bc51bc3dbe7001e45b412402a581cad5) Importer(815301076,1909f56bfc062723c751e8b465ee728b)
Number of updated assets reloaded before import = 0
Start importing Assets/Mobilier/texturi_mobilier/lemn_Normal.jpg using Guid(bc51bc3dbe7001e45b412402a581cad5) Importer(815301076,1909f56bfc062723c751e8b465ee728b)  -> (artifact id: '3a7f36152e9f1a2445a3711c139070fd') in 0.116084 seconds 
Number of asset objects unloaded after import = 2
========================================================================
Received Import Request.
  Time since last request: 0.000077 seconds.
  path: Assets/Mobilier/texturi_mobilier/Wall_Normal 1.jpg
  artifactKey: Guid(cdea3335f25a0b24395c4d8491306d56) Importer(815301076,1909f56bfc062723c751e8b465ee728b)
Number of updated assets reloaded before import = 0
Start importing Assets/Mobilier/texturi_mobilier/Wall_Normal 1.jpg using Guid(cdea3335f25a0b24395c4d8491306d56) Importer(815301076,1909f56bfc062723c751e8b465ee728b)  -> (artifact id: '3f29242f325448dff1adb32358446df9') in 0.080871 seconds 
Number of asset objects unloaded after import = 2
========================================================================
Received Import Request.
  Time since last request: 0.000058 seconds.
  path: Assets/Mobilier/texturi_mobilier/plane__Normal 1.jpg
  artifactKey: Guid(0de2cfc4bdc457b499750b83d2d748bc) Importer(815301076,1909f56bfc062723c751e8b465ee728b)
Number of updated assets reloaded before import = 0
Start importing Assets/Mobilier/texturi_mobilier/plane__Normal 1.jpg using Guid(0de2cfc4bdc457b499750b83d2d748bc) Importer(815301076,1909f56bfc062723c751e8b465ee728b)  -> (artifact id: '7a64f349d934642f1d439cd74ed8fadb') in 0.065042 seconds 
Number of asset objects unloaded after import = 2
========================================================================
Received Import Request.
  Time since last request: 0.000126 seconds.
  path: Assets/Mobilier/texturi_mobilier/s_color.jpg
  artifactKey: Guid(476b2095eb2d8554ba91a08515bb1459) Importer(815301076,1909f56bfc062723c751e8b465ee728b)
Number of updated assets reloaded before import = 0
Start importing Assets/Mobilier/texturi_mobilier/s_color.jpg using Guid(476b2095eb2d8554ba91a08515bb1459) Importer(815301076,1909f56bfc062723c751e8b465ee728b)  -> (artifact id: '4fb7cd80e9aa0b7e5cba204ef987fba4') in 0.058361 seconds 
Number of asset objects unloaded after import = 2
========================================================================
Received Import Request.
  Time since last request: 0.000092 seconds.
  path: Assets/Mobilier/texturi_mobilier/gold_roughness.png
  artifactKey: Guid(c64ab98868d3d6740a31b5312ff90d61) Importer(815301076,1909f56bfc062723c751e8b465ee728b)
Number of updated assets reloaded before import = 0
Start importing Assets/Mobilier/texturi_mobilier/gold_roughness.png using Guid(c64ab98868d3d6740a31b5312ff90d61) Importer(815301076,1909f56bfc062723c751e8b465ee728b)  -> (artifact id: '39d262e3012ef9a8b4d5c5d3ab1df37f') in 0.078957 seconds 
Number of asset objects unloaded after import = 2
========================================================================
Received Import Request.
  Time since last request: 0.000106 seconds.
  path: Assets/Mobilier/texturi_mobilier/Wall_color.jpg
  artifactKey: Guid(2133b3b4cbe973a45a462c571bd92271) Importer(815301076,1909f56bfc062723c751e8b465ee728b)
Number of updated assets reloaded before import = 0
Start importing Assets/Mobilier/texturi_mobilier/Wall_color.jpg using Guid(2133b3b4cbe973a45a462c571bd92271) Importer(815301076,1909f56bfc062723c751e8b465ee728b)  -> (artifact id: '80dca381dab00876679f78d085b0756f') in 0.072318 seconds 
Number of asset objects unloaded after import = 2
========================================================================
Received Import Request.
  Time since last request: 59.077259 seconds.
  path: Assets/Mobilier/model/rafturi.fbx
  artifactKey: Guid(d0eee70603b8e5240a2cbb86c50cf439) Importer(815301076,1909f56bfc062723c751e8b465ee728b)
Number of updated assets reloaded before import = 0
Start importing Assets/Mobilier/model/rafturi.fbx using Guid(d0eee70603b8e5240a2cbb86c50cf439) Importer(815301076,1909f56bfc062723c751e8b465ee728b)  -> (artifact id: 'e2855b60f3afd7308d1ef71a4fe9c464') in 0.193287 seconds 
Number of asset objects unloaded after import = 8
Editor requested this worker to shutdown with reason: Scaling down because of idle timeout
AssetImportWorker is now disconnected from the server
Process exiting
Exiting without the bug reporter. Application will terminate with return code 0