Using pre-set license
Built from '2021.3/staging' branch; Version is '2021.3.31f1 (3409e2af086f) revision 3410402'; Using compiler version '192829333'; Build Type 'Release'
OS: 'Windows 10  (10.0.19045) 64bit Core' Language: 'ro' Physical Memory: 7502 MB
BatchMode: 1, IsHumanControllingUs: 0, StartBugReporterOnCrash: 0, Is64bit: 1, IsPro: 1

COMMAND LINE ARGUMENTS:
C:\Program Files\Unity\Hub\Editor\2021.3.31f1\Editor\Unity.exe
-adb2
-batchMode
-noUpm
-name
AssetImportWorker12
-projectPath
C:/Users/pinza/Documents/GitHub/IMR_Project
-logFile
Logs/AssetImportWorker12.log
-srvPort
50272
Successfully changed project path to: C:/Users/pinza/Documents/GitHub/IMR_Project
C:/Users/pinza/Documents/GitHub/IMR_Project
[UnityMemory] Configuration Parameters - Can be set up in boot.config
    "memorysetup-bucket-allocator-granularity=16"
    "memorysetup-bucket-allocator-bucket-count=8"
    "memorysetup-bucket-allocator-block-size=33554432"
    "memorysetup-bucket-allocator-block-count=8"
    "memorysetup-main-allocator-block-size=16777216"
    "memorysetup-thread-allocator-block-size=16777216"
    "memorysetup-gfx-main-allocator-block-size=16777216"
    "memorysetup-gfx-thread-allocator-block-size=16777216"
    "memorysetup-cache-allocator-block-size=4194304"
    "memorysetup-typetree-allocator-block-size=2097152"
    "memorysetup-profiler-bucket-allocator-granularity=16"
    "memorysetup-profiler-bucket-allocator-bucket-count=8"
    "memorysetup-profiler-bucket-allocator-block-size=33554432"
    "memorysetup-profiler-bucket-allocator-block-count=8"
    "memorysetup-profiler-allocator-block-size=16777216"
    "memorysetup-profiler-editor-allocator-block-size=1048576"
    "memorysetup-temp-allocator-size-main=16777216"
    "memorysetup-job-temp-allocator-block-size=2097152"
    "memorysetup-job-temp-allocator-block-size-background=1048576"
    "memorysetup-job-temp-allocator-reduction-small-platforms=262144"
    "memorysetup-temp-allocator-size-background-worker=32768"
    "memorysetup-temp-allocator-size-job-worker=262144"
    "memorysetup-temp-allocator-size-preload-manager=33554432"
    "memorysetup-temp-allocator-size-nav-mesh-worker=65536"
    "memorysetup-temp-allocator-size-audio-worker=65536"
    "memorysetup-temp-allocator-size-cloud-worker=32768"
    "memorysetup-temp-allocator-size-gi-baking-worker=262144"
    "memorysetup-temp-allocator-size-gfx=262144"
Player connection [15364] Host "[IP] 192.168.56.1 [Port] 0 [Flags] 2 [Guid] 2263850605 [EditorId] 2263850605 [Version] 1048832 [Id] WindowsEditor(7,LAPTOP-42ANUGFD) [Debug] 1 [PackageName] WindowsEditor [ProjectName] Editor" joined multi-casting on [225.0.0.222:54997]...

Player connection [15364] Host "[IP] 192.168.56.1 [Port] 0 [Flags] 2 [Guid] 2263850605 [EditorId] 2263850605 [Version] 1048832 [Id] WindowsEditor(7,LAPTOP-42ANUGFD) [Debug] 1 [PackageName] WindowsEditor [ProjectName] Editor" joined alternative multi-casting on [225.0.0.222:34997]...

[Physics::Module] Initialized MultithreadedJobDispatcher with {0} workers.
Refreshing native plugins compatible for Editor in 287.13 ms, found 3 plugins.
Preloading 0 native plugins for Editor in 0.00 ms.
Initialize engine version: 2021.3.31f1 (3409e2af086f)
[Subsystems] Discovering subsystems at path C:/Program Files/Unity/Hub/Editor/2021.3.31f1/Editor/Data/Resources/UnitySubsystems
[Subsystems] Discovering subsystems at path C:/Users/pinza/Documents/GitHub/IMR_Project/Assets
GfxDevice: creating device client; threaded=0; jobified=0
Direct3D:
    Version:  Direct3D 11.0 [level 11.1]
    Renderer: AMD Radeon(TM) Graphics (ID=0x164c)
    Vendor:   ATI
    VRAM:     3751 MB
    Driver:   27.20.15002.118
Initialize mono
Mono path[0] = 'C:/Program Files/Unity/Hub/Editor/2021.3.31f1/Editor/Data/Managed'
Mono path[1] = 'C:/Program Files/Unity/Hub/Editor/2021.3.31f1/Editor/Data/MonoBleedingEdge/lib/mono/unityjit-win32'
Mono config path = 'C:/Program Files/Unity/Hub/Editor/2021.3.31f1/Editor/Data/MonoBleedingEdge/etc'
Using monoOptions --debugger-agent=transport=dt_socket,embedding=1,server=y,suspend=n,address=127.0.0.1:56188
Begin MonoManager ReloadAssembly
Registering precompiled unity dll's ...
Register platform support module: C:/Program Files/Unity/Hub/Editor/2021.3.31f1/Editor/Data/PlaybackEngines/WindowsStandaloneSupport/UnityEditor.WindowsStandalone.Extensions.dll
Registered in 0.107875 seconds.
Native extension for WindowsStandalone target not found
Refreshing native plugins compatible for Editor in 105.12 ms, found 3 plugins.
Preloading 0 native plugins for Editor in 0.00 ms.
Mono: successfully reloaded assembly
- Completed reload, in  6.662 seconds
Domain Reload Profiling:
	ReloadAssembly (6663ms)
		BeginReloadAssembly (5333ms)
			ExecutionOrderSort (0ms)
			DisableScriptedObjects (0ms)
			BackupInstance (0ms)
			ReleaseScriptingObjects (0ms)
			CreateAndSetChildDomain (4ms)
		EndReloadAssembly (1068ms)
			LoadAssemblies (5325ms)
			RebuildTransferFunctionScriptingTraits (0ms)
			SetupTypeCache (171ms)
			ReleaseScriptCaches (0ms)
			RebuildScriptCaches (77ms)
			SetupLoadedEditorAssemblies (741ms)
				LogAssemblyErrors (0ms)
				InitializePlatformSupportModulesInManaged (14ms)
				SetLoadedEditorAssemblies (0ms)
				RefreshPlugins (105ms)
				BeforeProcessingInitializeOnLoad (4ms)
				ProcessInitializeOnLoadAttributes (454ms)
				ProcessInitializeOnLoadMethodAttributes (160ms)
				AfterProcessingInitializeOnLoad (1ms)
				EditorAssembliesLoaded (3ms)
			ExecutionOrderSort2 (0ms)
			AwakeInstancesAfterBackupRestoration (0ms)
Platform modules already initialized, skipping
Registering precompiled user dll's ...
Registered in 0.559731 seconds.
Begin MonoManager ReloadAssembly
Native extension for WindowsStandalone target not found
Refreshing native plugins compatible for Editor in 1.21 ms, found 3 plugins.
Preloading 0 native plugins for Editor in 0.00 ms.
Package Manager log level set to [2]
[Package Manager] Server::EnsureServerProcessIsRunning -- launch failed, reason: Unity was launched with the -noUpm command-line argument
[Package Manager] Cannot connect to Unity Package Manager local server
Mono: successfully reloaded assembly
- Completed reload, in  2.640 seconds
Domain Reload Profiling:
	ReloadAssembly (2641ms)
		BeginReloadAssembly (279ms)
			ExecutionOrderSort (0ms)
			DisableScriptedObjects (11ms)
			BackupInstance (0ms)
			ReleaseScriptingObjects (0ms)
			CreateAndSetChildDomain (44ms)
		EndReloadAssembly (2140ms)
			LoadAssemblies (311ms)
			RebuildTransferFunctionScriptingTraits (0ms)
			SetupTypeCache (495ms)
			ReleaseScriptCaches (1ms)
			RebuildScriptCaches (105ms)
			SetupLoadedEditorAssemblies (1246ms)
				LogAssemblyErrors (0ms)
				InitializePlatformSupportModulesInManaged (10ms)
				SetLoadedEditorAssemblies (1ms)
				RefreshPlugins (1ms)
				BeforeProcessingInitializeOnLoad (111ms)
				ProcessInitializeOnLoadAttributes (1070ms)
				ProcessInitializeOnLoadMethodAttributes (41ms)
				AfterProcessingInitializeOnLoad (11ms)
				EditorAssembliesLoaded (0ms)
			ExecutionOrderSort2 (0ms)
			AwakeInstancesAfterBackupRestoration (12ms)
Platform modules already initialized, skipping
========================================================================
Worker process is ready to serve import requests
Launched and connected shader compiler UnityShaderCompiler.exe after 0.17 seconds
Refreshing native plugins compatible for Editor in 1.27 ms, found 3 plugins.
Preloading 0 native plugins for Editor in 0.00 ms.
Unloading 3066 Unused Serialized files (Serialized files now loaded: 0)
Unloading 23 unused Assets / (46.7 KB). Loaded Objects now: 3527.
Memory consumption went from 108.7 MB to 108.6 MB.
Total: 6.578000 ms (FindLiveObjects: 0.677600 ms CreateObjectMapping: 0.304700 ms MarkObjects: 5.438300 ms  DeleteObjects: 0.155800 ms)

AssetImportParameters requested are different than current active one (requested -> active):
  custom:video-decoder-ogg-theora: a1e56fd34408186e4bbccfd4996cb3dc -> 
  custom:container-muxer-webm: aa71ff27fc2769a1b78a27578f13a17b -> 
  custom:container-demuxer-webm: 4f35f7cbe854078d1ac9338744f61a02 -> 
  custom:video-encoder-webm-vp8: eb34c28f22e8b96e1ab97ce403110664 -> 
  custom:CustomObjectIndexerAttribute: bc11b3a6c3213fcdd17b65e7da85e133 -> 
  custom:audio-encoder-webm-vorbis: bf7c407c2cedff20999df2af8eb42d56 -> 
  custom:framework-win-MediaFoundation: 216162199b28c13a410421893ffa2e32 -> 
  custom:SearchIndexIgnoredProperties: e643bd26f0fe6173181afceb89e7c659 -> 
  custom:container-demuxer-ogg: 62fdf1f143b41e24485cea50d1cbac27 -> 
  custom:video-decoder-webm-vp8: 9c59270c3fd7afecdb556c50c9e8de78 -> 
  custom:audio-decoder-ogg-vorbis: bf7c407c2cedff20999df2af8eb42d56 -> 
========================================================================
Received Import Request.
  Time since last request: 198024.190272 seconds.
  path: Assets/ce am pus/oameni + ingrediente + pahare/prefabs/Campari (1).prefab
  artifactKey: Guid(766f95658e0d99446bb7e2943fe3eb55) Importer(815301076,1909f56bfc062723c751e8b465ee728b)
Number of updated assets reloaded before import = 0
Start importing Assets/ce am pus/oameni + ingrediente + pahare/prefabs/Campari (1).prefab using Guid(766f95658e0d99446bb7e2943fe3eb55) Importer(815301076,1909f56bfc062723c751e8b465ee728b)  -> (artifact id: '0e61bf9bcd05b109d3319affb9335fc9') in 0.523582 seconds 
Number of asset objects unloaded after import = 35
========================================================================
Received Import Request.
  Time since last request: 0.000109 seconds.
  path: Assets/ce am pus/oameni + ingrediente + pahare/prefabs/Lemon.prefab
  artifactKey: Guid(601651dd7650b414b938618f80adde7f) Importer(815301076,1909f56bfc062723c751e8b465ee728b)
Number of updated assets reloaded before import = 0
Start importing Assets/ce am pus/oameni + ingrediente + pahare/prefabs/Lemon.prefab using Guid(601651dd7650b414b938618f80adde7f) Importer(815301076,1909f56bfc062723c751e8b465ee728b)  -> (artifact id: '5697867e4937cc16de86f3c46d35db8b') in 0.142005 seconds 
Number of asset objects unloaded after import = 8
========================================================================
Received Import Request.
  Time since last request: 0.000107 seconds.
  path: Assets/ce am pus/oameni + ingrediente + pahare/prefabs/Sink.prefab
  artifactKey: Guid(703b3355fd3adef43b22ab88330dc2be) Importer(815301076,1909f56bfc062723c751e8b465ee728b)
Number of updated assets reloaded before import = 0
Start importing Assets/ce am pus/oameni + ingrediente + pahare/prefabs/Sink.prefab using Guid(703b3355fd3adef43b22ab88330dc2be) Importer(815301076,1909f56bfc062723c751e8b465ee728b)  -> (artifact id: '299130d93355e074adf4eb0162d21d67') in 0.148308 seconds 
Number of asset objects unloaded after import = 16
========================================================================
Received Import Request.
  Time since last request: 0.000069 seconds.
  path: Assets/ce am pus/oameni + ingrediente + pahare/prefabs/IceBowl.prefab
  artifactKey: Guid(4f17aeaac519db048be28d76d6498050) Importer(815301076,1909f56bfc062723c751e8b465ee728b)
Number of updated assets reloaded before import = 0
Start importing Assets/ce am pus/oameni + ingrediente + pahare/prefabs/IceBowl.prefab using Guid(4f17aeaac519db048be28d76d6498050) Importer(815301076,1909f56bfc062723c751e8b465ee728b)  -> (artifact id: 'f44654347814aa1d225304adf2561090') in 0.096260 seconds 
Number of asset objects unloaded after import = 23
========================================================================
Received Import Request.
  Time since last request: 0.000317 seconds.
  path: Assets/ce am pus/oameni + ingrediente + pahare/prefabs/sugar_shaker.prefab
  artifactKey: Guid(9e5b95857356bc2458a6a9749b510a58) Importer(815301076,1909f56bfc062723c751e8b465ee728b)
Number of updated assets reloaded before import = 0
Start importing Assets/ce am pus/oameni + ingrediente + pahare/prefabs/sugar_shaker.prefab using Guid(9e5b95857356bc2458a6a9749b510a58) Importer(815301076,1909f56bfc062723c751e8b465ee728b)  -> (artifact id: 'f0b2c1767a82c9a234a781d5e92b28fa') in 0.130937 seconds 
Number of asset objects unloaded after import = 15
========================================================================
Received Import Request.
  Time since last request: 0.000088 seconds.
  path: Assets/ce am pus/oameni + ingrediente + pahare/prefabs/Handheld_Squeeze_Press.prefab
  artifactKey: Guid(c9a96ba95c03f5948ac0c2f5db367b33) Importer(815301076,1909f56bfc062723c751e8b465ee728b)
Number of updated assets reloaded before import = 0
Start importing Assets/ce am pus/oameni + ingrediente + pahare/prefabs/Handheld_Squeeze_Press.prefab using Guid(c9a96ba95c03f5948ac0c2f5db367b33) Importer(815301076,1909f56bfc062723c751e8b465ee728b)  -> (artifact id: '8e3c4c6def3006259c2579ea2c58cf55') in 0.103762 seconds 
Number of asset objects unloaded after import = 27
========================================================================
Received Import Request.
  Time since last request: 0.000100 seconds.
  path: Assets/ce am pus/oameni + ingrediente + pahare/prefabs/Tomato.prefab
  artifactKey: Guid(04e55e5f6396e7a479711305975844d7) Importer(815301076,1909f56bfc062723c751e8b465ee728b)
Number of updated assets reloaded before import = 0
Start importing Assets/ce am pus/oameni + ingrediente + pahare/prefabs/Tomato.prefab using Guid(04e55e5f6396e7a479711305975844d7) Importer(815301076,1909f56bfc062723c751e8b465ee728b)  -> (artifact id: 'e2b270a13d0a675d2b606f1ed1e883b1') in 0.062063 seconds 
Number of asset objects unloaded after import = 22
========================================================================
Received Import Request.
  Time since last request: 0.000203 seconds.
  path: Assets/ce am pus/oameni + ingrediente + pahare/prefabs/male3.prefab
  artifactKey: Guid(6c969b9793cd4ab4582c3c5091b9cb87) Importer(815301076,1909f56bfc062723c751e8b465ee728b)
Number of updated assets reloaded before import = 0
Start importing Assets/ce am pus/oameni + ingrediente + pahare/prefabs/male3.prefab using Guid(6c969b9793cd4ab4582c3c5091b9cb87) Importer(815301076,1909f56bfc062723c751e8b465ee728b)  -> (artifact id: '38eca6edeca2b5333c3052fdf258e601') in 0.112689 seconds 
Number of asset objects unloaded after import = 35
Editor requested this worker to shutdown with reason: Scaling down because of idle timeout
AssetImportWorker is now disconnected from the server
Process exiting
Exiting without the bug reporter. Application will terminate with return code 0