Using pre-set license
Built from '2021.3/staging' branch; Version is '2021.3.31f1 (3409e2af086f) revision 3410402'; Using compiler version '192829333'; Build Type 'Release'
OS: 'Windows 10  (10.0.19045) 64bit Core' Language: 'ro' Physical Memory: 7502 MB
BatchMode: 1, IsHumanControllingUs: 0, StartBugReporterOnCrash: 0, Is64bit: 1, IsPro: 1

COMMAND LINE ARGUMENTS:
C:\Program Files\Unity\Hub\Editor\2021.3.31f1\Editor\Unity.exe
-adb2
-batchMode
-noUpm
-name
AssetImportWorker26
-projectPath
C:/Users/pinza/Documents/GitHub/IMR_Project
-logFile
Logs/AssetImportWorker26.log
-srvPort
50272
Successfully changed project path to: C:/Users/pinza/Documents/GitHub/IMR_Project
C:/Users/pinza/Documents/GitHub/IMR_Project
[UnityMemory] Configuration Parameters - Can be set up in boot.config
    "memorysetup-bucket-allocator-granularity=16"
    "memorysetup-bucket-allocator-bucket-count=8"
    "memorysetup-bucket-allocator-block-size=33554432"
    "memorysetup-bucket-allocator-block-count=8"
    "memorysetup-main-allocator-block-size=16777216"
    "memorysetup-thread-allocator-block-size=16777216"
    "memorysetup-gfx-main-allocator-block-size=16777216"
    "memorysetup-gfx-thread-allocator-block-size=16777216"
    "memorysetup-cache-allocator-block-size=4194304"
    "memorysetup-typetree-allocator-block-size=2097152"
    "memorysetup-profiler-bucket-allocator-granularity=16"
    "memorysetup-profiler-bucket-allocator-bucket-count=8"
    "memorysetup-profiler-bucket-allocator-block-size=33554432"
    "memorysetup-profiler-bucket-allocator-block-count=8"
    "memorysetup-profiler-allocator-block-size=16777216"
    "memorysetup-profiler-editor-allocator-block-size=1048576"
    "memorysetup-temp-allocator-size-main=16777216"
    "memorysetup-job-temp-allocator-block-size=2097152"
    "memorysetup-job-temp-allocator-block-size-background=1048576"
    "memorysetup-job-temp-allocator-reduction-small-platforms=262144"
    "memorysetup-temp-allocator-size-background-worker=32768"
    "memorysetup-temp-allocator-size-job-worker=262144"
    "memorysetup-temp-allocator-size-preload-manager=33554432"
    "memorysetup-temp-allocator-size-nav-mesh-worker=65536"
    "memorysetup-temp-allocator-size-audio-worker=65536"
    "memorysetup-temp-allocator-size-cloud-worker=32768"
    "memorysetup-temp-allocator-size-gi-baking-worker=262144"
    "memorysetup-temp-allocator-size-gfx=262144"
Player connection [10532] Host "[IP] 192.168.56.1 [Port] 0 [Flags] 2 [Guid] 2639002230 [EditorId] 2639002230 [Version] 1048832 [Id] WindowsEditor(7,LAPTOP-42ANUGFD) [Debug] 1 [PackageName] WindowsEditor [ProjectName] Editor" joined multi-casting on [225.0.0.222:54997]...

Player connection [10532] Host "[IP] 192.168.56.1 [Port] 0 [Flags] 2 [Guid] 2639002230 [EditorId] 2639002230 [Version] 1048832 [Id] WindowsEditor(7,LAPTOP-42ANUGFD) [Debug] 1 [PackageName] WindowsEditor [ProjectName] Editor" joined alternative multi-casting on [225.0.0.222:34997]...

[Physics::Module] Initialized MultithreadedJobDispatcher with {0} workers.
Refreshing native plugins compatible for Editor in 176.21 ms, found 3 plugins.
Preloading 0 native plugins for Editor in 0.00 ms.
Initialize engine version: 2021.3.31f1 (3409e2af086f)
[Subsystems] Discovering subsystems at path C:/Program Files/Unity/Hub/Editor/2021.3.31f1/Editor/Data/Resources/UnitySubsystems
[Subsystems] Discovering subsystems at path C:/Users/pinza/Documents/GitHub/IMR_Project/Assets
GfxDevice: creating device client; threaded=0; jobified=0
Direct3D:
    Version:  Direct3D 11.0 [level 11.1]
    Renderer: AMD Radeon(TM) Graphics (ID=0x164c)
    Vendor:   ATI
    VRAM:     3751 MB
    Driver:   27.20.15002.118
Initialize mono
Mono path[0] = 'C:/Program Files/Unity/Hub/Editor/2021.3.31f1/Editor/Data/Managed'
Mono path[1] = 'C:/Program Files/Unity/Hub/Editor/2021.3.31f1/Editor/Data/MonoBleedingEdge/lib/mono/unityjit-win32'
Mono config path = 'C:/Program Files/Unity/Hub/Editor/2021.3.31f1/Editor/Data/MonoBleedingEdge/etc'
Using monoOptions --debugger-agent=transport=dt_socket,embedding=1,server=y,suspend=n,address=127.0.0.1:56564
Begin MonoManager ReloadAssembly
Registering precompiled unity dll's ...
Register platform support module: C:/Program Files/Unity/Hub/Editor/2021.3.31f1/Editor/Data/PlaybackEngines/WindowsStandaloneSupport/UnityEditor.WindowsStandalone.Extensions.dll
Registered in 0.012022 seconds.
Native extension for WindowsStandalone target not found
Refreshing native plugins compatible for Editor in 145.48 ms, found 3 plugins.
Preloading 0 native plugins for Editor in 0.00 ms.
Mono: successfully reloaded assembly
- Completed reload, in  2.033 seconds
Domain Reload Profiling:
	ReloadAssembly (2035ms)
		BeginReloadAssembly (335ms)
			ExecutionOrderSort (0ms)
			DisableScriptedObjects (0ms)
			BackupInstance (0ms)
			ReleaseScriptingObjects (0ms)
			CreateAndSetChildDomain (2ms)
		EndReloadAssembly (1445ms)
			LoadAssemblies (331ms)
			RebuildTransferFunctionScriptingTraits (0ms)
			SetupTypeCache (391ms)
			ReleaseScriptCaches (0ms)
			RebuildScriptCaches (108ms)
			SetupLoadedEditorAssemblies (812ms)
				LogAssemblyErrors (0ms)
				InitializePlatformSupportModulesInManaged (15ms)
				SetLoadedEditorAssemblies (0ms)
				RefreshPlugins (146ms)
				BeforeProcessingInitializeOnLoad (3ms)
				ProcessInitializeOnLoadAttributes (477ms)
				ProcessInitializeOnLoadMethodAttributes (169ms)
				AfterProcessingInitializeOnLoad (0ms)
				EditorAssembliesLoaded (0ms)
			ExecutionOrderSort2 (0ms)
			AwakeInstancesAfterBackupRestoration (0ms)
Platform modules already initialized, skipping
Registering precompiled user dll's ...
Registered in 0.009933 seconds.
Begin MonoManager ReloadAssembly
Native extension for WindowsStandalone target not found
Refreshing native plugins compatible for Editor in 3.63 ms, found 3 plugins.
Preloading 0 native plugins for Editor in 0.00 ms.
Package Manager log level set to [2]
[Package Manager] Server::EnsureServerProcessIsRunning -- launch failed, reason: Unity was launched with the -noUpm command-line argument
[Package Manager] Cannot connect to Unity Package Manager local server
Mono: successfully reloaded assembly
- Completed reload, in  3.140 seconds
Domain Reload Profiling:
	ReloadAssembly (3142ms)
		BeginReloadAssembly (265ms)
			ExecutionOrderSort (0ms)
			DisableScriptedObjects (11ms)
			BackupInstance (0ms)
			ReleaseScriptingObjects (1ms)
			CreateAndSetChildDomain (56ms)
		EndReloadAssembly (2645ms)
			LoadAssemblies (177ms)
			RebuildTransferFunctionScriptingTraits (0ms)
			SetupTypeCache (607ms)
			ReleaseScriptCaches (2ms)
			RebuildScriptCaches (166ms)
			SetupLoadedEditorAssemblies (1554ms)
				LogAssemblyErrors (0ms)
				InitializePlatformSupportModulesInManaged (25ms)
				SetLoadedEditorAssemblies (2ms)
				RefreshPlugins (4ms)
				BeforeProcessingInitializeOnLoad (242ms)
				ProcessInitializeOnLoadAttributes (1218ms)
				ProcessInitializeOnLoadMethodAttributes (51ms)
				AfterProcessingInitializeOnLoad (10ms)
				EditorAssembliesLoaded (0ms)
			ExecutionOrderSort2 (0ms)
			AwakeInstancesAfterBackupRestoration (14ms)
Platform modules already initialized, skipping
========================================================================
Worker process is ready to serve import requests
Launched and connected shader compiler UnityShaderCompiler.exe after 0.11 seconds
Refreshing native plugins compatible for Editor in 1.46 ms, found 3 plugins.
Preloading 0 native plugins for Editor in 0.00 ms.
Unloading 3066 Unused Serialized files (Serialized files now loaded: 0)
Unloading 23 unused Assets / (46.7 KB). Loaded Objects now: 3527.
Memory consumption went from 109.0 MB to 108.9 MB.
Total: 8.119000 ms (FindLiveObjects: 0.578600 ms CreateObjectMapping: 0.255900 ms MarkObjects: 7.088800 ms  DeleteObjects: 0.193600 ms)

AssetImportParameters requested are different than current active one (requested -> active):
  custom:video-decoder-ogg-theora: a1e56fd34408186e4bbccfd4996cb3dc -> 
  custom:container-muxer-webm: aa71ff27fc2769a1b78a27578f13a17b -> 
  custom:container-demuxer-webm: 4f35f7cbe854078d1ac9338744f61a02 -> 
  custom:video-encoder-webm-vp8: eb34c28f22e8b96e1ab97ce403110664 -> 
  custom:CustomObjectIndexerAttribute: bc11b3a6c3213fcdd17b65e7da85e133 -> 
  custom:audio-encoder-webm-vorbis: bf7c407c2cedff20999df2af8eb42d56 -> 
  custom:framework-win-MediaFoundation: 216162199b28c13a410421893ffa2e32 -> 
  custom:SearchIndexIgnoredProperties: e643bd26f0fe6173181afceb89e7c659 -> 
  custom:container-demuxer-ogg: 62fdf1f143b41e24485cea50d1cbac27 -> 
  custom:video-decoder-webm-vp8: 9c59270c3fd7afecdb556c50c9e8de78 -> 
  custom:audio-decoder-ogg-vorbis: bf7c407c2cedff20999df2af8eb42d56 -> 
========================================================================
Received Import Request.
  Time since last request: 199119.760296 seconds.
  path: Assets/ce am pus/oameni + ingrediente + pahare/bauturi modele/untitled.fbx_pina_colada.fbx
  artifactKey: Guid(f6be3704a70a748489c0fb31dead3d54) Importer(815301076,1909f56bfc062723c751e8b465ee728b)
Number of updated assets reloaded before import = 0
Start importing Assets/ce am pus/oameni + ingrediente + pahare/bauturi modele/untitled.fbx_pina_colada.fbx using Guid(f6be3704a70a748489c0fb31dead3d54) Importer(815301076,1909f56bfc062723c751e8b465ee728b)  -> (artifact id: '2ff2b5001681178dd682de17403a52e2') in 0.232397 seconds 
Number of asset objects unloaded after import = 33
========================================================================
Received Import Request.
  Time since last request: 71.406393 seconds.
  path: Assets/ce am pus/oameni + ingrediente + pahare/bauturi modele/untitled.fbx_pina_colada.fbx
  artifactKey: Guid(f6be3704a70a748489c0fb31dead3d54) Importer(815301076,1909f56bfc062723c751e8b465ee728b)
Number of updated assets reloaded before import = 0
Start importing Assets/ce am pus/oameni + ingrediente + pahare/bauturi modele/untitled.fbx_pina_colada.fbx using Guid(f6be3704a70a748489c0fb31dead3d54) Importer(815301076,1909f56bfc062723c751e8b465ee728b)  -> (artifact id: '058ffa82968cdba6cd091f8b7e71e3db') in 0.081933 seconds 
Number of asset objects unloaded after import = 35
========================================================================
Received Import Request.
  Time since last request: 30.157780 seconds.
  path: Assets/ce am pus/oameni + ingrediente + pahare/ingrediente modele/Pack_1l_color 2.mat
  artifactKey: Guid(14d8475b1aa54804fb31c84dda59f38e) Importer(815301076,1909f56bfc062723c751e8b465ee728b)
Number of updated assets reloaded before import = 0
Start importing Assets/ce am pus/oameni + ingrediente + pahare/ingrediente modele/Pack_1l_color 2.mat using Guid(14d8475b1aa54804fb31c84dda59f38e) Importer(815301076,1909f56bfc062723c751e8b465ee728b)  -> (artifact id: '6bc2b43acb93ae2f99c537f7568380cc') in 0.180743 seconds 
Number of asset objects unloaded after import = 2
========================================================================
Received Import Request.
  Time since last request: 0.000057 seconds.
  path: Assets/ce am pus/oameni + ingrediente + pahare/ingrediente modele/RotuloGrants.mat
  artifactKey: Guid(0a1e50960da755141ad5b2834fc62d72) Importer(815301076,1909f56bfc062723c751e8b465ee728b)
Number of updated assets reloaded before import = 0
Start importing Assets/ce am pus/oameni + ingrediente + pahare/ingrediente modele/RotuloGrants.mat using Guid(0a1e50960da755141ad5b2834fc62d72) Importer(815301076,1909f56bfc062723c751e8b465ee728b)  -> (artifact id: '3b655e62de28b4051eceef14b17ee38b') in 0.045177 seconds 
Number of asset objects unloaded after import = 2
========================================================================
Received Import Request.
  Time since last request: 0.000051 seconds.
  path: Assets/ce am pus/oameni + ingrediente + pahare/ingrediente modele/Rau hung.mat
  artifactKey: Guid(f3d2225e1124e7846a8c915a71e744b4) Importer(815301076,1909f56bfc062723c751e8b465ee728b)
Number of updated assets reloaded before import = 0
Start importing Assets/ce am pus/oameni + ingrediente + pahare/ingrediente modele/Rau hung.mat using Guid(f3d2225e1124e7846a8c915a71e744b4) Importer(815301076,1909f56bfc062723c751e8b465ee728b)  -> (artifact id: '9de60652811ca21a2af9d0688c2eb3e2') in 0.142057 seconds 
Number of asset objects unloaded after import = 1
========================================================================
Received Import Request.
  Time since last request: 0.000031 seconds.
  path: Assets/ce am pus/oameni + ingrediente + pahare/ingrediente modele/PlaticoCuraçauDourado.mat
  artifactKey: Guid(455d18f445f570c4e9c57074f29ed345) Importer(815301076,1909f56bfc062723c751e8b465ee728b)
Number of updated assets reloaded before import = 0
Start importing Assets/ce am pus/oameni + ingrediente + pahare/ingrediente modele/PlaticoCuraçauDourado.mat using Guid(455d18f445f570c4e9c57074f29ed345) Importer(815301076,1909f56bfc062723c751e8b465ee728b)  -> (artifact id: 'cc0caf5b2a4cc76b4797fab9b1606569') in 0.056697 seconds 
Number of asset objects unloaded after import = 1
========================================================================
Received Import Request.
  Time since last request: 0.000079 seconds.
  path: Assets/ce am pus/oameni + ingrediente + pahare/ingrediente modele/PlaticoMetalico 2.mat
  artifactKey: Guid(f864cc5667113214c866ec3e58214717) Importer(815301076,1909f56bfc062723c751e8b465ee728b)
Number of updated assets reloaded before import = 0
Start importing Assets/ce am pus/oameni + ingrediente + pahare/ingrediente modele/PlaticoMetalico 2.mat using Guid(f864cc5667113214c866ec3e58214717) Importer(815301076,1909f56bfc062723c751e8b465ee728b)  -> (artifact id: 'e0b6b3632dacab250dc778accf7898bf') in 0.057339 seconds 
Number of asset objects unloaded after import = 1
========================================================================
Received Import Request.
  Time since last request: 0.000105 seconds.
  path: Assets/ce am pus/oameni + ingrediente + pahare/ingrediente modele/PineappleJuice.fbx
  artifactKey: Guid(ad8bade4af0b91c48a92cc46dda67e18) Importer(815301076,1909f56bfc062723c751e8b465ee728b)
Number of updated assets reloaded before import = 0
Start importing Assets/ce am pus/oameni + ingrediente + pahare/ingrediente modele/PineappleJuice.fbx using Guid(ad8bade4af0b91c48a92cc46dda67e18) Importer(815301076,1909f56bfc062723c751e8b465ee728b)  -> (artifact id: 'a571127ea71d3d3fb4429c8df20d3c0b') in 0.172497 seconds 
Number of asset objects unloaded after import = 22
========================================================================
Received Import Request.
  Time since last request: 0.000165 seconds.
  path: Assets/ce am pus/oameni + ingrediente + pahare/ingrediente modele/Vodka.fbx
  artifactKey: Guid(5cd46f5994dea234896a9e4be6bba125) Importer(815301076,1909f56bfc062723c751e8b465ee728b)
Number of updated assets reloaded before import = 0
Start importing Assets/ce am pus/oameni + ingrediente + pahare/ingrediente modele/Vodka.fbx using Guid(5cd46f5994dea234896a9e4be6bba125) Importer(815301076,1909f56bfc062723c751e8b465ee728b)  -> (artifact id: '50e90c1e6fb638421a928c3479528bff') in 0.127474 seconds 
Number of asset objects unloaded after import = 30
========================================================================
Received Import Request.
  Time since last request: 0.000065 seconds.
  path: Assets/ce am pus/oameni + ingrediente + pahare/ingrediente modele/Sticker 3.mat
  artifactKey: Guid(afefc8542eba83748b658fc82f7a32d2) Importer(815301076,1909f56bfc062723c751e8b465ee728b)
Number of updated assets reloaded before import = 0
Start importing Assets/ce am pus/oameni + ingrediente + pahare/ingrediente modele/Sticker 3.mat using Guid(afefc8542eba83748b658fc82f7a32d2) Importer(815301076,1909f56bfc062723c751e8b465ee728b)  -> (artifact id: 'f9dcd8af3001545ee997242249b6cca0') in 0.089789 seconds 
Number of asset objects unloaded after import = 2
========================================================================
Received Import Request.
  Time since last request: 0.000053 seconds.
  path: Assets/ce am pus/oameni + ingrediente + pahare/ingrediente modele/Sticker 2.mat
  artifactKey: Guid(cab22e6041921b8428f399c4ed1bed8c) Importer(815301076,1909f56bfc062723c751e8b465ee728b)
Number of updated assets reloaded before import = 0
Start importing Assets/ce am pus/oameni + ingrediente + pahare/ingrediente modele/Sticker 2.mat using Guid(cab22e6041921b8428f399c4ed1bed8c) Importer(815301076,1909f56bfc062723c751e8b465ee728b)  -> (artifact id: '4c5b073685afbef8035fec0d28d2c588') in 0.080450 seconds 
Number of asset objects unloaded after import = 2
========================================================================
Received Import Request.
  Time since last request: 0.000354 seconds.
  path: Assets/ce am pus/oameni + ingrediente + pahare/ingrediente modele/VermouthRed.fbx
  artifactKey: Guid(cf8329a8170f97143b21918dfc26d94e) Importer(815301076,1909f56bfc062723c751e8b465ee728b)
Number of updated assets reloaded before import = 0
Start importing Assets/ce am pus/oameni + ingrediente + pahare/ingrediente modele/VermouthRed.fbx using Guid(cf8329a8170f97143b21918dfc26d94e) Importer(815301076,1909f56bfc062723c751e8b465ee728b)  -> (artifact id: '238ad0c6184cb720bee350ab436760c5') in 0.195982 seconds 
Number of asset objects unloaded after import = 35
========================================================================
Received Import Request.
  Time since last request: 0.000077 seconds.
  path: Assets/ce am pus/oameni + ingrediente + pahare/ingrediente modele/Tappo.001.mat
  artifactKey: Guid(e6f6b145f17e4404ca5ff9a0dd08d343) Importer(815301076,1909f56bfc062723c751e8b465ee728b)
Number of updated assets reloaded before import = 0
Start importing Assets/ce am pus/oameni + ingrediente + pahare/ingrediente modele/Tappo.001.mat using Guid(e6f6b145f17e4404ca5ff9a0dd08d343) Importer(815301076,1909f56bfc062723c751e8b465ee728b)  -> (artifact id: 'e39302e5a4c0f6d1e165eb816a9c8e16') in 0.121048 seconds 
Number of asset objects unloaded after import = 2
========================================================================
Received Import Request.
  Time since last request: 0.000079 seconds.
  path: Assets/ce am pus/oameni + ingrediente + pahare/ingrediente modele/SourMix.fbx
  artifactKey: Guid(bfe44f23d7b90d64f8af5a439d6b4dc0) Importer(815301076,1909f56bfc062723c751e8b465ee728b)
Number of updated assets reloaded before import = 0
Start importing Assets/ce am pus/oameni + ingrediente + pahare/ingrediente modele/SourMix.fbx using Guid(bfe44f23d7b90d64f8af5a439d6b4dc0) Importer(815301076,1909f56bfc062723c751e8b465ee728b)  -> (artifact id: 'd727429d93e81056f8b1ea2f95c56022') in 0.198770 seconds 
Number of asset objects unloaded after import = 28
========================================================================
Received Import Request.
  Time since last request: 0.000121 seconds.
  path: Assets/ce am pus/oameni + ingrediente + pahare/ingrediente modele/WhiteRum.fbx
  artifactKey: Guid(53a7310903fd1284b871e4cc11d364f7) Importer(815301076,1909f56bfc062723c751e8b465ee728b)
Number of updated assets reloaded before import = 0
Start importing Assets/ce am pus/oameni + ingrediente + pahare/ingrediente modele/WhiteRum.fbx using Guid(53a7310903fd1284b871e4cc11d364f7) Importer(815301076,1909f56bfc062723c751e8b465ee728b)  -> (artifact id: 'f0af183a05581d756f9265dd712d4fc7') in 0.259717 seconds 
Number of asset objects unloaded after import = 27
========================================================================
Received Import Request.
  Time since last request: 0.000059 seconds.
  path: Assets/ce am pus/oameni + ingrediente + pahare/ingrediente modele/Tex-Cocanero 7.png
  artifactKey: Guid(130e5434e7acb534a8cee2b4d0eac74b) Importer(815301076,1909f56bfc062723c751e8b465ee728b)
Number of updated assets reloaded before import = 0
Start importing Assets/ce am pus/oameni + ingrediente + pahare/ingrediente modele/Tex-Cocanero 7.png using Guid(130e5434e7acb534a8cee2b4d0eac74b) Importer(815301076,1909f56bfc062723c751e8b465ee728b)  -> (artifact id: '603bbc58432534ed49cc067acef5c743') in 0.085696 seconds 
Number of asset objects unloaded after import = 2
========================================================================
Received Import Request.
  Time since last request: 0.000069 seconds.
  path: Assets/ce am pus/oameni + ingrediente + pahare/ingrediente modele/Tex-Cocanero 1.png
  artifactKey: Guid(1172d011cd6af614fb559d345e63e800) Importer(815301076,1909f56bfc062723c751e8b465ee728b)
Number of updated assets reloaded before import = 0
Start importing Assets/ce am pus/oameni + ingrediente + pahare/ingrediente modele/Tex-Cocanero 1.png using Guid(1172d011cd6af614fb559d345e63e800) Importer(815301076,1909f56bfc062723c751e8b465ee728b)  -> (artifact id: '2becf97f1021f9f1fd8bb6c8cee17ae0') in 0.071122 seconds 
Number of asset objects unloaded after import = 2
========================================================================
Received Import Request.
  Time since last request: 0.000049 seconds.
  path: Assets/ce am pus/oameni + ingrediente + pahare/ingrediente modele/Shaker.fbx
  artifactKey: Guid(c5aa0dd22b4ba594999f2cf7289861f1) Importer(815301076,1909f56bfc062723c751e8b465ee728b)
Number of updated assets reloaded before import = 0
Start importing Assets/ce am pus/oameni + ingrediente + pahare/ingrediente modele/Shaker.fbx using Guid(c5aa0dd22b4ba594999f2cf7289861f1) Importer(815301076,1909f56bfc062723c751e8b465ee728b)  -> (artifact id: '9155e258966c4bbe67e44d1a5c5ec238') in 0.105719 seconds 
Number of asset objects unloaded after import = 13
========================================================================
Received Import Request.
  Time since last request: 0.000048 seconds.
  path: Assets/ce am pus/oameni + ingrediente + pahare/ingrediente modele/sugar_shaker.FBX
  artifactKey: Guid(71755a52c21834447a4e4f315a89904a) Importer(815301076,1909f56bfc062723c751e8b465ee728b)
Number of updated assets reloaded before import = 0
Start importing Assets/ce am pus/oameni + ingrediente + pahare/ingrediente modele/sugar_shaker.FBX using Guid(71755a52c21834447a4e4f315a89904a) Importer(815301076,1909f56bfc062723c751e8b465ee728b)  -> (artifact id: 'e0f3b9d8fb2990c3bf515f9662328b34') in 0.133336 seconds 
Number of asset objects unloaded after import = 10
========================================================================
Received Import Request.
  Time since last request: 0.000082 seconds.
  path: Assets/ce am pus/oameni + ingrediente + pahare/ingrediente modele/Standard_2.mat
  artifactKey: Guid(e30306161b6096c42a06c436bc0dcc37) Importer(815301076,1909f56bfc062723c751e8b465ee728b)
Number of updated assets reloaded before import = 0
Start importing Assets/ce am pus/oameni + ingrediente + pahare/ingrediente modele/Standard_2.mat using Guid(e30306161b6096c42a06c436bc0dcc37) Importer(815301076,1909f56bfc062723c751e8b465ee728b)  -> (artifact id: '25d9fb911de3f9581d39456a4df5ecaa') in 0.098313 seconds 
Number of asset objects unloaded after import = 1
========================================================================
Received Import Request.
  Time since last request: 0.000077 seconds.
  path: Assets/ce am pus/oameni + ingrediente + pahare/ingrediente modele/stirrings-triple-sec-liqueur.jpg
  artifactKey: Guid(13b631aa28c14154293e16989d4cf864) Importer(815301076,1909f56bfc062723c751e8b465ee728b)
Number of updated assets reloaded before import = 0
Start importing Assets/ce am pus/oameni + ingrediente + pahare/ingrediente modele/stirrings-triple-sec-liqueur.jpg using Guid(13b631aa28c14154293e16989d4cf864) Importer(815301076,1909f56bfc062723c751e8b465ee728b)  -> (artifact id: '14d30de2b90103daf4ba6231bda7723e') in 0.096461 seconds 
Number of asset objects unloaded after import = 2
========================================================================
Received Import Request.
  Time since last request: 0.000056 seconds.
  path: Assets/ce am pus/oameni + ingrediente + pahare/ingrediente modele/swe_new_hub209225.jpg
  artifactKey: Guid(dc31c609cfe9245468ca014cca7b5fa5) Importer(815301076,1909f56bfc062723c751e8b465ee728b)
Number of updated assets reloaded before import = 0
Start importing Assets/ce am pus/oameni + ingrediente + pahare/ingrediente modele/swe_new_hub209225.jpg using Guid(dc31c609cfe9245468ca014cca7b5fa5) Importer(815301076,1909f56bfc062723c751e8b465ee728b)  -> (artifact id: '80707e48848c3c2a999a9bb21f83fa5f') in 0.132053 seconds 
Number of asset objects unloaded after import = 2
========================================================================
Received Import Request.
  Time since last request: 0.000051 seconds.
  path: Assets/ce am pus/oameni + ingrediente + pahare/ingrediente modele/RotuloVinho.mat
  artifactKey: Guid(4db469a0f248d4c4e9a00d3f325c4dd1) Importer(815301076,1909f56bfc062723c751e8b465ee728b)
Number of updated assets reloaded before import = 0
Start importing Assets/ce am pus/oameni + ingrediente + pahare/ingrediente modele/RotuloVinho.mat using Guid(4db469a0f248d4c4e9a00d3f325c4dd1) Importer(815301076,1909f56bfc062723c751e8b465ee728b)  -> (artifact id: 'e2d714e130dd08b662cc0421ec050a60') in 0.102467 seconds 
Number of asset objects unloaded after import = 2
========================================================================
Received Import Request.
  Time since last request: 0.000082 seconds.
  path: Assets/ce am pus/oameni + ingrediente + pahare/ingrediente modele/Tex-Cocanero 4.png
  artifactKey: Guid(df741426015bed54b84fdce00f9289bd) Importer(815301076,1909f56bfc062723c751e8b465ee728b)
Number of updated assets reloaded before import = 0
Start importing Assets/ce am pus/oameni + ingrediente + pahare/ingrediente modele/Tex-Cocanero 4.png using Guid(df741426015bed54b84fdce00f9289bd) Importer(815301076,1909f56bfc062723c751e8b465ee728b)  -> (artifact id: '1390406727264bfe9ba7fd5493906a09') in 0.108035 seconds 
Number of asset objects unloaded after import = 2
========================================================================
Received Import Request.
  Time since last request: 0.000153 seconds.
  path: Assets/ce am pus/oameni + ingrediente + pahare/ingrediente modele/vintage-old-rum-label-for-bottle-vector-26241677.jpg
  artifactKey: Guid(f39f46f3ae1a32d4aa6fd79e6c03197b) Importer(815301076,1909f56bfc062723c751e8b465ee728b)
Number of updated assets reloaded before import = 0
Start importing Assets/ce am pus/oameni + ingrediente + pahare/ingrediente modele/vintage-old-rum-label-for-bottle-vector-26241677.jpg using Guid(f39f46f3ae1a32d4aa6fd79e6c03197b) Importer(815301076,1909f56bfc062723c751e8b465ee728b)  -> (artifact id: 'd9057b9e2a7c78d8105bc1445e3efac6') in 0.136200 seconds 
Number of asset objects unloaded after import = 2
========================================================================
Received Import Request.
  Time since last request: 0.000115 seconds.
  path: Assets/ce am pus/oameni + ingrediente + pahare/ingrediente modele/PlaticoVermelhoEscuro 2.mat
  artifactKey: Guid(8c5122cb985a50d4eaeb2390b4e623b6) Importer(815301076,1909f56bfc062723c751e8b465ee728b)
Number of updated assets reloaded before import = 0
Start importing Assets/ce am pus/oameni + ingrediente + pahare/ingrediente modele/PlaticoVermelhoEscuro 2.mat using Guid(8c5122cb985a50d4eaeb2390b4e623b6) Importer(815301076,1909f56bfc062723c751e8b465ee728b)  -> (artifact id: 'a0615500c0622653c0ee55d0eeda0c4c') in 0.107668 seconds 
Number of asset objects unloaded after import = 1
========================================================================
Received Import Request.
  Time since last request: 0.000078 seconds.
  path: Assets/ce am pus/oameni + ingrediente + pahare/ingrediente modele/Tomato.fbx
  artifactKey: Guid(674300094d8256b48a42e1bccaa36578) Importer(815301076,1909f56bfc062723c751e8b465ee728b)
Number of updated assets reloaded before import = 0
Start importing Assets/ce am pus/oameni + ingrediente + pahare/ingrediente modele/Tomato.fbx using Guid(674300094d8256b48a42e1bccaa36578) Importer(815301076,1909f56bfc062723c751e8b465ee728b)  -> (artifact id: 'e89f59ec5a47524d8ce1fa8cbeef1df7') in 0.151144 seconds 
Number of asset objects unloaded after import = 23
========================================================================
Received Import Request.
  Time since last request: 0.000049 seconds.
  path: Assets/ce am pus/oameni + ingrediente + pahare/ingrediente modele/PlaticoVermelhoEscuro.mat
  artifactKey: Guid(b1f527a4c29692f4eab69d35781d6075) Importer(815301076,1909f56bfc062723c751e8b465ee728b)
Number of updated assets reloaded before import = 0
Start importing Assets/ce am pus/oameni + ingrediente + pahare/ingrediente modele/PlaticoVermelhoEscuro.mat using Guid(b1f527a4c29692f4eab69d35781d6075) Importer(815301076,1909f56bfc062723c751e8b465ee728b)  -> (artifact id: 'b0f5195039a4ba7c922a36ed9d86d216') in 0.116986 seconds 
Number of asset objects unloaded after import = 1
========================================================================
Received Import Request.
  Time since last request: 0.000104 seconds.
  path: Assets/ce am pus/oameni + ingrediente + pahare/ingrediente modele/RotuloSmirnoff 1.mat
  artifactKey: Guid(023a56a4091791c41b4951702489111c) Importer(815301076,1909f56bfc062723c751e8b465ee728b)
Number of updated assets reloaded before import = 0
Start importing Assets/ce am pus/oameni + ingrediente + pahare/ingrediente modele/RotuloSmirnoff 1.mat using Guid(023a56a4091791c41b4951702489111c) Importer(815301076,1909f56bfc062723c751e8b465ee728b)  -> (artifact id: '7e4a9f863ec69da5c7d2c8fdbde8879f') in 0.107806 seconds 
Number of asset objects unloaded after import = 2
========================================================================
Received Import Request.
  Time since last request: 0.000077 seconds.
  path: Assets/ce am pus/oameni + ingrediente + pahare/ingrediente modele/PeachSchnapps.fbx
  artifactKey: Guid(910f9611790704b4788eae6df98d00f2) Importer(815301076,1909f56bfc062723c751e8b465ee728b)
Number of updated assets reloaded before import = 0
Start importing Assets/ce am pus/oameni + ingrediente + pahare/ingrediente modele/PeachSchnapps.fbx using Guid(910f9611790704b4788eae6df98d00f2) Importer(815301076,1909f56bfc062723c751e8b465ee728b)  -> (artifact id: 'db7176b5a3ddcc36d6b3da9acda6c6ac') in 0.194165 seconds 
Number of asset objects unloaded after import = 27
========================================================================
Received Import Request.
  Time since last request: 0.000052 seconds.
  path: Assets/ce am pus/oameni + ingrediente + pahare/ingrediente modele/Pack_1l_color.mat
  artifactKey: Guid(5e75771473552cf45a4b2f41ff65fb5c) Importer(815301076,1909f56bfc062723c751e8b465ee728b)
Number of updated assets reloaded before import = 0
Start importing Assets/ce am pus/oameni + ingrediente + pahare/ingrediente modele/Pack_1l_color.mat using Guid(5e75771473552cf45a4b2f41ff65fb5c) Importer(815301076,1909f56bfc062723c751e8b465ee728b)  -> (artifact id: 'd57f357541f94ea1bbfcedb9fba63906') in 0.120106 seconds 
Number of asset objects unloaded after import = 2
========================================================================
Received Import Request.
  Time since last request: 0.000114 seconds.
  path: Assets/ce am pus/oameni + ingrediente + pahare/ingrediente modele/RotuloSmirnoff.mat
  artifactKey: Guid(4cd62be0d3e4ab144882f790e1c360f1) Importer(815301076,1909f56bfc062723c751e8b465ee728b)
Number of updated assets reloaded before import = 0
Start importing Assets/ce am pus/oameni + ingrediente + pahare/ingrediente modele/RotuloSmirnoff.mat using Guid(4cd62be0d3e4ab144882f790e1c360f1) Importer(815301076,1909f56bfc062723c751e8b465ee728b)  -> (artifact id: '24259e216b2d765f2e00639df03e1f19') in 0.078234 seconds 
Number of asset objects unloaded after import = 2
========================================================================
Received Import Request.
  Time since last request: 0.000079 seconds.
  path: Assets/ce am pus/oameni + ingrediente + pahare/ingrediente modele/Top of the Bottle 1.mat
  artifactKey: Guid(7fb9a62216fac1d4fb3e96b2db5651c8) Importer(815301076,1909f56bfc062723c751e8b465ee728b)
Number of updated assets reloaded before import = 0
Start importing Assets/ce am pus/oameni + ingrediente + pahare/ingrediente modele/Top of the Bottle 1.mat using Guid(7fb9a62216fac1d4fb3e96b2db5651c8) Importer(815301076,1909f56bfc062723c751e8b465ee728b)  -> (artifact id: '380f262d8e5edd49fb26e719798ccd08') in 0.093069 seconds 
Number of asset objects unloaded after import = 1
========================================================================
Received Import Request.
  Time since last request: 0.000041 seconds.
  path: Assets/ce am pus/oameni + ingrediente + pahare/ingrediente modele/Tabasco.fbx
  artifactKey: Guid(f68f93445c98f2044ad4599b0cc0cab8) Importer(815301076,1909f56bfc062723c751e8b465ee728b)
Number of updated assets reloaded before import = 0
Start importing Assets/ce am pus/oameni + ingrediente + pahare/ingrediente modele/Tabasco.fbx using Guid(f68f93445c98f2044ad4599b0cc0cab8) Importer(815301076,1909f56bfc062723c751e8b465ee728b)  -> (artifact id: '821429d6db87139d77ebfe4de16be249') in 0.185839 seconds 
Number of asset objects unloaded after import = 28
========================================================================
Received Import Request.
  Time since last request: 0.000062 seconds.
  path: Assets/ce am pus/oameni + ingrediente + pahare/ingrediente modele/PlaticoVermelhoEscuroVinho 1.mat
  artifactKey: Guid(9af07a677c30a6d4ba62e0a203e9d153) Importer(815301076,1909f56bfc062723c751e8b465ee728b)
Number of updated assets reloaded before import = 0
Start importing Assets/ce am pus/oameni + ingrediente + pahare/ingrediente modele/PlaticoVermelhoEscuroVinho 1.mat using Guid(9af07a677c30a6d4ba62e0a203e9d153) Importer(815301076,1909f56bfc062723c751e8b465ee728b)  -> (artifact id: '46d856b1388305114fe5ec4f44995328') in 0.092485 seconds 
Number of asset objects unloaded after import = 1
========================================================================
Received Import Request.
  Time since last request: 0.000135 seconds.
  path: Assets/ce am pus/oameni + ingrediente + pahare/ingrediente modele/Tex-Cocanero 13.png
  artifactKey: Guid(af1ec03f9e7c3854aaf73fa4081484d5) Importer(815301076,1909f56bfc062723c751e8b465ee728b)
Number of updated assets reloaded before import = 0
Start importing Assets/ce am pus/oameni + ingrediente + pahare/ingrediente modele/Tex-Cocanero 13.png using Guid(af1ec03f9e7c3854aaf73fa4081484d5) Importer(815301076,1909f56bfc062723c751e8b465ee728b)  -> (artifact id: '7d8506dc1d32000b90e9a180b678d31f') in 0.112844 seconds 
Number of asset objects unloaded after import = 2
========================================================================
Received Import Request.
  Time since last request: 0.000117 seconds.
  path: Assets/ce am pus/oameni + ingrediente + pahare/ingrediente modele/Rum.fbx
  artifactKey: Guid(8fb1cfeda9504dc4dbbb98e38d5feedf) Importer(815301076,1909f56bfc062723c751e8b465ee728b)
Number of updated assets reloaded before import = 0
Start importing Assets/ce am pus/oameni + ingrediente + pahare/ingrediente modele/Rum.fbx using Guid(8fb1cfeda9504dc4dbbb98e38d5feedf) Importer(815301076,1909f56bfc062723c751e8b465ee728b)  -> (artifact id: '0db550f62301a98fd0c4c40dc44a7110') in 0.272332 seconds 
Number of asset objects unloaded after import = 27
Editor requested this worker to shutdown with reason: Scaling down because of idle timeout
AssetImportWorker is now disconnected from the server
Process exiting
Exiting without the bug reporter. Application will terminate with return code 0