Using pre-set license
Built from '2021.3/staging' branch; Version is '2021.3.31f1 (3409e2af086f) revision 3410402'; Using compiler version '192829333'; Build Type 'Release'
OS: 'Windows 10  (10.0.19045) 64bit Core' Language: 'en' Physical Memory: 8080 MB
BatchMode: 1, IsHumanControllingUs: 0, StartBugReporterOnCrash: 0, Is64bit: 1, IsPro: 1

COMMAND LINE ARGUMENTS:
C:\Program Files\Unity\Hub\Editor\2021.3.31f1\Editor\Unity.exe
-adb2
-batchMode
-noUpm
-name
AssetImportWorker4
-projectPath
D:/Informatica/IMR/Proiect/IMR_Project
-logFile
Logs/AssetImportWorker4.log
-srvPort
57740
Successfully changed project path to: D:/Informatica/IMR/Proiect/IMR_Project
D:/Informatica/IMR/Proiect/IMR_Project
[UnityMemory] Configuration Parameters - Can be set up in boot.config
    "memorysetup-bucket-allocator-granularity=16"
    "memorysetup-bucket-allocator-bucket-count=8"
    "memorysetup-bucket-allocator-block-size=33554432"
    "memorysetup-bucket-allocator-block-count=8"
    "memorysetup-main-allocator-block-size=16777216"
    "memorysetup-thread-allocator-block-size=16777216"
    "memorysetup-gfx-main-allocator-block-size=16777216"
    "memorysetup-gfx-thread-allocator-block-size=16777216"
    "memorysetup-cache-allocator-block-size=4194304"
    "memorysetup-typetree-allocator-block-size=2097152"
    "memorysetup-profiler-bucket-allocator-granularity=16"
    "memorysetup-profiler-bucket-allocator-bucket-count=8"
    "memorysetup-profiler-bucket-allocator-block-size=33554432"
    "memorysetup-profiler-bucket-allocator-block-count=8"
    "memorysetup-profiler-allocator-block-size=16777216"
    "memorysetup-profiler-editor-allocator-block-size=1048576"
    "memorysetup-temp-allocator-size-main=16777216"
    "memorysetup-job-temp-allocator-block-size=2097152"
    "memorysetup-job-temp-allocator-block-size-background=1048576"
    "memorysetup-job-temp-allocator-reduction-small-platforms=262144"
    "memorysetup-temp-allocator-size-background-worker=32768"
    "memorysetup-temp-allocator-size-job-worker=262144"
    "memorysetup-temp-allocator-size-preload-manager=33554432"
    "memorysetup-temp-allocator-size-nav-mesh-worker=65536"
    "memorysetup-temp-allocator-size-audio-worker=65536"
    "memorysetup-temp-allocator-size-cloud-worker=32768"
    "memorysetup-temp-allocator-size-gi-baking-worker=262144"
    "memorysetup-temp-allocator-size-gfx=262144"
Player connection [20264] Host "[IP] 192.168.206.1 [Port] 0 [Flags] 2 [Guid] 2181386658 [EditorId] 2181386658 [Version] 1048832 [Id] WindowsEditor(7,DESKTOP-LO7EK9M) [Debug] 1 [PackageName] WindowsEditor [ProjectName] Editor" joined multi-casting on [225.0.0.222:54997]...

Player connection [20264] Host "[IP] 192.168.206.1 [Port] 0 [Flags] 2 [Guid] 2181386658 [EditorId] 2181386658 [Version] 1048832 [Id] WindowsEditor(7,DESKTOP-LO7EK9M) [Debug] 1 [PackageName] WindowsEditor [ProjectName] Editor" joined alternative multi-casting on [225.0.0.222:34997]...

[Physics::Module] Initialized MultithreadedJobDispatcher with {0} workers.
Refreshing native plugins compatible for Editor in 85.77 ms, found 3 plugins.
Preloading 0 native plugins for Editor in 0.00 ms.
Initialize engine version: 2021.3.31f1 (3409e2af086f)
[Subsystems] Discovering subsystems at path C:/Program Files/Unity/Hub/Editor/2021.3.31f1/Editor/Data/Resources/UnitySubsystems
[Subsystems] Discovering subsystems at path D:/Informatica/IMR/Proiect/IMR_Project/Assets
GfxDevice: creating device client; threaded=0; jobified=0
Direct3D:
    Version:  Direct3D 11.0 [level 11.1]
    Renderer: NVIDIA GeForce GTX 1050 Ti (ID=0x1c8c)
    Vendor:   NVIDIA
    VRAM:     4017 MB
    Driver:   31.0.15.4601
Initialize mono
Mono path[0] = 'C:/Program Files/Unity/Hub/Editor/2021.3.31f1/Editor/Data/Managed'
Mono path[1] = 'C:/Program Files/Unity/Hub/Editor/2021.3.31f1/Editor/Data/MonoBleedingEdge/lib/mono/unityjit-win32'
Mono config path = 'C:/Program Files/Unity/Hub/Editor/2021.3.31f1/Editor/Data/MonoBleedingEdge/etc'
Using monoOptions --debugger-agent=transport=dt_socket,embedding=1,server=y,suspend=n,address=127.0.0.1:56260
Begin MonoManager ReloadAssembly
Registering precompiled unity dll's ...
Register platform support module: C:/Program Files/Unity/Hub/Editor/2021.3.31f1/Editor/Data/PlaybackEngines/AndroidPlayer/UnityEditor.Android.Extensions.dll
Register platform support module: C:/Program Files/Unity/Hub/Editor/2021.3.31f1/Editor/Data/PlaybackEngines/WindowsStandaloneSupport/UnityEditor.WindowsStandalone.Extensions.dll
Registered in 0.019517 seconds.
Native extension for WindowsStandalone target not found
Native extension for Android target not found
Android Extension - Scanning For ADB Devices 411 ms
Refreshing native plugins compatible for Editor in 97.27 ms, found 3 plugins.
Preloading 0 native plugins for Editor in 0.00 ms.
Mono: successfully reloaded assembly
- Completed reload, in  1.497 seconds
Domain Reload Profiling:
	ReloadAssembly (1498ms)
		BeginReloadAssembly (131ms)
			ExecutionOrderSort (0ms)
			DisableScriptedObjects (0ms)
			BackupInstance (0ms)
			ReleaseScriptingObjects (0ms)
			CreateAndSetChildDomain (1ms)
		EndReloadAssembly (1163ms)
			LoadAssemblies (130ms)
			RebuildTransferFunctionScriptingTraits (0ms)
			SetupTypeCache (198ms)
			ReleaseScriptCaches (0ms)
			RebuildScriptCaches (44ms)
			SetupLoadedEditorAssemblies (855ms)
				LogAssemblyErrors (0ms)
				InitializePlatformSupportModulesInManaged (561ms)
				SetLoadedEditorAssemblies (0ms)
				RefreshPlugins (97ms)
				BeforeProcessingInitializeOnLoad (2ms)
				ProcessInitializeOnLoadAttributes (122ms)
				ProcessInitializeOnLoadMethodAttributes (73ms)
				AfterProcessingInitializeOnLoad (0ms)
				EditorAssembliesLoaded (0ms)
			ExecutionOrderSort2 (0ms)
			AwakeInstancesAfterBackupRestoration (0ms)
Platform modules already initialized, skipping
Registering precompiled user dll's ...
Registered in 0.005243 seconds.
Begin MonoManager ReloadAssembly
Native extension for WindowsStandalone target not found
Native extension for Android target not found
Refreshing native plugins compatible for Editor in 0.51 ms, found 3 plugins.
Preloading 0 native plugins for Editor in 0.00 ms.
Package Manager log level set to [2]
[Package Manager] Server::EnsureServerProcessIsRunning -- launch failed, reason: Unity was launched with the -noUpm command-line argument
[Package Manager] Cannot connect to Unity Package Manager local server
Mono: successfully reloaded assembly
- Completed reload, in  1.557 seconds
Domain Reload Profiling:
	ReloadAssembly (1558ms)
		BeginReloadAssembly (192ms)
			ExecutionOrderSort (0ms)
			DisableScriptedObjects (12ms)
			BackupInstance (0ms)
			ReleaseScriptingObjects (0ms)
			CreateAndSetChildDomain (30ms)
		EndReloadAssembly (1227ms)
			LoadAssemblies (141ms)
			RebuildTransferFunctionScriptingTraits (0ms)
			SetupTypeCache (315ms)
			ReleaseScriptCaches (1ms)
			RebuildScriptCaches (49ms)
			SetupLoadedEditorAssemblies (719ms)
				LogAssemblyErrors (0ms)
				InitializePlatformSupportModulesInManaged (21ms)
				SetLoadedEditorAssemblies (0ms)
				RefreshPlugins (1ms)
				BeforeProcessingInitializeOnLoad (74ms)
				ProcessInitializeOnLoadAttributes (582ms)
				ProcessInitializeOnLoadMethodAttributes (28ms)
				AfterProcessingInitializeOnLoad (13ms)
				EditorAssembliesLoaded (0ms)
			ExecutionOrderSort2 (0ms)
			AwakeInstancesAfterBackupRestoration (9ms)
Platform modules already initialized, skipping
========================================================================
Worker process is ready to serve import requests
Launched and connected shader compiler UnityShaderCompiler.exe after 0.05 seconds
Refreshing native plugins compatible for Editor in 0.69 ms, found 3 plugins.
Preloading 0 native plugins for Editor in 0.00 ms.
Unloading 3082 Unused Serialized files (Serialized files now loaded: 0)
Unloading 23 unused Assets / (47.0 KB). Loaded Objects now: 3548.
Memory consumption went from 115.9 MB to 115.9 MB.
Total: 2.952200 ms (FindLiveObjects: 0.280500 ms CreateObjectMapping: 0.187100 ms MarkObjects: 2.405500 ms  DeleteObjects: 0.078300 ms)

AssetImportParameters requested are different than current active one (requested -> active):
  custom:video-decoder-ogg-theora: a1e56fd34408186e4bbccfd4996cb3dc -> 
  custom:container-muxer-webm: aa71ff27fc2769a1b78a27578f13a17b -> 
  custom:container-demuxer-webm: 4f35f7cbe854078d1ac9338744f61a02 -> 
  custom:video-encoder-webm-vp8: eb34c28f22e8b96e1ab97ce403110664 -> 
  custom:CustomObjectIndexerAttribute: bc11b3a6c3213fcdd17b65e7da85e133 -> 
  custom:audio-encoder-webm-vorbis: bf7c407c2cedff20999df2af8eb42d56 -> 
  custom:framework-win-MediaFoundation: 216162199b28c13a410421893ffa2e32 -> 
  custom:SearchIndexIgnoredProperties: e643bd26f0fe6173181afceb89e7c659 -> 
  custom:container-demuxer-ogg: 62fdf1f143b41e24485cea50d1cbac27 -> 
  custom:video-decoder-webm-vp8: 9c59270c3fd7afecdb556c50c9e8de78 -> 
  custom:audio-decoder-ogg-vorbis: bf7c407c2cedff20999df2af8eb42d56 -> 
========================================================================
Received Prepare
Registering precompiled user dll's ...
Registered in 0.004276 seconds.
Begin MonoManager ReloadAssembly
Native extension for WindowsStandalone target not found
Native extension for Android target not found
Refreshing native plugins compatible for Editor in 0.96 ms, found 3 plugins.
Preloading 0 native plugins for Editor in 0.00 ms.
[Package Manager] Server::EnsureServerProcessIsRunning -- launch failed, reason: Unity was launched with the -noUpm command-line argument
[Package Manager] Cannot connect to Unity Package Manager local server
Mono: successfully reloaded assembly
- Completed reload, in  1.625 seconds
Domain Reload Profiling:
	ReloadAssembly (1626ms)
		BeginReloadAssembly (184ms)
			ExecutionOrderSort (0ms)
			DisableScriptedObjects (6ms)
			BackupInstance (0ms)
			ReleaseScriptingObjects (0ms)
			CreateAndSetChildDomain (36ms)
		EndReloadAssembly (1339ms)
			LoadAssemblies (107ms)
			RebuildTransferFunctionScriptingTraits (0ms)
			SetupTypeCache (334ms)
			ReleaseScriptCaches (2ms)
			RebuildScriptCaches (57ms)
			SetupLoadedEditorAssemblies (778ms)
				LogAssemblyErrors (0ms)
				InitializePlatformSupportModulesInManaged (28ms)
				SetLoadedEditorAssemblies (1ms)
				RefreshPlugins (1ms)
				BeforeProcessingInitializeOnLoad (74ms)
				ProcessInitializeOnLoadAttributes (633ms)
				ProcessInitializeOnLoadMethodAttributes (31ms)
				AfterProcessingInitializeOnLoad (10ms)
				EditorAssembliesLoaded (0ms)
			ExecutionOrderSort2 (0ms)
			AwakeInstancesAfterBackupRestoration (12ms)
Platform modules already initialized, skipping
Refreshing native plugins compatible for Editor in 1.69 ms, found 3 plugins.
Preloading 0 native plugins for Editor in 0.00 ms.
Unloading 3061 Unused Serialized files (Serialized files now loaded: 0)
Unloading 18 unused Assets / (21.9 KB). Loaded Objects now: 3551.
Memory consumption went from 114.1 MB to 114.1 MB.
Total: 3.708700 ms (FindLiveObjects: 0.374000 ms CreateObjectMapping: 0.232500 ms MarkObjects: 3.037100 ms  DeleteObjects: 0.063900 ms)

AssetImportParameters requested are different than current active one (requested -> active):
  custom:video-decoder-ogg-theora: a1e56fd34408186e4bbccfd4996cb3dc -> 
  custom:container-muxer-webm: aa71ff27fc2769a1b78a27578f13a17b -> 
  custom:container-demuxer-webm: 4f35f7cbe854078d1ac9338744f61a02 -> 
  custom:video-encoder-webm-vp8: eb34c28f22e8b96e1ab97ce403110664 -> 
  custom:CustomObjectIndexerAttribute: bc11b3a6c3213fcdd17b65e7da85e133 -> 
  custom:audio-encoder-webm-vorbis: bf7c407c2cedff20999df2af8eb42d56 -> 
  custom:framework-win-MediaFoundation: 216162199b28c13a410421893ffa2e32 -> 
  custom:SearchIndexIgnoredProperties: e643bd26f0fe6173181afceb89e7c659 -> 
  custom:container-demuxer-ogg: 62fdf1f143b41e24485cea50d1cbac27 -> 
  custom:video-decoder-webm-vp8: 9c59270c3fd7afecdb556c50c9e8de78 -> 
  custom:audio-decoder-ogg-vorbis: bf7c407c2cedff20999df2af8eb42d56 -> 
========================================================================
Received Import Request.
  Time since last request: 31406.207235 seconds.
  path: Assets/Scenes/SampleScene.unity
  artifactKey: Guid(9fc0d4010bbf28b4594072e72b8655ab) Importer(815301076,1909f56bfc062723c751e8b465ee728b)
Number of updated assets reloaded before import = 0
Start importing Assets/Scenes/SampleScene.unity using Guid(9fc0d4010bbf28b4594072e72b8655ab) Importer(815301076,1909f56bfc062723c751e8b465ee728b)  -> (artifact id: 'f502d460bca0a643e99714358658940e') in 0.008179 seconds 
Number of asset objects unloaded after import = 0
========================================================================
Received Import Request.
  Time since last request: 6.589504 seconds.
  path: Assets/Scenes/CreativeScene.unity
  artifactKey: Guid(9fc0d4010bbf28b4594072e72b8655ab) Importer(815301076,1909f56bfc062723c751e8b465ee728b)
Number of updated assets reloaded before import = 0
Start importing Assets/Scenes/CreativeScene.unity using Guid(9fc0d4010bbf28b4594072e72b8655ab) Importer(815301076,1909f56bfc062723c751e8b465ee728b)  -> (artifact id: '88a237c9e990c0f3e3ca4b3f9eeb6264') in 0.006858 seconds 
Number of asset objects unloaded after import = 0
========================================================================
Received Prepare
Registering precompiled user dll's ...
Registered in 0.003647 seconds.
Begin MonoManager ReloadAssembly
Native extension for WindowsStandalone target not found
Native extension for Android target not found
Refreshing native plugins compatible for Editor in 0.54 ms, found 3 plugins.
Preloading 0 native plugins for Editor in 0.00 ms.
[Package Manager] Server::EnsureServerProcessIsRunning -- launch failed, reason: Unity was launched with the -noUpm command-line argument
[Package Manager] Cannot connect to Unity Package Manager local server
Mono: successfully reloaded assembly
- Completed reload, in  1.639 seconds
Domain Reload Profiling:
	ReloadAssembly (1640ms)
		BeginReloadAssembly (163ms)
			ExecutionOrderSort (0ms)
			DisableScriptedObjects (6ms)
			BackupInstance (0ms)
			ReleaseScriptingObjects (0ms)
			CreateAndSetChildDomain (35ms)
		EndReloadAssembly (1370ms)
			LoadAssemblies (110ms)
			RebuildTransferFunctionScriptingTraits (0ms)
			SetupTypeCache (324ms)
			ReleaseScriptCaches (2ms)
			RebuildScriptCaches (65ms)
			SetupLoadedEditorAssemblies (795ms)
				LogAssemblyErrors (0ms)
				InitializePlatformSupportModulesInManaged (32ms)
				SetLoadedEditorAssemblies (0ms)
				RefreshPlugins (1ms)
				BeforeProcessingInitializeOnLoad (76ms)
				ProcessInitializeOnLoadAttributes (642ms)
				ProcessInitializeOnLoadMethodAttributes (32ms)
				AfterProcessingInitializeOnLoad (12ms)
				EditorAssembliesLoaded (0ms)
			ExecutionOrderSort2 (0ms)
			AwakeInstancesAfterBackupRestoration (11ms)
Platform modules already initialized, skipping
Refreshing native plugins compatible for Editor in 1.42 ms, found 3 plugins.
Preloading 0 native plugins for Editor in 0.00 ms.
Unloading 3061 Unused Serialized files (Serialized files now loaded: 0)
Unloading 18 unused Assets / (21.9 KB). Loaded Objects now: 3554.
Memory consumption went from 114.1 MB to 114.1 MB.
Total: 6.142900 ms (FindLiveObjects: 0.365900 ms CreateObjectMapping: 0.292000 ms MarkObjects: 5.400400 ms  DeleteObjects: 0.082400 ms)

AssetImportParameters requested are different than current active one (requested -> active):
  custom:video-decoder-ogg-theora: a1e56fd34408186e4bbccfd4996cb3dc -> 
  custom:container-muxer-webm: aa71ff27fc2769a1b78a27578f13a17b -> 
  custom:container-demuxer-webm: 4f35f7cbe854078d1ac9338744f61a02 -> 
  custom:video-encoder-webm-vp8: eb34c28f22e8b96e1ab97ce403110664 -> 
  custom:CustomObjectIndexerAttribute: bc11b3a6c3213fcdd17b65e7da85e133 -> 
  custom:audio-encoder-webm-vorbis: bf7c407c2cedff20999df2af8eb42d56 -> 
  custom:framework-win-MediaFoundation: 216162199b28c13a410421893ffa2e32 -> 
  custom:SearchIndexIgnoredProperties: e643bd26f0fe6173181afceb89e7c659 -> 
  custom:container-demuxer-ogg: 62fdf1f143b41e24485cea50d1cbac27 -> 
  custom:video-decoder-webm-vp8: 9c59270c3fd7afecdb556c50c9e8de78 -> 
  custom:audio-decoder-ogg-vorbis: bf7c407c2cedff20999df2af8eb42d56 -> 
========================================================================
Received Import Request.
  Time since last request: 417.908504 seconds.
  path: Assets/Recipes
  artifactKey: Guid(ee636cfbf3d289644b6f7a212c66edff) Importer(815301076,1909f56bfc062723c751e8b465ee728b)
Number of updated assets reloaded before import = 0
Start importing Assets/Recipes using Guid(ee636cfbf3d289644b6f7a212c66edff) Importer(815301076,1909f56bfc062723c751e8b465ee728b)  -> (artifact id: '786549565e53f341de4cce8a582c5077') in 0.019037 seconds 
Number of asset objects unloaded after import = 0
========================================================================
Received Import Request.
  Time since last request: 81.359246 seconds.
  path: Assets/Recipes/BloodyMaryPage.fbx
  artifactKey: Guid(bfd606ae87634d54da1c3fe50b06cc3d) Importer(815301076,1909f56bfc062723c751e8b465ee728b)
Number of updated assets reloaded before import = 0
Start importing Assets/Recipes/BloodyMaryPage.fbx using Guid(bfd606ae87634d54da1c3fe50b06cc3d) Importer(815301076,1909f56bfc062723c751e8b465ee728b)  -> (artifact id: '82aa14ecafca5ecdcf528161fe98c1e7') in 2.825522 seconds 
Number of asset objects unloaded after import = 22
========================================================================
Received Import Request.
  Time since last request: 0.000056 seconds.
  path: Assets/Recipes/LongIslandIceTeaPage.fbx
  artifactKey: Guid(0d1024a5a6d3f4b4997dca0718b89ffe) Importer(815301076,1909f56bfc062723c751e8b465ee728b)
Number of updated assets reloaded before import = 0
Start importing Assets/Recipes/LongIslandIceTeaPage.fbx using Guid(0d1024a5a6d3f4b4997dca0718b89ffe) Importer(815301076,1909f56bfc062723c751e8b465ee728b)  -> (artifact id: '2ad35f5b672ffb7545410dbc8c436de7') in 0.030243 seconds 
Number of asset objects unloaded after import = 22
========================================================================
Received Import Request.
  Time since last request: 0.000023 seconds.
  path: Assets/Recipes/TheGhostPage.fbx
  artifactKey: Guid(3c3c9301db2c24a468bb6f42bed7ea0c) Importer(815301076,1909f56bfc062723c751e8b465ee728b)
Number of updated assets reloaded before import = 0
Start importing Assets/Recipes/TheGhostPage.fbx using Guid(3c3c9301db2c24a468bb6f42bed7ea0c) Importer(815301076,1909f56bfc062723c751e8b465ee728b)  -> (artifact id: '4b3ee4dc51abc371b187532f53a316a6') in 0.312950 seconds 
Number of asset objects unloaded after import = 22
========================================================================
Received Import Request.
  Time since last request: 0.000023 seconds.
  path: Assets/Recipes/GinTonicPage.fbx
  artifactKey: Guid(7d0359ad9c3510a45b2d4d7694b404e7) Importer(815301076,1909f56bfc062723c751e8b465ee728b)
Number of updated assets reloaded before import = 0
Start importing Assets/Recipes/GinTonicPage.fbx using Guid(7d0359ad9c3510a45b2d4d7694b404e7) Importer(815301076,1909f56bfc062723c751e8b465ee728b)  -> (artifact id: '6360def60525d1fdd5e7da0e5a8775d5') in 0.062376 seconds 
Number of asset objects unloaded after import = 22
========================================================================
Received Import Request.
  Time since last request: 0.000076 seconds.
  path: Assets/Recipes/TequilaSunrisePage.fbx
  artifactKey: Guid(0d039b807643da64cac9970dccf40e7c) Importer(815301076,1909f56bfc062723c751e8b465ee728b)
Number of updated assets reloaded before import = 0
Start importing Assets/Recipes/TequilaSunrisePage.fbx using Guid(0d039b807643da64cac9970dccf40e7c) Importer(815301076,1909f56bfc062723c751e8b465ee728b)  -> (artifact id: '113db31832fb06f4e93bf1ccb91c5555') in 0.076530 seconds 
Number of asset objects unloaded after import = 22
========================================================================
Received Import Request.
  Time since last request: 0.000022 seconds.
  path: Assets/Recipes/SexOnTheBeachPage.fbx
  artifactKey: Guid(c0ddcfed1121dda40b3968847fa4815e) Importer(815301076,1909f56bfc062723c751e8b465ee728b)
Number of updated assets reloaded before import = 0
Start importing Assets/Recipes/SexOnTheBeachPage.fbx using Guid(c0ddcfed1121dda40b3968847fa4815e) Importer(815301076,1909f56bfc062723c751e8b465ee728b)  -> (artifact id: '761b76f6fc86fba80ab2dd41c766ae68') in 0.046453 seconds 
Number of asset objects unloaded after import = 22
========================================================================
Received Import Request.
  Time since last request: 0.000029 seconds.
  path: Assets/Recipes/HotRodPage.fbx
  artifactKey: Guid(43debf5928531974ba68bfc09e66207a) Importer(815301076,1909f56bfc062723c751e8b465ee728b)
Number of updated assets reloaded before import = 0
Start importing Assets/Recipes/HotRodPage.fbx using Guid(43debf5928531974ba68bfc09e66207a) Importer(815301076,1909f56bfc062723c751e8b465ee728b)  -> (artifact id: '391cac626df7813a1a310b5d9d02e585') in 0.044174 seconds 
Number of asset objects unloaded after import = 22
========================================================================
Received Import Request.
  Time since last request: 10.505619 seconds.
  path: Assets/Recipes/BloodyMaryPage.fbx
  artifactKey: Guid(bfd606ae87634d54da1c3fe50b06cc3d) Importer(815301076,1909f56bfc062723c751e8b465ee728b)
Number of updated assets reloaded before import = 0
Start importing Assets/Recipes/BloodyMaryPage.fbx using Guid(bfd606ae87634d54da1c3fe50b06cc3d) Importer(815301076,1909f56bfc062723c751e8b465ee728b)  -> (artifact id: '164ca4b03c1fdc3947415b6baefed54e') in 0.067227 seconds 
Number of asset objects unloaded after import = 23
========================================================================
Received Import Request.
  Time since last request: 7.992822 seconds.
  path: Assets/Recipes/CosmopolitanPage.fbx
  artifactKey: Guid(063bb79ad5da63d458537ea00fa44c23) Importer(815301076,1909f56bfc062723c751e8b465ee728b)
Number of updated assets reloaded before import = 0
Start importing Assets/Recipes/CosmopolitanPage.fbx using Guid(063bb79ad5da63d458537ea00fa44c23) Importer(815301076,1909f56bfc062723c751e8b465ee728b)  -> (artifact id: '9e7f47d9a63deb19450bedf1c47590fd') in 0.037610 seconds 
Number of asset objects unloaded after import = 23
========================================================================
Received Import Request.
  Time since last request: 8.057209 seconds.
  path: Assets/Recipes/GimletPage.fbx
  artifactKey: Guid(c6d90051b977dd643895b4812e4081c6) Importer(815301076,1909f56bfc062723c751e8b465ee728b)
Number of updated assets reloaded before import = 0
Start importing Assets/Recipes/GimletPage.fbx using Guid(c6d90051b977dd643895b4812e4081c6) Importer(815301076,1909f56bfc062723c751e8b465ee728b)  -> (artifact id: '3bc8ff0915f44f45cd891f2cfb502230') in 0.102283 seconds 
Number of asset objects unloaded after import = 23
========================================================================
Received Import Request.
  Time since last request: 5.110102 seconds.
  path: Assets/Recipes/gin tonic.png
  artifactKey: Guid(045442e7e8401a74fa4fe7f76ed4b631) Importer(815301076,1909f56bfc062723c751e8b465ee728b)
Number of updated assets reloaded before import = 0
Start importing Assets/Recipes/gin tonic.png using Guid(045442e7e8401a74fa4fe7f76ed4b631) Importer(815301076,1909f56bfc062723c751e8b465ee728b)  -> (artifact id: '1086e19e8f498c3fc84a15d33f736a11') in 0.052933 seconds 
Number of asset objects unloaded after import = 2
========================================================================
Received Import Request.
  Time since last request: 2.816831 seconds.
  path: Assets/Recipes/HotRodPage.fbx
  artifactKey: Guid(43debf5928531974ba68bfc09e66207a) Importer(815301076,1909f56bfc062723c751e8b465ee728b)
Number of updated assets reloaded before import = 0
Start importing Assets/Recipes/HotRodPage.fbx using Guid(43debf5928531974ba68bfc09e66207a) Importer(815301076,1909f56bfc062723c751e8b465ee728b)  -> (artifact id: 'aeaf40d4b627185c849ee581cdf995ca') in 0.056947 seconds 
Number of asset objects unloaded after import = 23
========================================================================
Received Import Request.
  Time since last request: 3.342874 seconds.
  path: Assets/Recipes/long island ice tea.png
  artifactKey: Guid(4a7433aa4e10ce94e8fc5e4b82e41ab9) Importer(815301076,1909f56bfc062723c751e8b465ee728b)
Number of updated assets reloaded before import = 0
Start importing Assets/Recipes/long island ice tea.png using Guid(4a7433aa4e10ce94e8fc5e4b82e41ab9) Importer(815301076,1909f56bfc062723c751e8b465ee728b)  -> (artifact id: '53a53a1da5f1711cc2a1a2e2d4f2fc15') in 0.032894 seconds 
Number of asset objects unloaded after import = 2
========================================================================
Received Import Request.
  Time since last request: 4.553464 seconds.
  path: Assets/Recipes/LongIslandIceTeaPage.fbx
  artifactKey: Guid(0d1024a5a6d3f4b4997dca0718b89ffe) Importer(815301076,1909f56bfc062723c751e8b465ee728b)
Number of updated assets reloaded before import = 0
Start importing Assets/Recipes/LongIslandIceTeaPage.fbx using Guid(0d1024a5a6d3f4b4997dca0718b89ffe) Importer(815301076,1909f56bfc062723c751e8b465ee728b)  -> (artifact id: '4732d66cde5d7a30177a91ca856a4395') in 0.060246 seconds 
Number of asset objects unloaded after import = 23
========================================================================
Received Import Request.
  Time since last request: 3.484907 seconds.
  path: Assets/Recipes/MintJulepPage.fbx
  artifactKey: Guid(73212923e42c0d140a2cd5b461f5775b) Importer(815301076,1909f56bfc062723c751e8b465ee728b)
Number of updated assets reloaded before import = 0
Start importing Assets/Recipes/MintJulepPage.fbx using Guid(73212923e42c0d140a2cd5b461f5775b) Importer(815301076,1909f56bfc062723c751e8b465ee728b)  -> (artifact id: '02616372adc694ad2604bb8fc808fdf5') in 0.087592 seconds 
Number of asset objects unloaded after import = 23
========================================================================
Received Import Request.
  Time since last request: 3.165503 seconds.
  path: Assets/Recipes/negroni.png
  artifactKey: Guid(f66c1e3f42c098b4e8f95ac1ec0570ff) Importer(815301076,1909f56bfc062723c751e8b465ee728b)
Number of updated assets reloaded before import = 0
Start importing Assets/Recipes/negroni.png using Guid(f66c1e3f42c098b4e8f95ac1ec0570ff) Importer(815301076,1909f56bfc062723c751e8b465ee728b)  -> (artifact id: 'ce078a5a95b7b8385d23d5d03ba163f6') in 0.063409 seconds 
Number of asset objects unloaded after import = 2
========================================================================
Received Import Request.
  Time since last request: 3.299065 seconds.
  path: Assets/Recipes/PinaColadaPage.fbx
  artifactKey: Guid(857faef1aa452574392636b033cea023) Importer(815301076,1909f56bfc062723c751e8b465ee728b)
Number of updated assets reloaded before import = 0
Start importing Assets/Recipes/PinaColadaPage.fbx using Guid(857faef1aa452574392636b033cea023) Importer(815301076,1909f56bfc062723c751e8b465ee728b)  -> (artifact id: '2902d172c3a498e9b77e554f129dcf24') in 0.079440 seconds 
Number of asset objects unloaded after import = 23
========================================================================
Received Import Request.
  Time since last request: 3.098431 seconds.
  path: Assets/Recipes/SexOnTheBeachPage.fbx
  artifactKey: Guid(c0ddcfed1121dda40b3968847fa4815e) Importer(815301076,1909f56bfc062723c751e8b465ee728b)
Number of updated assets reloaded before import = 0
Start importing Assets/Recipes/SexOnTheBeachPage.fbx using Guid(c0ddcfed1121dda40b3968847fa4815e) Importer(815301076,1909f56bfc062723c751e8b465ee728b)  -> (artifact id: 'a8958e349dd74172d33bcd6d2fbd06de') in 0.046483 seconds 
Number of asset objects unloaded after import = 23
========================================================================
Received Import Request.
  Time since last request: 3.156489 seconds.
  path: Assets/Recipes/TequilaSunrisePage.fbx
  artifactKey: Guid(0d039b807643da64cac9970dccf40e7c) Importer(815301076,1909f56bfc062723c751e8b465ee728b)
Number of updated assets reloaded before import = 0
Start importing Assets/Recipes/TequilaSunrisePage.fbx using Guid(0d039b807643da64cac9970dccf40e7c) Importer(815301076,1909f56bfc062723c751e8b465ee728b)  -> (artifact id: '72edb8e3cf6436ca535115a33d346e01') in 0.089477 seconds 
Number of asset objects unloaded after import = 23
========================================================================
Received Import Request.
  Time since last request: 3.644755 seconds.
  path: Assets/Recipes/TheGhostPage.fbx
  artifactKey: Guid(3c3c9301db2c24a468bb6f42bed7ea0c) Importer(815301076,1909f56bfc062723c751e8b465ee728b)
Number of updated assets reloaded before import = 0
Start importing Assets/Recipes/TheGhostPage.fbx using Guid(3c3c9301db2c24a468bb6f42bed7ea0c) Importer(815301076,1909f56bfc062723c751e8b465ee728b)  -> (artifact id: 'eb5dc16b417aee31fa82dfff25efec27') in 0.041847 seconds 
Number of asset objects unloaded after import = 23
========================================================================
Received Import Request.
  Time since last request: 3.227710 seconds.
  path: Assets/Recipes/WhiteLadyPage.fbx
  artifactKey: Guid(a23fa1fa422ce4a4d9c45389a84a5395) Importer(815301076,1909f56bfc062723c751e8b465ee728b)
Number of updated assets reloaded before import = 0
Start importing Assets/Recipes/WhiteLadyPage.fbx using Guid(a23fa1fa422ce4a4d9c45389a84a5395) Importer(815301076,1909f56bfc062723c751e8b465ee728b)  -> (artifact id: 'f06420718276b645023b7e0e9681e263') in 0.083219 seconds 
Number of asset objects unloaded after import = 23
========================================================================
Received Import Request.
  Time since last request: 750.813951 seconds.
  path: Assets/Recipes/BloodyMaryPage.fbx
  artifactKey: Guid(bfd606ae87634d54da1c3fe50b06cc3d) Importer(815301076,1909f56bfc062723c751e8b465ee728b)
Number of updated assets reloaded before import = 0
Start importing Assets/Recipes/BloodyMaryPage.fbx using Guid(bfd606ae87634d54da1c3fe50b06cc3d) Importer(815301076,1909f56bfc062723c751e8b465ee728b)  -> (artifact id: '217a202e0a0ae6320f017830d0354a7b') in 0.597751 seconds 
Number of asset objects unloaded after import = 17
========================================================================
Received Import Request.
  Time since last request: 0.000023 seconds.
  path: Assets/Recipes/MargaritaPage.fbx
  artifactKey: Guid(5c79c6ac07354864698232cc75bd0aa1) Importer(815301076,1909f56bfc062723c751e8b465ee728b)
Number of updated assets reloaded before import = 0
Start importing Assets/Recipes/MargaritaPage.fbx using Guid(5c79c6ac07354864698232cc75bd0aa1) Importer(815301076,1909f56bfc062723c751e8b465ee728b)  -> (artifact id: 'cca5f8852399e163eab3ed0c7c683a44') in 0.283324 seconds 
Number of asset objects unloaded after import = 17
========================================================================
Received Import Request.
  Time since last request: 0.000023 seconds.
  path: Assets/Recipes/MintJulepPage.fbx
  artifactKey: Guid(73212923e42c0d140a2cd5b461f5775b) Importer(815301076,1909f56bfc062723c751e8b465ee728b)
Number of updated assets reloaded before import = 0
Start importing Assets/Recipes/MintJulepPage.fbx using Guid(73212923e42c0d140a2cd5b461f5775b) Importer(815301076,1909f56bfc062723c751e8b465ee728b)  -> (artifact id: 'c78c31647cebfba57a0261be0bccc231') in 1.983751 seconds 
Number of asset objects unloaded after import = 17
========================================================================
Received Import Request.
  Time since last request: 0.000023 seconds.
  path: Assets/Recipes/GimletPage.fbx
  artifactKey: Guid(c6d90051b977dd643895b4812e4081c6) Importer(815301076,1909f56bfc062723c751e8b465ee728b)
Number of updated assets reloaded before import = 0
Start importing Assets/Recipes/GimletPage.fbx using Guid(c6d90051b977dd643895b4812e4081c6) Importer(815301076,1909f56bfc062723c751e8b465ee728b)  -> (artifact id: '6474e5f21a7b81882b11a4b457125980') in 0.158798 seconds 
Number of asset objects unloaded after import = 17
========================================================================
Received Import Request.
  Time since last request: 0.000026 seconds.
  path: Assets/Recipes/PinaColadaPage.fbx
  artifactKey: Guid(857faef1aa452574392636b033cea023) Importer(815301076,1909f56bfc062723c751e8b465ee728b)
Number of updated assets reloaded before import = 0
Start importing Assets/Recipes/PinaColadaPage.fbx using Guid(857faef1aa452574392636b033cea023) Importer(815301076,1909f56bfc062723c751e8b465ee728b)  -> (artifact id: 'cc69df98392c55d2d81746c0c28d2685') in 0.172860 seconds 
Number of asset objects unloaded after import = 17
========================================================================
Received Import Request.
  Time since last request: 0.000019 seconds.
  path: Assets/Recipes/WhiteLadyPage.fbx
  artifactKey: Guid(a23fa1fa422ce4a4d9c45389a84a5395) Importer(815301076,1909f56bfc062723c751e8b465ee728b)
Number of updated assets reloaded before import = 0
Start importing Assets/Recipes/WhiteLadyPage.fbx using Guid(a23fa1fa422ce4a4d9c45389a84a5395) Importer(815301076,1909f56bfc062723c751e8b465ee728b)  -> (artifact id: '2d8e7693a653a2adf1da12d20ec20166') in 0.087744 seconds 
Number of asset objects unloaded after import = 17
========================================================================
Received Import Request.
  Time since last request: 0.000054 seconds.
  path: Assets/Recipes/NegroniPage.fbx
  artifactKey: Guid(d6de4f3614e70344087ad21da35c3edf) Importer(815301076,1909f56bfc062723c751e8b465ee728b)
Number of updated assets reloaded before import = 0
Start importing Assets/Recipes/NegroniPage.fbx using Guid(d6de4f3614e70344087ad21da35c3edf) Importer(815301076,1909f56bfc062723c751e8b465ee728b)  -> (artifact id: '340a119a6d90ee6412a4efb68e0f0f0a') in 0.228914 seconds 
Number of asset objects unloaded after import = 17
Editor requested this worker to shutdown with reason: Scaling down because of idle timeout
AssetImportWorker is now disconnected from the server
Process exiting
Exiting without the bug reporter. Application will terminate with return code 0