Using pre-set license
Built from '2021.3/staging' branch; Version is '2021.3.31f1 (3409e2af086f) revision 3410402'; Using compiler version '192829333'; Build Type 'Release'
OS: 'Windows 10  (10.0.19045) 64bit Core' Language: 'ro' Physical Memory: 7502 MB
BatchMode: 1, IsHumanControllingUs: 0, StartBugReporterOnCrash: 0, Is64bit: 1, IsPro: 1

COMMAND LINE ARGUMENTS:
C:\Program Files\Unity\Hub\Editor\2021.3.31f1\Editor\Unity.exe
-adb2
-batchMode
-noUpm
-name
AssetImportWorker25
-projectPath
C:/Users/pinza/Documents/GitHub/IMR_Project
-logFile
Logs/AssetImportWorker25.log
-srvPort
50272
Successfully changed project path to: C:/Users/pinza/Documents/GitHub/IMR_Project
C:/Users/pinza/Documents/GitHub/IMR_Project
[UnityMemory] Configuration Parameters - Can be set up in boot.config
    "memorysetup-bucket-allocator-granularity=16"
    "memorysetup-bucket-allocator-bucket-count=8"
    "memorysetup-bucket-allocator-block-size=33554432"
    "memorysetup-bucket-allocator-block-count=8"
    "memorysetup-main-allocator-block-size=16777216"
    "memorysetup-thread-allocator-block-size=16777216"
    "memorysetup-gfx-main-allocator-block-size=16777216"
    "memorysetup-gfx-thread-allocator-block-size=16777216"
    "memorysetup-cache-allocator-block-size=4194304"
    "memorysetup-typetree-allocator-block-size=2097152"
    "memorysetup-profiler-bucket-allocator-granularity=16"
    "memorysetup-profiler-bucket-allocator-bucket-count=8"
    "memorysetup-profiler-bucket-allocator-block-size=33554432"
    "memorysetup-profiler-bucket-allocator-block-count=8"
    "memorysetup-profiler-allocator-block-size=16777216"
    "memorysetup-profiler-editor-allocator-block-size=1048576"
    "memorysetup-temp-allocator-size-main=16777216"
    "memorysetup-job-temp-allocator-block-size=2097152"
    "memorysetup-job-temp-allocator-block-size-background=1048576"
    "memorysetup-job-temp-allocator-reduction-small-platforms=262144"
    "memorysetup-temp-allocator-size-background-worker=32768"
    "memorysetup-temp-allocator-size-job-worker=262144"
    "memorysetup-temp-allocator-size-preload-manager=33554432"
    "memorysetup-temp-allocator-size-nav-mesh-worker=65536"
    "memorysetup-temp-allocator-size-audio-worker=65536"
    "memorysetup-temp-allocator-size-cloud-worker=32768"
    "memorysetup-temp-allocator-size-gi-baking-worker=262144"
    "memorysetup-temp-allocator-size-gfx=262144"
Player connection [17424] Host "[IP] 192.168.56.1 [Port] 0 [Flags] 2 [Guid] 3257732431 [EditorId] 3257732431 [Version] 1048832 [Id] WindowsEditor(7,LAPTOP-42ANUGFD) [Debug] 1 [PackageName] WindowsEditor [ProjectName] Editor" joined multi-casting on [225.0.0.222:54997]...

Player connection [17424] Host "[IP] 192.168.56.1 [Port] 0 [Flags] 2 [Guid] 3257732431 [EditorId] 3257732431 [Version] 1048832 [Id] WindowsEditor(7,LAPTOP-42ANUGFD) [Debug] 1 [PackageName] WindowsEditor [ProjectName] Editor" joined alternative multi-casting on [225.0.0.222:34997]...

[Physics::Module] Initialized MultithreadedJobDispatcher with {0} workers.
Refreshing native plugins compatible for Editor in 165.19 ms, found 3 plugins.
Preloading 0 native plugins for Editor in 0.00 ms.
Initialize engine version: 2021.3.31f1 (3409e2af086f)
[Subsystems] Discovering subsystems at path C:/Program Files/Unity/Hub/Editor/2021.3.31f1/Editor/Data/Resources/UnitySubsystems
[Subsystems] Discovering subsystems at path C:/Users/pinza/Documents/GitHub/IMR_Project/Assets
GfxDevice: creating device client; threaded=0; jobified=0
Direct3D:
    Version:  Direct3D 11.0 [level 11.1]
    Renderer: AMD Radeon(TM) Graphics (ID=0x164c)
    Vendor:   ATI
    VRAM:     3751 MB
    Driver:   27.20.15002.118
Initialize mono
Mono path[0] = 'C:/Program Files/Unity/Hub/Editor/2021.3.31f1/Editor/Data/Managed'
Mono path[1] = 'C:/Program Files/Unity/Hub/Editor/2021.3.31f1/Editor/Data/MonoBleedingEdge/lib/mono/unityjit-win32'
Mono config path = 'C:/Program Files/Unity/Hub/Editor/2021.3.31f1/Editor/Data/MonoBleedingEdge/etc'
Using monoOptions --debugger-agent=transport=dt_socket,embedding=1,server=y,suspend=n,address=127.0.0.1:56748
Begin MonoManager ReloadAssembly
Registering precompiled unity dll's ...
Register platform support module: C:/Program Files/Unity/Hub/Editor/2021.3.31f1/Editor/Data/PlaybackEngines/WindowsStandaloneSupport/UnityEditor.WindowsStandalone.Extensions.dll
Registered in 0.012594 seconds.
Native extension for WindowsStandalone target not found
Refreshing native plugins compatible for Editor in 148.58 ms, found 3 plugins.
Preloading 0 native plugins for Editor in 0.00 ms.
Mono: successfully reloaded assembly
- Completed reload, in  2.021 seconds
Domain Reload Profiling:
	ReloadAssembly (2023ms)
		BeginReloadAssembly (328ms)
			ExecutionOrderSort (0ms)
			DisableScriptedObjects (0ms)
			BackupInstance (0ms)
			ReleaseScriptingObjects (0ms)
			CreateAndSetChildDomain (3ms)
		EndReloadAssembly (1439ms)
			LoadAssemblies (318ms)
			RebuildTransferFunctionScriptingTraits (0ms)
			SetupTypeCache (325ms)
			ReleaseScriptCaches (0ms)
			RebuildScriptCaches (122ms)
			SetupLoadedEditorAssemblies (857ms)
				LogAssemblyErrors (0ms)
				InitializePlatformSupportModulesInManaged (29ms)
				SetLoadedEditorAssemblies (1ms)
				RefreshPlugins (149ms)
				BeforeProcessingInitializeOnLoad (3ms)
				ProcessInitializeOnLoadAttributes (527ms)
				ProcessInitializeOnLoadMethodAttributes (148ms)
				AfterProcessingInitializeOnLoad (0ms)
				EditorAssembliesLoaded (0ms)
			ExecutionOrderSort2 (0ms)
			AwakeInstancesAfterBackupRestoration (0ms)
Platform modules already initialized, skipping
Registering precompiled user dll's ...
Registered in 0.009351 seconds.
Begin MonoManager ReloadAssembly
Native extension for WindowsStandalone target not found
Refreshing native plugins compatible for Editor in 2.96 ms, found 3 plugins.
Preloading 0 native plugins for Editor in 0.00 ms.
Package Manager log level set to [2]
[Package Manager] Server::EnsureServerProcessIsRunning -- launch failed, reason: Unity was launched with the -noUpm command-line argument
[Package Manager] Cannot connect to Unity Package Manager local server
Mono: successfully reloaded assembly
- Completed reload, in  3.082 seconds
Domain Reload Profiling:
	ReloadAssembly (3084ms)
		BeginReloadAssembly (271ms)
			ExecutionOrderSort (0ms)
			DisableScriptedObjects (13ms)
			BackupInstance (0ms)
			ReleaseScriptingObjects (0ms)
			CreateAndSetChildDomain (45ms)
		EndReloadAssembly (2626ms)
			LoadAssemblies (232ms)
			RebuildTransferFunctionScriptingTraits (0ms)
			SetupTypeCache (598ms)
			ReleaseScriptCaches (2ms)
			RebuildScriptCaches (138ms)
			SetupLoadedEditorAssemblies (1601ms)
				LogAssemblyErrors (0ms)
				InitializePlatformSupportModulesInManaged (14ms)
				SetLoadedEditorAssemblies (1ms)
				RefreshPlugins (3ms)
				BeforeProcessingInitializeOnLoad (234ms)
				ProcessInitializeOnLoadAttributes (1277ms)
				ProcessInitializeOnLoadMethodAttributes (60ms)
				AfterProcessingInitializeOnLoad (11ms)
				EditorAssembliesLoaded (1ms)
			ExecutionOrderSort2 (0ms)
			AwakeInstancesAfterBackupRestoration (15ms)
Platform modules already initialized, skipping
========================================================================
Worker process is ready to serve import requests
Launched and connected shader compiler UnityShaderCompiler.exe after 0.17 seconds
Refreshing native plugins compatible for Editor in 1.46 ms, found 3 plugins.
Preloading 0 native plugins for Editor in 0.00 ms.
Unloading 3066 Unused Serialized files (Serialized files now loaded: 0)
Unloading 23 unused Assets / (46.7 KB). Loaded Objects now: 3527.
Memory consumption went from 108.8 MB to 108.8 MB.
Total: 8.141400 ms (FindLiveObjects: 0.717100 ms CreateObjectMapping: 0.559300 ms MarkObjects: 6.680400 ms  DeleteObjects: 0.182400 ms)

AssetImportParameters requested are different than current active one (requested -> active):
  custom:video-decoder-ogg-theora: a1e56fd34408186e4bbccfd4996cb3dc -> 
  custom:container-muxer-webm: aa71ff27fc2769a1b78a27578f13a17b -> 
  custom:container-demuxer-webm: 4f35f7cbe854078d1ac9338744f61a02 -> 
  custom:video-encoder-webm-vp8: eb34c28f22e8b96e1ab97ce403110664 -> 
  custom:CustomObjectIndexerAttribute: bc11b3a6c3213fcdd17b65e7da85e133 -> 
  custom:audio-encoder-webm-vorbis: bf7c407c2cedff20999df2af8eb42d56 -> 
  custom:framework-win-MediaFoundation: 216162199b28c13a410421893ffa2e32 -> 
  custom:SearchIndexIgnoredProperties: e643bd26f0fe6173181afceb89e7c659 -> 
  custom:container-demuxer-ogg: 62fdf1f143b41e24485cea50d1cbac27 -> 
  custom:video-decoder-webm-vp8: 9c59270c3fd7afecdb556c50c9e8de78 -> 
  custom:audio-decoder-ogg-vorbis: bf7c407c2cedff20999df2af8eb42d56 -> 
========================================================================
Received Import Request.
  Time since last request: 199043.115361 seconds.
  path: Assets/ce am pus/oameni + ingrediente + pahare/bauturi modele/untitled.fbx_pina_colada.fbx
  artifactKey: Guid(f6be3704a70a748489c0fb31dead3d54) Importer(815301076,1909f56bfc062723c751e8b465ee728b)
Number of updated assets reloaded before import = 0
Start importing Assets/ce am pus/oameni + ingrediente + pahare/bauturi modele/untitled.fbx_pina_colada.fbx using Guid(f6be3704a70a748489c0fb31dead3d54) Importer(815301076,1909f56bfc062723c751e8b465ee728b)  -> (artifact id: '2ff2b5001681178dd682de17403a52e2') in 0.269843 seconds 
Number of asset objects unloaded after import = 33
========================================================================
Received Import Request.
  Time since last request: 76.370762 seconds.
  path: Assets/ce am pus/oameni + ingrediente + pahare/bauturi modele/lambert2.001.mat
  artifactKey: Guid(96cafdcdd3f40a14c85f216654bf1969) Importer(815301076,1909f56bfc062723c751e8b465ee728b)
Number of updated assets reloaded before import = 0
Start importing Assets/ce am pus/oameni + ingrediente + pahare/bauturi modele/lambert2.001.mat using Guid(96cafdcdd3f40a14c85f216654bf1969) Importer(815301076,1909f56bfc062723c751e8b465ee728b)  -> (artifact id: 'acb5a2adcde86ba3dba4cba66cd43ef1') in 0.061931 seconds 
Number of asset objects unloaded after import = 1
========================================================================
Received Import Request.
  Time since last request: 71.575999 seconds.
  path: Assets/ce am pus/oameni + ingrediente + pahare/bauturi modele/Material.017.mat
  artifactKey: Guid(e62d8d2a321984a4687ef0cab0a1e29d) Importer(815301076,1909f56bfc062723c751e8b465ee728b)
Number of updated assets reloaded before import = 0
Start importing Assets/ce am pus/oameni + ingrediente + pahare/bauturi modele/Material.017.mat using Guid(e62d8d2a321984a4687ef0cab0a1e29d) Importer(815301076,1909f56bfc062723c751e8b465ee728b)  -> (artifact id: 'a223a8c1a39b7f83a03b761648d0164f') in 0.031167 seconds 
Number of asset objects unloaded after import = 1
========================================================================
Received Import Request.
  Time since last request: 30.209065 seconds.
  path: Assets/ce am pus/oameni + ingrediente + pahare/ingrediente modele/Pack_1l_color 1.mat
  artifactKey: Guid(6a794314684d3d345b4a11fd0d72029a) Importer(815301076,1909f56bfc062723c751e8b465ee728b)
Number of updated assets reloaded before import = 0
Start importing Assets/ce am pus/oameni + ingrediente + pahare/ingrediente modele/Pack_1l_color 1.mat using Guid(6a794314684d3d345b4a11fd0d72029a) Importer(815301076,1909f56bfc062723c751e8b465ee728b)  -> (artifact id: 'cddd2fb586a5efaa1402ea5e0a4c8207') in 0.152887 seconds 
Number of asset objects unloaded after import = 2
========================================================================
Received Import Request.
  Time since last request: 0.000042 seconds.
  path: Assets/ce am pus/oameni + ingrediente + pahare/ingrediente modele/PlaticoVermelhoEscuroVinho.mat
  artifactKey: Guid(20d77f6b8fbd39543a7818145e17fa90) Importer(815301076,1909f56bfc062723c751e8b465ee728b)
Number of updated assets reloaded before import = 0
Start importing Assets/ce am pus/oameni + ingrediente + pahare/ingrediente modele/PlaticoVermelhoEscuroVinho.mat using Guid(20d77f6b8fbd39543a7818145e17fa90) Importer(815301076,1909f56bfc062723c751e8b465ee728b)  -> (artifact id: 'c3470b3757c3af92b9630820088437fa') in 0.049152 seconds 
Number of asset objects unloaded after import = 1
========================================================================
Received Import Request.
  Time since last request: 0.000116 seconds.
  path: Assets/ce am pus/oameni + ingrediente + pahare/ingrediente modele/PlaticoMetalico.mat
  artifactKey: Guid(71aad07dca6d63c49b0ce18dadde161a) Importer(815301076,1909f56bfc062723c751e8b465ee728b)
Number of updated assets reloaded before import = 0
Start importing Assets/ce am pus/oameni + ingrediente + pahare/ingrediente modele/PlaticoMetalico.mat using Guid(71aad07dca6d63c49b0ce18dadde161a) Importer(815301076,1909f56bfc062723c751e8b465ee728b)  -> (artifact id: 'dfa5b5cfd12de111d9bbace0ce9f882a') in 0.035835 seconds 
Number of asset objects unloaded after import = 1
========================================================================
Received Import Request.
  Time since last request: 0.000038 seconds.
  path: Assets/ce am pus/oameni + ingrediente + pahare/ingrediente modele/PlaticoCuraçauVermelho 2.mat
  artifactKey: Guid(07eba117182e9c141bb21d0b5b2c7856) Importer(815301076,1909f56bfc062723c751e8b465ee728b)
Number of updated assets reloaded before import = 0
Start importing Assets/ce am pus/oameni + ingrediente + pahare/ingrediente modele/PlaticoCuraçauVermelho 2.mat using Guid(07eba117182e9c141bb21d0b5b2c7856) Importer(815301076,1909f56bfc062723c751e8b465ee728b)  -> (artifact id: '18cb73eec457a1a9c48b77d0ed60769a') in 0.084516 seconds 
Number of asset objects unloaded after import = 1
========================================================================
Received Import Request.
  Time since last request: 0.000042 seconds.
  path: Assets/ce am pus/oameni + ingrediente + pahare/ingrediente modele/PlaticoVermelhoEscuro 1.mat
  artifactKey: Guid(e71fce37accc7a340b643407bb7d06e7) Importer(815301076,1909f56bfc062723c751e8b465ee728b)
Number of updated assets reloaded before import = 0
Start importing Assets/ce am pus/oameni + ingrediente + pahare/ingrediente modele/PlaticoVermelhoEscuro 1.mat using Guid(e71fce37accc7a340b643407bb7d06e7) Importer(815301076,1909f56bfc062723c751e8b465ee728b)  -> (artifact id: '986359238b61ba624e78e1d3d88d3eb7') in 0.069936 seconds 
Number of asset objects unloaded after import = 1
========================================================================
Received Import Request.
  Time since last request: 0.000041 seconds.
  path: Assets/ce am pus/oameni + ingrediente + pahare/ingrediente modele/PlaticoCuraçauVermelho.mat
  artifactKey: Guid(66ba6d94a320ecd4bb6d5f5c1c12903f) Importer(815301076,1909f56bfc062723c751e8b465ee728b)
Number of updated assets reloaded before import = 0
Start importing Assets/ce am pus/oameni + ingrediente + pahare/ingrediente modele/PlaticoCuraçauVermelho.mat using Guid(66ba6d94a320ecd4bb6d5f5c1c12903f) Importer(815301076,1909f56bfc062723c751e8b465ee728b)  -> (artifact id: '6ee663b6e0be91773abb73af0066f1b8') in 0.054288 seconds 
Number of asset objects unloaded after import = 1
========================================================================
Received Import Request.
  Time since last request: 0.000083 seconds.
  path: Assets/ce am pus/oameni + ingrediente + pahare/ingrediente modele/PlaticoMetalico 1.mat
  artifactKey: Guid(f7c90e7cdbf22974aa4e26521ed5b37a) Importer(815301076,1909f56bfc062723c751e8b465ee728b)
Number of updated assets reloaded before import = 0
Start importing Assets/ce am pus/oameni + ingrediente + pahare/ingrediente modele/PlaticoMetalico 1.mat using Guid(f7c90e7cdbf22974aa4e26521ed5b37a) Importer(815301076,1909f56bfc062723c751e8b465ee728b)  -> (artifact id: 'e9e6d87952f1644263048b5a9c4e3da5') in 0.070012 seconds 
Number of asset objects unloaded after import = 1
========================================================================
Received Import Request.
  Time since last request: 0.000069 seconds.
  path: Assets/ce am pus/oameni + ingrediente + pahare/ingrediente modele/Tex-Cocanero 2.png
  artifactKey: Guid(476d14382aeef1a49b48d18c6b0e977c) Importer(815301076,1909f56bfc062723c751e8b465ee728b)
Number of updated assets reloaded before import = 0
Start importing Assets/ce am pus/oameni + ingrediente + pahare/ingrediente modele/Tex-Cocanero 2.png using Guid(476d14382aeef1a49b48d18c6b0e977c) Importer(815301076,1909f56bfc062723c751e8b465ee728b)  -> (artifact id: '5fcda01643006bd3c82999a63ee70451') in 0.123081 seconds 
Number of asset objects unloaded after import = 2
========================================================================
Received Import Request.
  Time since last request: 0.000144 seconds.
  path: Assets/ce am pus/oameni + ingrediente + pahare/ingrediente modele/TonicWater.fbx
  artifactKey: Guid(2d54038d5b187c54bac7f0e377e21d4d) Importer(815301076,1909f56bfc062723c751e8b465ee728b)
Number of updated assets reloaded before import = 0
Start importing Assets/ce am pus/oameni + ingrediente + pahare/ingrediente modele/TonicWater.fbx using Guid(2d54038d5b187c54bac7f0e377e21d4d) Importer(815301076,1909f56bfc062723c751e8b465ee728b)  -> (artifact id: '152d655a4e782b3391ca591e3b48db52') in 0.164957 seconds 
Number of asset objects unloaded after import = 28
========================================================================
Received Import Request.
  Time since last request: 0.000062 seconds.
  path: Assets/ce am pus/oameni + ingrediente + pahare/ingrediente modele/Tex-Cocanero 3.png
  artifactKey: Guid(d2f12e2e640b12a4db55812957ca63a3) Importer(815301076,1909f56bfc062723c751e8b465ee728b)
Number of updated assets reloaded before import = 0
Start importing Assets/ce am pus/oameni + ingrediente + pahare/ingrediente modele/Tex-Cocanero 3.png using Guid(d2f12e2e640b12a4db55812957ca63a3) Importer(815301076,1909f56bfc062723c751e8b465ee728b)  -> (artifact id: '2343840b13ec09bab09d38c7d7e5ebab') in 0.090446 seconds 
Number of asset objects unloaded after import = 2
========================================================================
Received Import Request.
  Time since last request: 0.000129 seconds.
  path: Assets/ce am pus/oameni + ingrediente + pahare/ingrediente modele/Sticker.mat
  artifactKey: Guid(84f8ff1ace11e4a4995331e1bc67cd6f) Importer(815301076,1909f56bfc062723c751e8b465ee728b)
Number of updated assets reloaded before import = 0
Start importing Assets/ce am pus/oameni + ingrediente + pahare/ingrediente modele/Sticker.mat using Guid(84f8ff1ace11e4a4995331e1bc67cd6f) Importer(815301076,1909f56bfc062723c751e8b465ee728b)  -> (artifact id: 'adb66cc4354f82ebd87ffe418697ddcb') in 0.113297 seconds 
Number of asset objects unloaded after import = 2
========================================================================
Received Import Request.
  Time since last request: 0.000080 seconds.
  path: Assets/ce am pus/oameni + ingrediente + pahare/ingrediente modele/Tex-Cocanero 14.png
  artifactKey: Guid(664b94572a9c5b44da6ed34ba4a73841) Importer(815301076,1909f56bfc062723c751e8b465ee728b)
Number of updated assets reloaded before import = 0
Start importing Assets/ce am pus/oameni + ingrediente + pahare/ingrediente modele/Tex-Cocanero 14.png using Guid(664b94572a9c5b44da6ed34ba4a73841) Importer(815301076,1909f56bfc062723c751e8b465ee728b)  -> (artifact id: 'f46e9a5eca830e28e23e3c9ef8350f0d') in 0.080636 seconds 
Number of asset objects unloaded after import = 2
========================================================================
Received Import Request.
  Time since last request: 0.000060 seconds.
  path: Assets/ce am pus/oameni + ingrediente + pahare/ingrediente modele/Tex-Tappo.png
  artifactKey: Guid(81a5b10e7bd69d0468e644f240f945cf) Importer(815301076,1909f56bfc062723c751e8b465ee728b)
Number of updated assets reloaded before import = 0
Start importing Assets/ce am pus/oameni + ingrediente + pahare/ingrediente modele/Tex-Tappo.png using Guid(81a5b10e7bd69d0468e644f240f945cf) Importer(815301076,1909f56bfc062723c751e8b465ee728b)  -> (artifact id: 'e5c80daee823d60245c50d4a38a3e90c') in 0.111921 seconds 
Number of asset objects unloaded after import = 2
========================================================================
Received Import Request.
  Time since last request: 0.005319 seconds.
  path: Assets/ce am pus/oameni + ingrediente + pahare/ingrediente modele/Whiskey.mat
  artifactKey: Guid(14f27953dab9d8942a188a8c13d8c312) Importer(815301076,1909f56bfc062723c751e8b465ee728b)
Number of updated assets reloaded before import = 0
Start importing Assets/ce am pus/oameni + ingrediente + pahare/ingrediente modele/Whiskey.mat using Guid(14f27953dab9d8942a188a8c13d8c312) Importer(815301076,1909f56bfc062723c751e8b465ee728b)  -> (artifact id: 'e844f5f93b09c6bf1f92cdcb7a08b49e') in 0.098835 seconds 
Number of asset objects unloaded after import = 1
========================================================================
Received Import Request.
  Time since last request: 0.000051 seconds.
  path: Assets/ce am pus/oameni + ingrediente + pahare/ingrediente modele/Tappo.mat
  artifactKey: Guid(1d145ebd64a8d6c45adaf2e1672e113c) Importer(815301076,1909f56bfc062723c751e8b465ee728b)
Number of updated assets reloaded before import = 0
Start importing Assets/ce am pus/oameni + ingrediente + pahare/ingrediente modele/Tappo.mat using Guid(1d145ebd64a8d6c45adaf2e1672e113c) Importer(815301076,1909f56bfc062723c751e8b465ee728b)  -> (artifact id: 'ca9fc502a176c8075b7980a25a0d0182') in 0.140468 seconds 
Number of asset objects unloaded after import = 2
========================================================================
Received Import Request.
  Time since last request: 0.000259 seconds.
  path: Assets/ce am pus/oameni + ingrediente + pahare/ingrediente modele/Tex-Cocanero 11.png
  artifactKey: Guid(ffa276a28efd103499c158c373fe0e85) Importer(815301076,1909f56bfc062723c751e8b465ee728b)
Number of updated assets reloaded before import = 0
Start importing Assets/ce am pus/oameni + ingrediente + pahare/ingrediente modele/Tex-Cocanero 11.png using Guid(ffa276a28efd103499c158c373fe0e85) Importer(815301076,1909f56bfc062723c751e8b465ee728b)  -> (artifact id: '457cc2d0ce8f8c9522bf020c90a24462') in 0.083335 seconds 
Number of asset objects unloaded after import = 2
========================================================================
Received Import Request.
  Time since last request: 0.000080 seconds.
  path: Assets/ce am pus/oameni + ingrediente + pahare/ingrediente modele/RotuloVinho 1.mat
  artifactKey: Guid(07c996663674c6940905514c70503c7b) Importer(815301076,1909f56bfc062723c751e8b465ee728b)
Number of updated assets reloaded before import = 0
Start importing Assets/ce am pus/oameni + ingrediente + pahare/ingrediente modele/RotuloVinho 1.mat using Guid(07c996663674c6940905514c70503c7b) Importer(815301076,1909f56bfc062723c751e8b465ee728b)  -> (artifact id: '0b3e139c3e13459a4b62d9c9897aca17') in 0.080054 seconds 
Number of asset objects unloaded after import = 2
========================================================================
Received Import Request.
  Time since last request: 0.000102 seconds.
  path: Assets/ce am pus/oameni + ingrediente + pahare/ingrediente modele/TripleSec.fbx
  artifactKey: Guid(d86ae90e618d2fb4fb6a1e88181dc934) Importer(815301076,1909f56bfc062723c751e8b465ee728b)
Number of updated assets reloaded before import = 0
Start importing Assets/ce am pus/oameni + ingrediente + pahare/ingrediente modele/TripleSec.fbx using Guid(d86ae90e618d2fb4fb6a1e88181dc934) Importer(815301076,1909f56bfc062723c751e8b465ee728b)  -> (artifact id: '1619469d1171c1c00865d6de4980a716') in 0.214265 seconds 
Number of asset objects unloaded after import = 28
========================================================================
Received Import Request.
  Time since last request: 0.000092 seconds.
  path: Assets/ce am pus/oameni + ingrediente + pahare/ingrediente modele/TequilaSilver.fbx
  artifactKey: Guid(ccc74601b8ea31a40b51c0bf450374f8) Importer(815301076,1909f56bfc062723c751e8b465ee728b)
Number of updated assets reloaded before import = 0
Start importing Assets/ce am pus/oameni + ingrediente + pahare/ingrediente modele/TequilaSilver.fbx using Guid(ccc74601b8ea31a40b51c0bf450374f8) Importer(815301076,1909f56bfc062723c751e8b465ee728b)  -> (artifact id: '7fe964141fb7ce10dc5d4d590f7c2e78') in 0.149476 seconds 
Number of asset objects unloaded after import = 28
========================================================================
Received Import Request.
  Time since last request: 0.000086 seconds.
  path: Assets/ce am pus/oameni + ingrediente + pahare/ingrediente modele/Whiskey.fbx
  artifactKey: Guid(7cda0b8ab5c7f66428df331854031f85) Importer(815301076,1909f56bfc062723c751e8b465ee728b)
Number of updated assets reloaded before import = 0
Start importing Assets/ce am pus/oameni + ingrediente + pahare/ingrediente modele/Whiskey.fbx using Guid(7cda0b8ab5c7f66428df331854031f85) Importer(815301076,1909f56bfc062723c751e8b465ee728b)  -> (artifact id: 'e114de5bf60cd2e8582f196527f1bc62') in 0.174029 seconds 
Number of asset objects unloaded after import = 29
========================================================================
Received Import Request.
  Time since last request: 0.000066 seconds.
  path: Assets/ce am pus/oameni + ingrediente + pahare/ingrediente modele/Tex-Cocanero 9.png
  artifactKey: Guid(9a8f7f1d87d6e8d4dac45d136517910f) Importer(815301076,1909f56bfc062723c751e8b465ee728b)
Number of updated assets reloaded before import = 0
Start importing Assets/ce am pus/oameni + ingrediente + pahare/ingrediente modele/Tex-Cocanero 9.png using Guid(9a8f7f1d87d6e8d4dac45d136517910f) Importer(815301076,1909f56bfc062723c751e8b465ee728b)  -> (artifact id: '89ad54c8c5d6e4c230f0ea4b68e69b3b') in 0.088213 seconds 
Number of asset objects unloaded after import = 2
========================================================================
Received Import Request.
  Time since last request: 0.000039 seconds.
  path: Assets/ce am pus/oameni + ingrediente + pahare/ingrediente modele/Whiskey2.fbx
  artifactKey: Guid(8ac7ad3d6cf06d043aa2c98682cc3371) Importer(815301076,1909f56bfc062723c751e8b465ee728b)
Number of updated assets reloaded before import = 0
Start importing Assets/ce am pus/oameni + ingrediente + pahare/ingrediente modele/Whiskey2.fbx using Guid(8ac7ad3d6cf06d043aa2c98682cc3371) Importer(815301076,1909f56bfc062723c751e8b465ee728b)  -> (artifact id: '857f15df5b57b239cd780f0702b4f04c') in 0.213534 seconds 
Number of asset objects unloaded after import = 29
========================================================================
Received Import Request.
  Time since last request: 0.000079 seconds.
  path: Assets/ce am pus/oameni + ingrediente + pahare/ingrediente modele/Schweppes-indian-tonic-water-back.jpg
  artifactKey: Guid(d171227e71ef81b49a34602ed1806821) Importer(815301076,1909f56bfc062723c751e8b465ee728b)
Number of updated assets reloaded before import = 0
Start importing Assets/ce am pus/oameni + ingrediente + pahare/ingrediente modele/Schweppes-indian-tonic-water-back.jpg using Guid(d171227e71ef81b49a34602ed1806821) Importer(815301076,1909f56bfc062723c751e8b465ee728b)  -> (artifact id: '91b7847d6a6aee29e0d08e908628b9ff') in 0.091474 seconds 
Number of asset objects unloaded after import = 2
========================================================================
Received Import Request.
  Time since last request: 0.000044 seconds.
  path: Assets/ce am pus/oameni + ingrediente + pahare/ingrediente modele/RotuloCuraçau.mat
  artifactKey: Guid(4e0450bfdc3cfbb49a12d98d998e8c78) Importer(815301076,1909f56bfc062723c751e8b465ee728b)
Number of updated assets reloaded before import = 0
Start importing Assets/ce am pus/oameni + ingrediente + pahare/ingrediente modele/RotuloCuraçau.mat using Guid(4e0450bfdc3cfbb49a12d98d998e8c78) Importer(815301076,1909f56bfc062723c751e8b465ee728b)  -> (artifact id: '32c9f9d901caf58895817994861a125d') in 0.093762 seconds 
Number of asset objects unloaded after import = 2
========================================================================
Received Import Request.
  Time since last request: 0.000060 seconds.
  path: Assets/ce am pus/oameni + ingrediente + pahare/ingrediente modele/PlaticoCuraçauVermelho 1.mat
  artifactKey: Guid(cabe2a93b8346484f9b39c383c791b32) Importer(815301076,1909f56bfc062723c751e8b465ee728b)
Number of updated assets reloaded before import = 0
Start importing Assets/ce am pus/oameni + ingrediente + pahare/ingrediente modele/PlaticoCuraçauVermelho 1.mat using Guid(cabe2a93b8346484f9b39c383c791b32) Importer(815301076,1909f56bfc062723c751e8b465ee728b)  -> (artifact id: '88f620880f45743a3759f67e02d3bd5e') in 0.111736 seconds 
Number of asset objects unloaded after import = 1
========================================================================
Received Import Request.
  Time since last request: 0.008510 seconds.
  path: Assets/ce am pus/oameni + ingrediente + pahare/ingrediente modele/Tex-Cocanero 5.png
  artifactKey: Guid(7cb4f23784070ba4cb2cb597bfa83200) Importer(815301076,1909f56bfc062723c751e8b465ee728b)
Number of updated assets reloaded before import = 0
Start importing Assets/ce am pus/oameni + ingrediente + pahare/ingrediente modele/Tex-Cocanero 5.png using Guid(7cb4f23784070ba4cb2cb597bfa83200) Importer(815301076,1909f56bfc062723c751e8b465ee728b)  -> (artifact id: 'cc156b9f5cc6e2f3f8a8eb321848ed64') in 0.105630 seconds 
Number of asset objects unloaded after import = 2
========================================================================
Received Import Request.
  Time since last request: 0.000055 seconds.
  path: Assets/ce am pus/oameni + ingrediente + pahare/ingrediente modele/Tex-Cocanero 12.png
  artifactKey: Guid(94b14357b5379c7459081733593dfd34) Importer(815301076,1909f56bfc062723c751e8b465ee728b)
Number of updated assets reloaded before import = 0
Start importing Assets/ce am pus/oameni + ingrediente + pahare/ingrediente modele/Tex-Cocanero 12.png using Guid(94b14357b5379c7459081733593dfd34) Importer(815301076,1909f56bfc062723c751e8b465ee728b)  -> (artifact id: 'b308470db92403c2c7f17b1ffb602b8e') in 0.103284 seconds 
Number of asset objects unloaded after import = 2
========================================================================
Received Import Request.
  Time since last request: 0.000054 seconds.
  path: Assets/ce am pus/oameni + ingrediente + pahare/ingrediente modele/RotuloTequila.mat
  artifactKey: Guid(c4db7e1abaaad314192e142b0a89d672) Importer(815301076,1909f56bfc062723c751e8b465ee728b)
Number of updated assets reloaded before import = 0
Start importing Assets/ce am pus/oameni + ingrediente + pahare/ingrediente modele/RotuloTequila.mat using Guid(c4db7e1abaaad314192e142b0a89d672) Importer(815301076,1909f56bfc062723c751e8b465ee728b)  -> (artifact id: '2f0e6269ced193d4984191db9a28493d') in 0.081268 seconds 
Number of asset objects unloaded after import = 2
========================================================================
Received Import Request.
  Time since last request: 0.000071 seconds.
  path: Assets/ce am pus/oameni + ingrediente + pahare/ingrediente modele/RotuloGrants 1.mat
  artifactKey: Guid(fffadf7cbe73ba349813f10713baf909) Importer(815301076,1909f56bfc062723c751e8b465ee728b)
Number of updated assets reloaded before import = 0
Start importing Assets/ce am pus/oameni + ingrediente + pahare/ingrediente modele/RotuloGrants 1.mat using Guid(fffadf7cbe73ba349813f10713baf909) Importer(815301076,1909f56bfc062723c751e8b465ee728b)  -> (artifact id: 'ec573a297ab1e9a7ec1e1142c80a9ab5') in 0.084335 seconds 
Number of asset objects unloaded after import = 2
========================================================================
Received Import Request.
  Time since last request: 0.000052 seconds.
  path: Assets/ce am pus/oameni + ingrediente + pahare/ingrediente modele/TabascoLogo-519x518.jpg
  artifactKey: Guid(45523c25922a4984c90ca60ae87ef513) Importer(815301076,1909f56bfc062723c751e8b465ee728b)
Number of updated assets reloaded before import = 0
Start importing Assets/ce am pus/oameni + ingrediente + pahare/ingrediente modele/TabascoLogo-519x518.jpg using Guid(45523c25922a4984c90ca60ae87ef513) Importer(815301076,1909f56bfc062723c751e8b465ee728b)  -> (artifact id: 'd5f451c5e72972bdeca6419e1c2db6b1') in 0.116229 seconds 
Number of asset objects unloaded after import = 2
========================================================================
Received Import Request.
  Time since last request: 0.000075 seconds.
  path: Assets/ce am pus/oameni + ingrediente + pahare/ingrediente modele/Tex-Cocanero.png
  artifactKey: Guid(a22065b97973a8e40893dd20f236ea10) Importer(815301076,1909f56bfc062723c751e8b465ee728b)
Number of updated assets reloaded before import = 0
Start importing Assets/ce am pus/oameni + ingrediente + pahare/ingrediente modele/Tex-Cocanero.png using Guid(a22065b97973a8e40893dd20f236ea10) Importer(815301076,1909f56bfc062723c751e8b465ee728b)  -> (artifact id: 'd92fc2ad2a5463a2fc36047d16e61856') in 0.136737 seconds 
Number of asset objects unloaded after import = 2
========================================================================
Received Import Request.
  Time since last request: 0.000054 seconds.
  path: Assets/ce am pus/oameni + ingrediente + pahare/ingrediente modele/Sink.FBX
  artifactKey: Guid(74e0867e54eb7d04b88fd0b496e1a15b) Importer(815301076,1909f56bfc062723c751e8b465ee728b)
Number of updated assets reloaded before import = 0
Start importing Assets/ce am pus/oameni + ingrediente + pahare/ingrediente modele/Sink.FBX using Guid(74e0867e54eb7d04b88fd0b496e1a15b) Importer(815301076,1909f56bfc062723c751e8b465ee728b)  -> (artifact id: '7010e06309472fcd323272db4c7cd8af') in 0.175964 seconds 
Number of asset objects unloaded after import = 16
========================================================================
Received Import Request.
  Time since last request: 0.000070 seconds.
  path: Assets/ce am pus/oameni + ingrediente + pahare/ingrediente modele/Top of the Bottle.mat
  artifactKey: Guid(595b38fe614b94a4884a82fa67b9d8a9) Importer(815301076,1909f56bfc062723c751e8b465ee728b)
Number of updated assets reloaded before import = 0
Start importing Assets/ce am pus/oameni + ingrediente + pahare/ingrediente modele/Top of the Bottle.mat using Guid(595b38fe614b94a4884a82fa67b9d8a9) Importer(815301076,1909f56bfc062723c751e8b465ee728b)  -> (artifact id: '259ef98615d1ebe88272633ecb52f53a') in 0.089580 seconds 
Number of asset objects unloaded after import = 1
========================================================================
Received Import Request.
  Time since last request: 0.000052 seconds.
  path: Assets/ce am pus/oameni + ingrediente + pahare/ingrediente modele/Tequila.fbx
  artifactKey: Guid(ebbf8f7ebcd5ff34b922548cba731601) Importer(815301076,1909f56bfc062723c751e8b465ee728b)
Number of updated assets reloaded before import = 0
Start importing Assets/ce am pus/oameni + ingrediente + pahare/ingrediente modele/Tequila.fbx using Guid(ebbf8f7ebcd5ff34b922548cba731601) Importer(815301076,1909f56bfc062723c751e8b465ee728b)  -> (artifact id: '9596475d4bde0bc6406d4ad5f15706cb') in 0.245031 seconds 
Number of asset objects unloaded after import = 29
========================================================================
Received Import Request.
  Time since last request: 0.000199 seconds.
  path: Assets/ce am pus/oameni + ingrediente + pahare/ingrediente modele/Tex-Cocanero 6.png
  artifactKey: Guid(28af12cb42be5e642abae625e42f367d) Importer(815301076,1909f56bfc062723c751e8b465ee728b)
Number of updated assets reloaded before import = 0
Start importing Assets/ce am pus/oameni + ingrediente + pahare/ingrediente modele/Tex-Cocanero 6.png using Guid(28af12cb42be5e642abae625e42f367d) Importer(815301076,1909f56bfc062723c751e8b465ee728b)  -> (artifact id: 'f045e663ee1ac194fd1ae65da2cefecc') in 0.081576 seconds 
Number of asset objects unloaded after import = 2
========================================================================
Received Import Request.
  Time since last request: 0.000043 seconds.
  path: Assets/ce am pus/oameni + ingrediente + pahare/ingrediente modele/Tex-Cocanero 8.png
  artifactKey: Guid(abb8a0306add0a244aa3af24fda5a542) Importer(815301076,1909f56bfc062723c751e8b465ee728b)
Number of updated assets reloaded before import = 0
Start importing Assets/ce am pus/oameni + ingrediente + pahare/ingrediente modele/Tex-Cocanero 8.png using Guid(abb8a0306add0a244aa3af24fda5a542) Importer(815301076,1909f56bfc062723c751e8b465ee728b)  -> (artifact id: '9cdd7549737733b7fe91bb88e98953e0') in 0.087175 seconds 
Number of asset objects unloaded after import = 2
========================================================================
Received Import Request.
  Time since last request: 0.002936 seconds.
  path: Assets/ce am pus/oameni + ingrediente + pahare/ingrediente modele/RotuloVelho.mat
  artifactKey: Guid(0d112cd4844298f40a037aa2e0125843) Importer(815301076,1909f56bfc062723c751e8b465ee728b)
Number of updated assets reloaded before import = 0
Start importing Assets/ce am pus/oameni + ingrediente + pahare/ingrediente modele/RotuloVelho.mat using Guid(0d112cd4844298f40a037aa2e0125843) Importer(815301076,1909f56bfc062723c751e8b465ee728b)  -> (artifact id: 'e8d0aeef0e2c8cb1d1b0615416fa31c0') in 0.175453 seconds 
Number of asset objects unloaded after import = 2
========================================================================
Received Import Request.
  Time since last request: 0.010431 seconds.
  path: Assets/ce am pus/oameni + ingrediente + pahare/ingrediente modele/Sticker 1.mat
  artifactKey: Guid(3afb96a2c5612c44c90304bb7e9617e6) Importer(815301076,1909f56bfc062723c751e8b465ee728b)
Number of updated assets reloaded before import = 0
Start importing Assets/ce am pus/oameni + ingrediente + pahare/ingrediente modele/Sticker 1.mat using Guid(3afb96a2c5612c44c90304bb7e9617e6) Importer(815301076,1909f56bfc062723c751e8b465ee728b)  -> (artifact id: '697de6f7287441e7d5256aca7d8da4cf') in 0.123451 seconds 
Number of asset objects unloaded after import = 2
========================================================================
Received Import Request.
  Time since last request: 0.000060 seconds.
  path: Assets/ce am pus/oameni + ingrediente + pahare/ingrediente modele/Tex-Cocanero 10.png
  artifactKey: Guid(9c35aab686de086408b663cc96ba6181) Importer(815301076,1909f56bfc062723c751e8b465ee728b)
Number of updated assets reloaded before import = 0
Start importing Assets/ce am pus/oameni + ingrediente + pahare/ingrediente modele/Tex-Cocanero 10.png using Guid(9c35aab686de086408b663cc96ba6181) Importer(815301076,1909f56bfc062723c751e8b465ee728b)  -> (artifact id: '81d9038d06678a1f10135765dbc64484') in 0.070938 seconds 
Number of asset objects unloaded after import = 2
Editor requested this worker to shutdown with reason: Scaling down because of idle timeout
AssetImportWorker is now disconnected from the server
Process exiting
Exiting without the bug reporter. Application will terminate with return code 0