Using pre-set license
Built from '2021.3/staging' branch; Version is '2021.3.31f1 (3409e2af086f) revision 3410402'; Using compiler version '192829333'; Build Type 'Release'
OS: 'Windows 10  (10.0.19045) 64bit Core' Language: 'ro' Physical Memory: 7502 MB
BatchMode: 1, IsHumanControllingUs: 0, StartBugReporterOnCrash: 0, Is64bit: 1, IsPro: 1

COMMAND LINE ARGUMENTS:
C:\Program Files\Unity\Hub\Editor\2021.3.31f1\Editor\Unity.exe
-adb2
-batchMode
-noUpm
-name
AssetImportWorker35
-projectPath
C:/Users/pinza/Documents/GitHub/IMR_Project
-logFile
Logs/AssetImportWorker35.log
-srvPort
50272
Successfully changed project path to: C:/Users/pinza/Documents/GitHub/IMR_Project
C:/Users/pinza/Documents/GitHub/IMR_Project
[UnityMemory] Configuration Parameters - Can be set up in boot.config
    "memorysetup-bucket-allocator-granularity=16"
    "memorysetup-bucket-allocator-bucket-count=8"
    "memorysetup-bucket-allocator-block-size=33554432"
    "memorysetup-bucket-allocator-block-count=8"
    "memorysetup-main-allocator-block-size=16777216"
    "memorysetup-thread-allocator-block-size=16777216"
    "memorysetup-gfx-main-allocator-block-size=16777216"
    "memorysetup-gfx-thread-allocator-block-size=16777216"
    "memorysetup-cache-allocator-block-size=4194304"
    "memorysetup-typetree-allocator-block-size=2097152"
    "memorysetup-profiler-bucket-allocator-granularity=16"
    "memorysetup-profiler-bucket-allocator-bucket-count=8"
    "memorysetup-profiler-bucket-allocator-block-size=33554432"
    "memorysetup-profiler-bucket-allocator-block-count=8"
    "memorysetup-profiler-allocator-block-size=16777216"
    "memorysetup-profiler-editor-allocator-block-size=1048576"
    "memorysetup-temp-allocator-size-main=16777216"
    "memorysetup-job-temp-allocator-block-size=2097152"
    "memorysetup-job-temp-allocator-block-size-background=1048576"
    "memorysetup-job-temp-allocator-reduction-small-platforms=262144"
    "memorysetup-temp-allocator-size-background-worker=32768"
    "memorysetup-temp-allocator-size-job-worker=262144"
    "memorysetup-temp-allocator-size-preload-manager=33554432"
    "memorysetup-temp-allocator-size-nav-mesh-worker=65536"
    "memorysetup-temp-allocator-size-audio-worker=65536"
    "memorysetup-temp-allocator-size-cloud-worker=32768"
    "memorysetup-temp-allocator-size-gi-baking-worker=262144"
    "memorysetup-temp-allocator-size-gfx=262144"
Player connection [9156] Host "[IP] 192.168.56.1 [Port] 0 [Flags] 2 [Guid] 1339530599 [EditorId] 1339530599 [Version] 1048832 [Id] WindowsEditor(7,LAPTOP-42ANUGFD) [Debug] 1 [PackageName] WindowsEditor [ProjectName] Editor" joined multi-casting on [225.0.0.222:54997]...

Player connection [9156] Host "[IP] 192.168.56.1 [Port] 0 [Flags] 2 [Guid] 1339530599 [EditorId] 1339530599 [Version] 1048832 [Id] WindowsEditor(7,LAPTOP-42ANUGFD) [Debug] 1 [PackageName] WindowsEditor [ProjectName] Editor" joined alternative multi-casting on [225.0.0.222:34997]...

[Physics::Module] Initialized MultithreadedJobDispatcher with {0} workers.
Refreshing native plugins compatible for Editor in 182.02 ms, found 3 plugins.
Preloading 0 native plugins for Editor in 0.00 ms.
Initialize engine version: 2021.3.31f1 (3409e2af086f)
[Subsystems] Discovering subsystems at path C:/Program Files/Unity/Hub/Editor/2021.3.31f1/Editor/Data/Resources/UnitySubsystems
[Subsystems] Discovering subsystems at path C:/Users/pinza/Documents/GitHub/IMR_Project/Assets
GfxDevice: creating device client; threaded=0; jobified=0
Direct3D:
    Version:  Direct3D 11.0 [level 11.1]
    Renderer: AMD Radeon(TM) Graphics (ID=0x164c)
    Vendor:   ATI
    VRAM:     3751 MB
    Driver:   27.20.15002.118
Initialize mono
Mono path[0] = 'C:/Program Files/Unity/Hub/Editor/2021.3.31f1/Editor/Data/Managed'
Mono path[1] = 'C:/Program Files/Unity/Hub/Editor/2021.3.31f1/Editor/Data/MonoBleedingEdge/lib/mono/unityjit-win32'
Mono config path = 'C:/Program Files/Unity/Hub/Editor/2021.3.31f1/Editor/Data/MonoBleedingEdge/etc'
Using monoOptions --debugger-agent=transport=dt_socket,embedding=1,server=y,suspend=n,address=127.0.0.1:56212
Begin MonoManager ReloadAssembly
Registering precompiled unity dll's ...
Register platform support module: C:/Program Files/Unity/Hub/Editor/2021.3.31f1/Editor/Data/PlaybackEngines/WindowsStandaloneSupport/UnityEditor.WindowsStandalone.Extensions.dll
Registered in 0.008409 seconds.
Native extension for WindowsStandalone target not found
Refreshing native plugins compatible for Editor in 102.14 ms, found 3 plugins.
Preloading 0 native plugins for Editor in 0.00 ms.
Mono: successfully reloaded assembly
- Completed reload, in  1.118 seconds
Domain Reload Profiling:
	ReloadAssembly (1119ms)
		BeginReloadAssembly (163ms)
			ExecutionOrderSort (0ms)
			DisableScriptedObjects (0ms)
			BackupInstance (0ms)
			ReleaseScriptingObjects (0ms)
			CreateAndSetChildDomain (1ms)
		EndReloadAssembly (799ms)
			LoadAssemblies (160ms)
			RebuildTransferFunctionScriptingTraits (0ms)
			SetupTypeCache (183ms)
			ReleaseScriptCaches (0ms)
			RebuildScriptCaches (58ms)
			SetupLoadedEditorAssemblies (486ms)
				LogAssemblyErrors (0ms)
				InitializePlatformSupportModulesInManaged (14ms)
				SetLoadedEditorAssemblies (0ms)
				RefreshPlugins (102ms)
				BeforeProcessingInitializeOnLoad (2ms)
				ProcessInitializeOnLoadAttributes (253ms)
				ProcessInitializeOnLoadMethodAttributes (114ms)
				AfterProcessingInitializeOnLoad (0ms)
				EditorAssembliesLoaded (0ms)
			ExecutionOrderSort2 (0ms)
			AwakeInstancesAfterBackupRestoration (0ms)
Platform modules already initialized, skipping
Registering precompiled user dll's ...
Registered in 0.006176 seconds.
Begin MonoManager ReloadAssembly
Native extension for WindowsStandalone target not found
Refreshing native plugins compatible for Editor in 1.79 ms, found 3 plugins.
Preloading 0 native plugins for Editor in 0.00 ms.
Package Manager log level set to [2]
[Package Manager] Server::EnsureServerProcessIsRunning -- launch failed, reason: Unity was launched with the -noUpm command-line argument
[Package Manager] Cannot connect to Unity Package Manager local server
Mono: successfully reloaded assembly
- Completed reload, in  2.361 seconds
Domain Reload Profiling:
	ReloadAssembly (2362ms)
		BeginReloadAssembly (266ms)
			ExecutionOrderSort (0ms)
			DisableScriptedObjects (11ms)
			BackupInstance (0ms)
			ReleaseScriptingObjects (0ms)
			CreateAndSetChildDomain (44ms)
		EndReloadAssembly (1924ms)
			LoadAssemblies (232ms)
			RebuildTransferFunctionScriptingTraits (0ms)
			SetupTypeCache (460ms)
			ReleaseScriptCaches (1ms)
			RebuildScriptCaches (96ms)
			SetupLoadedEditorAssemblies (1138ms)
				LogAssemblyErrors (0ms)
				InitializePlatformSupportModulesInManaged (12ms)
				SetLoadedEditorAssemblies (1ms)
				RefreshPlugins (2ms)
				BeforeProcessingInitializeOnLoad (125ms)
				ProcessInitializeOnLoadAttributes (940ms)
				ProcessInitializeOnLoadMethodAttributes (46ms)
				AfterProcessingInitializeOnLoad (12ms)
				EditorAssembliesLoaded (0ms)
			ExecutionOrderSort2 (0ms)
			AwakeInstancesAfterBackupRestoration (12ms)
Platform modules already initialized, skipping
========================================================================
Worker process is ready to serve import requests
Launched and connected shader compiler UnityShaderCompiler.exe after 0.11 seconds
Refreshing native plugins compatible for Editor in 0.95 ms, found 3 plugins.
Preloading 0 native plugins for Editor in 0.00 ms.
Unloading 3066 Unused Serialized files (Serialized files now loaded: 0)
Unloading 23 unused Assets / (46.7 KB). Loaded Objects now: 3527.
Memory consumption went from 109.0 MB to 108.9 MB.
Total: 4.259400 ms (FindLiveObjects: 0.393400 ms CreateObjectMapping: 0.097000 ms MarkObjects: 3.595800 ms  DeleteObjects: 0.171400 ms)

AssetImportParameters requested are different than current active one (requested -> active):
  custom:video-decoder-ogg-theora: a1e56fd34408186e4bbccfd4996cb3dc -> 
  custom:container-muxer-webm: aa71ff27fc2769a1b78a27578f13a17b -> 
  custom:container-demuxer-webm: 4f35f7cbe854078d1ac9338744f61a02 -> 
  custom:video-encoder-webm-vp8: eb34c28f22e8b96e1ab97ce403110664 -> 
  custom:CustomObjectIndexerAttribute: bc11b3a6c3213fcdd17b65e7da85e133 -> 
  custom:audio-encoder-webm-vorbis: bf7c407c2cedff20999df2af8eb42d56 -> 
  custom:framework-win-MediaFoundation: 216162199b28c13a410421893ffa2e32 -> 
  custom:SearchIndexIgnoredProperties: e643bd26f0fe6173181afceb89e7c659 -> 
  custom:container-demuxer-ogg: 62fdf1f143b41e24485cea50d1cbac27 -> 
  custom:video-decoder-webm-vp8: 9c59270c3fd7afecdb556c50c9e8de78 -> 
  custom:audio-decoder-ogg-vorbis: bf7c407c2cedff20999df2af8eb42d56 -> 
========================================================================
Received Import Request.
  Time since last request: 199372.709326 seconds.
  path: Assets/ce am pus/oameni + ingrediente + pahare/ingrediente modele/Sink_Textures/lgmap_PBRmr_mis35_Normal.jpg
  artifactKey: Guid(25b6efb437e2fa249ba0d9e36ef5f502) Importer(815301076,1909f56bfc062723c751e8b465ee728b)
Number of updated assets reloaded before import = 0
Start importing Assets/ce am pus/oameni + ingrediente + pahare/ingrediente modele/Sink_Textures/lgmap_PBRmr_mis35_Normal.jpg using Guid(25b6efb437e2fa249ba0d9e36ef5f502) Importer(815301076,1909f56bfc062723c751e8b465ee728b)  -> (artifact id: '9344f88c5a22f5e3ff569af18ef795ab') in 0.119706 seconds 
Number of asset objects unloaded after import = 2
========================================================================
Received Import Request.
  Time since last request: 109.023510 seconds.
  path: Assets/ce am pus/oameni + ingrediente + pahare/ingrediente modele/Sugar_Texture/shaker_sugar_diff.jpg
  artifactKey: Guid(4758657cb8cf2f2419440b856c0dd970) Importer(815301076,1909f56bfc062723c751e8b465ee728b)
Number of updated assets reloaded before import = 0
Start importing Assets/ce am pus/oameni + ingrediente + pahare/ingrediente modele/Sugar_Texture/shaker_sugar_diff.jpg using Guid(4758657cb8cf2f2419440b856c0dd970) Importer(815301076,1909f56bfc062723c751e8b465ee728b)  -> (artifact id: 'e32c8712362fabfd82200d736d4e2909') in 0.037467 seconds 
Number of asset objects unloaded after import = 2
========================================================================
Received Import Request.
  Time since last request: 22.813373 seconds.
  path: Assets/Mobilier/materials/alb.mat
  artifactKey: Guid(e9015527b84fdba4b809f44b420af2ea) Importer(815301076,1909f56bfc062723c751e8b465ee728b)
Number of updated assets reloaded before import = 0
Start importing Assets/Mobilier/materials/alb.mat using Guid(e9015527b84fdba4b809f44b420af2ea) Importer(815301076,1909f56bfc062723c751e8b465ee728b)  -> (artifact id: '1b1459c50e0aa86c96fc40bccbe96267') in 0.118602 seconds 
Number of asset objects unloaded after import = 1
========================================================================
Received Import Request.
  Time since last request: 8.950312 seconds.
  path: Assets/ce am pus/oameni + ingrediente + pahare/ingrediente modele/sugar_shaker.FBX
  artifactKey: Guid(71755a52c21834447a4e4f315a89904a) Importer(815301076,1909f56bfc062723c751e8b465ee728b)
Number of updated assets reloaded before import = 0
Start importing Assets/ce am pus/oameni + ingrediente + pahare/ingrediente modele/sugar_shaker.FBX using Guid(71755a52c21834447a4e4f315a89904a) Importer(815301076,1909f56bfc062723c751e8b465ee728b)  -> (artifact id: 'bcc474e2ec4c109e311b31e542d971b7') in 0.085946 seconds 
Number of asset objects unloaded after import = 10
========================================================================
Received Import Request.
  Time since last request: 16.544027 seconds.
  path: Assets/XR/XRGeneralSettingsPerBuildTarget.asset
  artifactKey: Guid(02010c59b2fa7ad478b07b5445d2ce37) Importer(815301076,1909f56bfc062723c751e8b465ee728b)
Number of updated assets reloaded before import = 0
Start importing Assets/XR/XRGeneralSettingsPerBuildTarget.asset using Guid(02010c59b2fa7ad478b07b5445d2ce37) Importer(815301076,1909f56bfc062723c751e8b465ee728b)  -> (artifact id: '493fa80a70b9a3434cafdef641ddac2d') in 0.024641 seconds 
Number of asset objects unloaded after import = 5
========================================================================
Received Import Request.
  Time since last request: 0.245393 seconds.
  path: Assets/Mobilier/model/incapere_fixa.fbx
  artifactKey: Guid(a8940bec8ce19b445b2741a56156b74e) Importer(815301076,1909f56bfc062723c751e8b465ee728b)
Number of updated assets reloaded before import = 0
Start importing Assets/Mobilier/model/incapere_fixa.fbx using Guid(a8940bec8ce19b445b2741a56156b74e) Importer(815301076,1909f56bfc062723c751e8b465ee728b)  -> (artifact id: 'f54e246e2d4c78558c1aba755a5da797') in 0.861635 seconds 
Number of asset objects unloaded after import = 185
========================================================================
Received Import Request.
  Time since last request: 57.288597 seconds.
  path: Assets/ce am pus/oameni + ingrediente + pahare/ingrediente+instrumente modele/WhiteRum.fbx
  artifactKey: Guid(53a7310903fd1284b871e4cc11d364f7) Importer(815301076,1909f56bfc062723c751e8b465ee728b)
Number of updated assets reloaded before import = 0
Start importing Assets/ce am pus/oameni + ingrediente + pahare/ingrediente+instrumente modele/WhiteRum.fbx using Guid(53a7310903fd1284b871e4cc11d364f7) Importer(815301076,1909f56bfc062723c751e8b465ee728b)  -> (artifact id: '45f289558fd6cc71793e7b3119ccbccf') in 0.113858 seconds 
Number of asset objects unloaded after import = 27
========================================================================
Received Import Request.
  Time since last request: 203.295091 seconds.
  path: Assets/nesortate/Coca-Cola.fbx
  artifactKey: Guid(2f7f74bcd487e304992b4307ea3fa0a6) Importer(815301076,1909f56bfc062723c751e8b465ee728b)
Number of updated assets reloaded before import = 0
Start importing Assets/nesortate/Coca-Cola.fbx using Guid(2f7f74bcd487e304992b4307ea3fa0a6) Importer(815301076,1909f56bfc062723c751e8b465ee728b)  -> (artifact id: 'd5004227f407aca28b9fb3a830108833') in 0.097078 seconds 
Number of asset objects unloaded after import = 35
========================================================================
Received Import Request.
  Time since last request: 0.330477 seconds.
  path: Assets/Mobilier/model/masuta.fbx
  artifactKey: Guid(197eb18f348b52f408b9dee1424b3165) Importer(815301076,1909f56bfc062723c751e8b465ee728b)
Number of updated assets reloaded before import = 0
Start importing Assets/Mobilier/model/masuta.fbx using Guid(197eb18f348b52f408b9dee1424b3165) Importer(815301076,1909f56bfc062723c751e8b465ee728b)  -> (artifact id: 'a79eadefe252b6186dd408d01af99aa1') in 0.166230 seconds 
Number of asset objects unloaded after import = 38
========================================================================
Received Import Request.
  Time since last request: 0.000040 seconds.
  path: Assets/Mobilier/materials/Wood Floor DarkBrown Parquet Floor.mat
  artifactKey: Guid(e286b97b65735794ea1494bb19cf2217) Importer(815301076,1909f56bfc062723c751e8b465ee728b)
Number of updated assets reloaded before import = 0
Start importing Assets/Mobilier/materials/Wood Floor DarkBrown Parquet Floor.mat using Guid(e286b97b65735794ea1494bb19cf2217) Importer(815301076,1909f56bfc062723c751e8b465ee728b)  -> (artifact id: 'b72eec5aa1f84f327fd298b85169e7ea') in 0.030515 seconds 
Number of asset objects unloaded after import = 5
========================================================================
Received Import Request.
  Time since last request: 425.580207 seconds.
  path: Assets/nesortate/Mint_Textures/fresh-mint-leaf-2.png
  artifactKey: Guid(adf844bf209f36a42b7a9c557d96cf58) Importer(815301076,1909f56bfc062723c751e8b465ee728b)
Number of updated assets reloaded before import = 0
Start importing Assets/nesortate/Mint_Textures/fresh-mint-leaf-2.png using Guid(adf844bf209f36a42b7a9c557d96cf58) Importer(815301076,1909f56bfc062723c751e8b465ee728b)  -> (artifact id: 'd0cb20c67ba4f583f5086bc2047f6ef1') in 0.036381 seconds 
Number of asset objects unloaded after import = 2
========================================================================
Received Import Request.
  Time since last request: 22.351081 seconds.
  path: Assets/nesortate/Sink_Textures/lgmap_PBRmr_mis35_Metallic.jpg
  artifactKey: Guid(d53c30349369d224cbc7c7dd73bd2b85) Importer(815301076,1909f56bfc062723c751e8b465ee728b)
Number of updated assets reloaded before import = 0
Start importing Assets/nesortate/Sink_Textures/lgmap_PBRmr_mis35_Metallic.jpg using Guid(d53c30349369d224cbc7c7dd73bd2b85) Importer(815301076,1909f56bfc062723c751e8b465ee728b)  -> (artifact id: 'fbd1fa0291b807f10161e0397f1e5248') in 0.036606 seconds 
Number of asset objects unloaded after import = 2
========================================================================
Received Import Request.
  Time since last request: 0.000740 seconds.
  path: Assets/nesortate/Sink_Textures/lgmap_PBRsg_mis35_Diffuse.jpg
  artifactKey: Guid(24e49268e8142754498adf36ccd6bc10) Importer(815301076,1909f56bfc062723c751e8b465ee728b)
Number of updated assets reloaded before import = 0
Start importing Assets/nesortate/Sink_Textures/lgmap_PBRsg_mis35_Diffuse.jpg using Guid(24e49268e8142754498adf36ccd6bc10) Importer(815301076,1909f56bfc062723c751e8b465ee728b)  -> (artifact id: '2598c5bd9a3075ca85eaee7a5fc1603c') in 0.114667 seconds 
Number of asset objects unloaded after import = 2
========================================================================
Received Import Request.
  Time since last request: 0.000075 seconds.
  path: Assets/nesortate/Sink_Textures/lgmap_PBRmr_mis35_Roughness.jpg
  artifactKey: Guid(b21cc2e7f02916f44988570d804cf337) Importer(815301076,1909f56bfc062723c751e8b465ee728b)
Number of updated assets reloaded before import = 0
Start importing Assets/nesortate/Sink_Textures/lgmap_PBRmr_mis35_Roughness.jpg using Guid(b21cc2e7f02916f44988570d804cf337) Importer(815301076,1909f56bfc062723c751e8b465ee728b)  -> (artifact id: '420e981007de43933868a991836b6910') in 0.067152 seconds 
Number of asset objects unloaded after import = 2
========================================================================
Received Import Request.
  Time since last request: 0.000062 seconds.
  path: Assets/nesortate/Sink_Textures/lgmap_PBRsg_mis35_ior.jpg
  artifactKey: Guid(4335d00d07eab4344adef1df2b11ebe0) Importer(815301076,1909f56bfc062723c751e8b465ee728b)
Number of updated assets reloaded before import = 0
Start importing Assets/nesortate/Sink_Textures/lgmap_PBRsg_mis35_ior.jpg using Guid(4335d00d07eab4344adef1df2b11ebe0) Importer(815301076,1909f56bfc062723c751e8b465ee728b)  -> (artifact id: '8f53ac3051c29357dfbf14e0c7346ad3') in 0.086432 seconds 
Number of asset objects unloaded after import = 2
========================================================================
Received Import Request.
  Time since last request: 0.000039 seconds.
  path: Assets/nesortate/Sink_Textures/lgmap_PBRsg_mis35_Diffuse 1.jpg
  artifactKey: Guid(cb78167b04c5f6f41b60034281b076f1) Importer(815301076,1909f56bfc062723c751e8b465ee728b)
Number of updated assets reloaded before import = 0
Start importing Assets/nesortate/Sink_Textures/lgmap_PBRsg_mis35_Diffuse 1.jpg using Guid(cb78167b04c5f6f41b60034281b076f1) Importer(815301076,1909f56bfc062723c751e8b465ee728b)  -> (artifact id: '45328ba2a1e2d5715b0c82922a4edbdd') in 0.066407 seconds 
Number of asset objects unloaded after import = 2
========================================================================
Received Import Request.
  Time since last request: 0.000074 seconds.
  path: Assets/nesortate/Sink_Textures/mis35.mat
  artifactKey: Guid(c840d7679ccdb0e4fb6f0c0234736a35) Importer(815301076,1909f56bfc062723c751e8b465ee728b)
Number of updated assets reloaded before import = 0
Start importing Assets/nesortate/Sink_Textures/mis35.mat using Guid(c840d7679ccdb0e4fb6f0c0234736a35) Importer(815301076,1909f56bfc062723c751e8b465ee728b)  -> (artifact id: 'ae980d3c56a1119bb272959c91d8aceb') in 0.045380 seconds 
Number of asset objects unloaded after import = 2
========================================================================
Received Import Request.
  Time since last request: 0.000084 seconds.
  path: Assets/nesortate/Sink_Textures/lgmap_PBRsg_mis35_Reflection.jpg
  artifactKey: Guid(5155f2d01c048e44fa27c237a2574cf2) Importer(815301076,1909f56bfc062723c751e8b465ee728b)
Number of updated assets reloaded before import = 0
Start importing Assets/nesortate/Sink_Textures/lgmap_PBRsg_mis35_Reflection.jpg using Guid(5155f2d01c048e44fa27c237a2574cf2) Importer(815301076,1909f56bfc062723c751e8b465ee728b)  -> (artifact id: '7569d78780650630a16befda312a6021') in 0.059203 seconds 
Number of asset objects unloaded after import = 2
========================================================================
Received Import Request.
  Time since last request: 0.000099 seconds.
  path: Assets/nesortate/Sugar_Texture/shaker_sugar_diff.jpg
  artifactKey: Guid(d8cbd1e300c22c34f82655bdb58312c2) Importer(815301076,1909f56bfc062723c751e8b465ee728b)
Number of updated assets reloaded before import = 0
Start importing Assets/nesortate/Sugar_Texture/shaker_sugar_diff.jpg using Guid(d8cbd1e300c22c34f82655bdb58312c2) Importer(815301076,1909f56bfc062723c751e8b465ee728b)  -> (artifact id: '5b391a88c57f8fd7ff1e39006199e820') in 0.044380 seconds 
Number of asset objects unloaded after import = 2
Editor requested this worker to shutdown with reason: Scaling down because of idle timeout
AssetImportWorker is now disconnected from the server
Process exiting
Exiting without the bug reporter. Application will terminate with return code 0