Using pre-set license
Built from '2021.3/staging' branch; Version is '2021.3.31f1 (3409e2af086f) revision 3410402'; Using compiler version '192829333'; Build Type 'Release'
OS: 'Windows 10  (10.0.19045) 64bit Core' Language: 'ro' Physical Memory: 7502 MB
BatchMode: 1, IsHumanControllingUs: 0, StartBugReporterOnCrash: 0, Is64bit: 1, IsPro: 1

COMMAND LINE ARGUMENTS:
C:\Program Files\Unity\Hub\Editor\2021.3.31f1\Editor\Unity.exe
-adb2
-batchMode
-noUpm
-name
AssetImportWorker30
-projectPath
C:/Users/pinza/Documents/GitHub/IMR_Project
-logFile
Logs/AssetImportWorker30.log
-srvPort
50272
Successfully changed project path to: C:/Users/pinza/Documents/GitHub/IMR_Project
C:/Users/pinza/Documents/GitHub/IMR_Project
[UnityMemory] Configuration Parameters - Can be set up in boot.config
    "memorysetup-bucket-allocator-granularity=16"
    "memorysetup-bucket-allocator-bucket-count=8"
    "memorysetup-bucket-allocator-block-size=33554432"
    "memorysetup-bucket-allocator-block-count=8"
    "memorysetup-main-allocator-block-size=16777216"
    "memorysetup-thread-allocator-block-size=16777216"
    "memorysetup-gfx-main-allocator-block-size=16777216"
    "memorysetup-gfx-thread-allocator-block-size=16777216"
    "memorysetup-cache-allocator-block-size=4194304"
    "memorysetup-typetree-allocator-block-size=2097152"
    "memorysetup-profiler-bucket-allocator-granularity=16"
    "memorysetup-profiler-bucket-allocator-bucket-count=8"
    "memorysetup-profiler-bucket-allocator-block-size=33554432"
    "memorysetup-profiler-bucket-allocator-block-count=8"
    "memorysetup-profiler-allocator-block-size=16777216"
    "memorysetup-profiler-editor-allocator-block-size=1048576"
    "memorysetup-temp-allocator-size-main=16777216"
    "memorysetup-job-temp-allocator-block-size=2097152"
    "memorysetup-job-temp-allocator-block-size-background=1048576"
    "memorysetup-job-temp-allocator-reduction-small-platforms=262144"
    "memorysetup-temp-allocator-size-background-worker=32768"
    "memorysetup-temp-allocator-size-job-worker=262144"
    "memorysetup-temp-allocator-size-preload-manager=33554432"
    "memorysetup-temp-allocator-size-nav-mesh-worker=65536"
    "memorysetup-temp-allocator-size-audio-worker=65536"
    "memorysetup-temp-allocator-size-cloud-worker=32768"
    "memorysetup-temp-allocator-size-gi-baking-worker=262144"
    "memorysetup-temp-allocator-size-gfx=262144"
Player connection [7152] Host "[IP] 192.168.56.1 [Port] 0 [Flags] 2 [Guid] 2908559646 [EditorId] 2908559646 [Version] 1048832 [Id] WindowsEditor(7,LAPTOP-42ANUGFD) [Debug] 1 [PackageName] WindowsEditor [ProjectName] Editor" joined multi-casting on [225.0.0.222:54997]...

Player connection [7152] Host "[IP] 192.168.56.1 [Port] 0 [Flags] 2 [Guid] 2908559646 [EditorId] 2908559646 [Version] 1048832 [Id] WindowsEditor(7,LAPTOP-42ANUGFD) [Debug] 1 [PackageName] WindowsEditor [ProjectName] Editor" joined alternative multi-casting on [225.0.0.222:34997]...

[Physics::Module] Initialized MultithreadedJobDispatcher with {0} workers.
Refreshing native plugins compatible for Editor in 166.88 ms, found 3 plugins.
Preloading 0 native plugins for Editor in 0.00 ms.
Initialize engine version: 2021.3.31f1 (3409e2af086f)
[Subsystems] Discovering subsystems at path C:/Program Files/Unity/Hub/Editor/2021.3.31f1/Editor/Data/Resources/UnitySubsystems
[Subsystems] Discovering subsystems at path C:/Users/pinza/Documents/GitHub/IMR_Project/Assets
GfxDevice: creating device client; threaded=0; jobified=0
Direct3D:
    Version:  Direct3D 11.0 [level 11.1]
    Renderer: AMD Radeon(TM) Graphics (ID=0x164c)
    Vendor:   ATI
    VRAM:     3751 MB
    Driver:   27.20.15002.118
Initialize mono
Mono path[0] = 'C:/Program Files/Unity/Hub/Editor/2021.3.31f1/Editor/Data/Managed'
Mono path[1] = 'C:/Program Files/Unity/Hub/Editor/2021.3.31f1/Editor/Data/MonoBleedingEdge/lib/mono/unityjit-win32'
Mono config path = 'C:/Program Files/Unity/Hub/Editor/2021.3.31f1/Editor/Data/MonoBleedingEdge/etc'
Using monoOptions --debugger-agent=transport=dt_socket,embedding=1,server=y,suspend=n,address=127.0.0.1:56204
Begin MonoManager ReloadAssembly
Registering precompiled unity dll's ...
Register platform support module: C:/Program Files/Unity/Hub/Editor/2021.3.31f1/Editor/Data/PlaybackEngines/WindowsStandaloneSupport/UnityEditor.WindowsStandalone.Extensions.dll
Registered in 0.012841 seconds.
Native extension for WindowsStandalone target not found
Refreshing native plugins compatible for Editor in 177.42 ms, found 3 plugins.
Preloading 0 native plugins for Editor in 0.00 ms.
Mono: successfully reloaded assembly
- Completed reload, in  2.067 seconds
Domain Reload Profiling:
	ReloadAssembly (2069ms)
		BeginReloadAssembly (404ms)
			ExecutionOrderSort (0ms)
			DisableScriptedObjects (0ms)
			BackupInstance (0ms)
			ReleaseScriptingObjects (0ms)
			CreateAndSetChildDomain (2ms)
		EndReloadAssembly (1402ms)
			LoadAssemblies (392ms)
			RebuildTransferFunctionScriptingTraits (0ms)
			SetupTypeCache (316ms)
			ReleaseScriptCaches (0ms)
			RebuildScriptCaches (106ms)
			SetupLoadedEditorAssemblies (856ms)
				LogAssemblyErrors (0ms)
				InitializePlatformSupportModulesInManaged (23ms)
				SetLoadedEditorAssemblies (2ms)
				RefreshPlugins (178ms)
				BeforeProcessingInitializeOnLoad (4ms)
				ProcessInitializeOnLoadAttributes (500ms)
				ProcessInitializeOnLoadMethodAttributes (148ms)
				AfterProcessingInitializeOnLoad (0ms)
				EditorAssembliesLoaded (0ms)
			ExecutionOrderSort2 (0ms)
			AwakeInstancesAfterBackupRestoration (0ms)
Platform modules already initialized, skipping
Registering precompiled user dll's ...
Registered in 0.016929 seconds.
Begin MonoManager ReloadAssembly
Native extension for WindowsStandalone target not found
Refreshing native plugins compatible for Editor in 0.96 ms, found 3 plugins.
Preloading 0 native plugins for Editor in 0.00 ms.
Package Manager log level set to [2]
[Package Manager] Server::EnsureServerProcessIsRunning -- launch failed, reason: Unity was launched with the -noUpm command-line argument
[Package Manager] Cannot connect to Unity Package Manager local server
Mono: successfully reloaded assembly
- Completed reload, in  2.438 seconds
Domain Reload Profiling:
	ReloadAssembly (2441ms)
		BeginReloadAssembly (267ms)
			ExecutionOrderSort (0ms)
			DisableScriptedObjects (9ms)
			BackupInstance (0ms)
			ReleaseScriptingObjects (0ms)
			CreateAndSetChildDomain (51ms)
		EndReloadAssembly (1960ms)
			LoadAssemblies (197ms)
			RebuildTransferFunctionScriptingTraits (0ms)
			SetupTypeCache (526ms)
			ReleaseScriptCaches (1ms)
			RebuildScriptCaches (96ms)
			SetupLoadedEditorAssemblies (1129ms)
				LogAssemblyErrors (0ms)
				InitializePlatformSupportModulesInManaged (9ms)
				SetLoadedEditorAssemblies (1ms)
				RefreshPlugins (1ms)
				BeforeProcessingInitializeOnLoad (123ms)
				ProcessInitializeOnLoadAttributes (938ms)
				ProcessInitializeOnLoadMethodAttributes (46ms)
				AfterProcessingInitializeOnLoad (11ms)
				EditorAssembliesLoaded (0ms)
			ExecutionOrderSort2 (0ms)
			AwakeInstancesAfterBackupRestoration (13ms)
Platform modules already initialized, skipping
========================================================================
Worker process is ready to serve import requests
Launched and connected shader compiler UnityShaderCompiler.exe after 0.13 seconds
Refreshing native plugins compatible for Editor in 1.17 ms, found 3 plugins.
Preloading 0 native plugins for Editor in 0.00 ms.
Unloading 3066 Unused Serialized files (Serialized files now loaded: 0)
Unloading 23 unused Assets / (46.7 KB). Loaded Objects now: 3527.
Memory consumption went from 109.0 MB to 108.9 MB.
Total: 3.413700 ms (FindLiveObjects: 0.377600 ms CreateObjectMapping: 0.153900 ms MarkObjects: 2.776400 ms  DeleteObjects: 0.104500 ms)

AssetImportParameters requested are different than current active one (requested -> active):
  custom:video-decoder-ogg-theora: a1e56fd34408186e4bbccfd4996cb3dc -> 
  custom:container-muxer-webm: aa71ff27fc2769a1b78a27578f13a17b -> 
  custom:container-demuxer-webm: 4f35f7cbe854078d1ac9338744f61a02 -> 
  custom:video-encoder-webm-vp8: eb34c28f22e8b96e1ab97ce403110664 -> 
  custom:CustomObjectIndexerAttribute: bc11b3a6c3213fcdd17b65e7da85e133 -> 
  custom:audio-encoder-webm-vorbis: bf7c407c2cedff20999df2af8eb42d56 -> 
  custom:framework-win-MediaFoundation: 216162199b28c13a410421893ffa2e32 -> 
  custom:SearchIndexIgnoredProperties: e643bd26f0fe6173181afceb89e7c659 -> 
  custom:container-demuxer-ogg: 62fdf1f143b41e24485cea50d1cbac27 -> 
  custom:video-decoder-webm-vp8: 9c59270c3fd7afecdb556c50c9e8de78 -> 
  custom:audio-decoder-ogg-vorbis: bf7c407c2cedff20999df2af8eb42d56 -> 
========================================================================
Received Import Request.
  Time since last request: 199346.780743 seconds.
  path: Assets/ce am pus/oameni + ingrediente + pahare/ingrediente modele/Sugar_Texture
  artifactKey: Guid(b7d05db8ba0cad2488262a74a322d640) Importer(815301076,1909f56bfc062723c751e8b465ee728b)
Number of updated assets reloaded before import = 0
Start importing Assets/ce am pus/oameni + ingrediente + pahare/ingrediente modele/Sugar_Texture using Guid(b7d05db8ba0cad2488262a74a322d640) Importer(815301076,1909f56bfc062723c751e8b465ee728b)  -> (artifact id: '0a473a1075e79da16fc7893eca336dd0') in 0.025681 seconds 
Number of asset objects unloaded after import = 0
========================================================================
Received Import Request.
  Time since last request: 0.695803 seconds.
  path: Assets/ce am pus/oameni + ingrediente + pahare/ingrediente modele/Sink_Textures
  artifactKey: Guid(7296ee8003735044e8f6d04034f01d5f) Importer(815301076,1909f56bfc062723c751e8b465ee728b)
Number of updated assets reloaded before import = 0
Start importing Assets/ce am pus/oameni + ingrediente + pahare/ingrediente modele/Sink_Textures using Guid(7296ee8003735044e8f6d04034f01d5f) Importer(815301076,1909f56bfc062723c751e8b465ee728b)  -> (artifact id: '037348f96f3bcb40fe158dbb405b2881') in 0.013504 seconds 
Number of asset objects unloaded after import = 0
========================================================================
Received Import Request.
  Time since last request: 0.693595 seconds.
  path: Assets/ce am pus/oameni + ingrediente + pahare/ingrediente modele/Mint_Textures
  artifactKey: Guid(5cf6ed736ab876b409b891694ebb6292) Importer(815301076,1909f56bfc062723c751e8b465ee728b)
Number of updated assets reloaded before import = 0
Start importing Assets/ce am pus/oameni + ingrediente + pahare/ingrediente modele/Mint_Textures using Guid(5cf6ed736ab876b409b891694ebb6292) Importer(815301076,1909f56bfc062723c751e8b465ee728b)  -> (artifact id: '4b8ee431d477cb974a3b5f3cc8d264e9') in 0.013183 seconds 
Number of asset objects unloaded after import = 0
========================================================================
Received Import Request.
  Time since last request: 0.046941 seconds.
  path: Assets/ce am pus/oameni + ingrediente + pahare/ingrediente modele/Mint_Textures/fresh-mint-leaf-2 - Opacity.jpg
  artifactKey: Guid(7e67771aa11b95341b564060b1a3c8b8) Importer(815301076,1909f56bfc062723c751e8b465ee728b)
Number of updated assets reloaded before import = 0
Start importing Assets/ce am pus/oameni + ingrediente + pahare/ingrediente modele/Mint_Textures/fresh-mint-leaf-2 - Opacity.jpg using Guid(7e67771aa11b95341b564060b1a3c8b8) Importer(815301076,1909f56bfc062723c751e8b465ee728b)  -> (artifact id: 'd1a803f4eb2ca87d0c41756e08d65ce6') in 0.099592 seconds 
Number of asset objects unloaded after import = 2
========================================================================
Received Import Request.
  Time since last request: 0.000036 seconds.
  path: Assets/ce am pus/oameni + ingrediente + pahare/ingrediente modele/Mint_Textures/fresh-mint-leaf-2.png
  artifactKey: Guid(d45967558078451498439f4008b35f0d) Importer(815301076,1909f56bfc062723c751e8b465ee728b)
Number of updated assets reloaded before import = 0
Start importing Assets/ce am pus/oameni + ingrediente + pahare/ingrediente modele/Mint_Textures/fresh-mint-leaf-2.png using Guid(d45967558078451498439f4008b35f0d) Importer(815301076,1909f56bfc062723c751e8b465ee728b)  -> (artifact id: '64c47a338024612fde86f72e778da6a9') in 0.033235 seconds 
Number of asset objects unloaded after import = 2
========================================================================
Received Import Request.
  Time since last request: 7.212231 seconds.
  path: Assets/ce am pus/oameni + ingrediente + pahare/ingrediente modele
  artifactKey: Guid(ed963722b20e97c4589fe43c5e386ad3) Importer(815301076,1909f56bfc062723c751e8b465ee728b)
Number of updated assets reloaded before import = 0
Start importing Assets/ce am pus/oameni + ingrediente + pahare/ingrediente modele using Guid(ed963722b20e97c4589fe43c5e386ad3) Importer(815301076,1909f56bfc062723c751e8b465ee728b)  -> (artifact id: '68319b46277518cfedffa00740b913be') in 0.012438 seconds 
Number of asset objects unloaded after import = 0
========================================================================
Received Import Request.
  Time since last request: 0.935149 seconds.
  path: Assets/ce am pus/oameni + ingrediente + pahare/ingrediente modele/Sink_Textures/lgmap_PBRmr_mis35_BaseColor.jpg
  artifactKey: Guid(e86da84d2a1b2a7468ba9cd635e5f019) Importer(815301076,1909f56bfc062723c751e8b465ee728b)
Number of updated assets reloaded before import = 0
Start importing Assets/ce am pus/oameni + ingrediente + pahare/ingrediente modele/Sink_Textures/lgmap_PBRmr_mis35_BaseColor.jpg using Guid(e86da84d2a1b2a7468ba9cd635e5f019) Importer(815301076,1909f56bfc062723c751e8b465ee728b)  -> (artifact id: '13cde567c58c0e14390be5e82240ee70') in 0.129234 seconds 
Number of asset objects unloaded after import = 2
========================================================================
Received Import Request.
  Time since last request: 0.000047 seconds.
  path: Assets/ce am pus/oameni + ingrediente + pahare/ingrediente modele/Sink_Textures/lgmap_PBRsg_mis35_Glossiness 1.jpg
  artifactKey: Guid(22be84c7cdcfe80498384119da8446e3) Importer(815301076,1909f56bfc062723c751e8b465ee728b)
Number of updated assets reloaded before import = 0
Start importing Assets/ce am pus/oameni + ingrediente + pahare/ingrediente modele/Sink_Textures/lgmap_PBRsg_mis35_Glossiness 1.jpg using Guid(22be84c7cdcfe80498384119da8446e3) Importer(815301076,1909f56bfc062723c751e8b465ee728b)  -> (artifact id: '60981380c2df44269fef4defd25ba27e') in 0.088574 seconds 
Number of asset objects unloaded after import = 2
========================================================================
Received Import Request.
  Time since last request: 0.000104 seconds.
  path: Assets/ce am pus/oameni + ingrediente + pahare/ingrediente modele/Sink_Textures/lgmap_PBRsg_mis35_Diffuse 1.jpg
  artifactKey: Guid(67d29386b961037438395f11e62f34f3) Importer(815301076,1909f56bfc062723c751e8b465ee728b)
Number of updated assets reloaded before import = 0
Start importing Assets/ce am pus/oameni + ingrediente + pahare/ingrediente modele/Sink_Textures/lgmap_PBRsg_mis35_Diffuse 1.jpg using Guid(67d29386b961037438395f11e62f34f3) Importer(815301076,1909f56bfc062723c751e8b465ee728b)  -> (artifact id: '4ce9163700fbe7bdcc66813366f138d4') in 0.127651 seconds 
Number of asset objects unloaded after import = 2
========================================================================
Received Import Request.
  Time since last request: 0.000172 seconds.
  path: Assets/ce am pus/oameni + ingrediente + pahare/ingrediente modele/Sink_Textures/lgmap_PBRsg_mis35_Diffuse.jpg
  artifactKey: Guid(70002389c06129e43a7b797d6f617269) Importer(815301076,1909f56bfc062723c751e8b465ee728b)
Number of updated assets reloaded before import = 0
Start importing Assets/ce am pus/oameni + ingrediente + pahare/ingrediente modele/Sink_Textures/lgmap_PBRsg_mis35_Diffuse.jpg using Guid(70002389c06129e43a7b797d6f617269) Importer(815301076,1909f56bfc062723c751e8b465ee728b)  -> (artifact id: 'a4bf1165d30ae1b403111402d0b55c29') in 0.075322 seconds 
Number of asset objects unloaded after import = 2
========================================================================
Received Import Request.
  Time since last request: 0.000106 seconds.
  path: Assets/ce am pus/oameni + ingrediente + pahare/ingrediente modele/Sink_Textures/lgmap_PBRmr_mis35_Roughness.jpg
  artifactKey: Guid(4a69b6f8901ebc0488105f285644ab4d) Importer(815301076,1909f56bfc062723c751e8b465ee728b)
Number of updated assets reloaded before import = 0
Start importing Assets/ce am pus/oameni + ingrediente + pahare/ingrediente modele/Sink_Textures/lgmap_PBRmr_mis35_Roughness.jpg using Guid(4a69b6f8901ebc0488105f285644ab4d) Importer(815301076,1909f56bfc062723c751e8b465ee728b)  -> (artifact id: '7c67a28371f0dfe228297054fb690528') in 0.097477 seconds 
Number of asset objects unloaded after import = 2
========================================================================
Received Import Request.
  Time since last request: 0.000045 seconds.
  path: Assets/ce am pus/oameni + ingrediente + pahare/ingrediente modele/Sink_Textures/lgmap_PBRsg_mis35_NormalHighPoly.jpg
  artifactKey: Guid(9bdd8241388650043bf1cb2f5a0adfa2) Importer(815301076,1909f56bfc062723c751e8b465ee728b)
Number of updated assets reloaded before import = 0
Start importing Assets/ce am pus/oameni + ingrediente + pahare/ingrediente modele/Sink_Textures/lgmap_PBRsg_mis35_NormalHighPoly.jpg using Guid(9bdd8241388650043bf1cb2f5a0adfa2) Importer(815301076,1909f56bfc062723c751e8b465ee728b)  -> (artifact id: '44252745b451ffda4624fae96d45ab04') in 0.099104 seconds 
Number of asset objects unloaded after import = 2
========================================================================
Received Import Request.
  Time since last request: 0.000052 seconds.
  path: Assets/ce am pus/oameni + ingrediente + pahare/ingrediente modele/Sink_Textures/lgmap_PBRmr_mis35_Normal.jpg
  artifactKey: Guid(25b6efb437e2fa249ba0d9e36ef5f502) Importer(815301076,1909f56bfc062723c751e8b465ee728b)
Number of updated assets reloaded before import = 0
Start importing Assets/ce am pus/oameni + ingrediente + pahare/ingrediente modele/Sink_Textures/lgmap_PBRmr_mis35_Normal.jpg using Guid(25b6efb437e2fa249ba0d9e36ef5f502) Importer(815301076,1909f56bfc062723c751e8b465ee728b)  -> (artifact id: '4cdc348c010aa5ccb3de9f946680af77') in 0.120814 seconds 
Number of asset objects unloaded after import = 2
Editor requested this worker to shutdown with reason: Scaling down because of idle timeout
AssetImportWorker is now disconnected from the server
Process exiting
Exiting without the bug reporter. Application will terminate with return code 0