Using pre-set license
Built from '2021.3/staging' branch; Version is '2021.3.31f1 (3409e2af086f) revision 3410402'; Using compiler version '192829333'; Build Type 'Release'
OS: 'Windows 10  (10.0.19045) 64bit Core' Language: 'ro' Physical Memory: 7502 MB
BatchMode: 1, IsHumanControllingUs: 0, StartBugReporterOnCrash: 0, Is64bit: 1, IsPro: 1

COMMAND LINE ARGUMENTS:
C:\Program Files\Unity\Hub\Editor\2021.3.31f1\Editor\Unity.exe
-adb2
-batchMode
-noUpm
-name
AssetImportWorker17
-projectPath
C:/Users/pinza/Documents/GitHub/IMR_Project
-logFile
Logs/AssetImportWorker17.log
-srvPort
50272
Successfully changed project path to: C:/Users/pinza/Documents/GitHub/IMR_Project
C:/Users/pinza/Documents/GitHub/IMR_Project
[UnityMemory] Configuration Parameters - Can be set up in boot.config
    "memorysetup-bucket-allocator-granularity=16"
    "memorysetup-bucket-allocator-bucket-count=8"
    "memorysetup-bucket-allocator-block-size=33554432"
    "memorysetup-bucket-allocator-block-count=8"
    "memorysetup-main-allocator-block-size=16777216"
    "memorysetup-thread-allocator-block-size=16777216"
    "memorysetup-gfx-main-allocator-block-size=16777216"
    "memorysetup-gfx-thread-allocator-block-size=16777216"
    "memorysetup-cache-allocator-block-size=4194304"
    "memorysetup-typetree-allocator-block-size=2097152"
    "memorysetup-profiler-bucket-allocator-granularity=16"
    "memorysetup-profiler-bucket-allocator-bucket-count=8"
    "memorysetup-profiler-bucket-allocator-block-size=33554432"
    "memorysetup-profiler-bucket-allocator-block-count=8"
    "memorysetup-profiler-allocator-block-size=16777216"
    "memorysetup-profiler-editor-allocator-block-size=1048576"
    "memorysetup-temp-allocator-size-main=16777216"
    "memorysetup-job-temp-allocator-block-size=2097152"
    "memorysetup-job-temp-allocator-block-size-background=1048576"
    "memorysetup-job-temp-allocator-reduction-small-platforms=262144"
    "memorysetup-temp-allocator-size-background-worker=32768"
    "memorysetup-temp-allocator-size-job-worker=262144"
    "memorysetup-temp-allocator-size-preload-manager=33554432"
    "memorysetup-temp-allocator-size-nav-mesh-worker=65536"
    "memorysetup-temp-allocator-size-audio-worker=65536"
    "memorysetup-temp-allocator-size-cloud-worker=32768"
    "memorysetup-temp-allocator-size-gi-baking-worker=262144"
    "memorysetup-temp-allocator-size-gfx=262144"
Player connection [21048] Host "[IP] 192.168.56.1 [Port] 0 [Flags] 2 [Guid] 595121745 [EditorId] 595121745 [Version] 1048832 [Id] WindowsEditor(7,LAPTOP-42ANUGFD) [Debug] 1 [PackageName] WindowsEditor [ProjectName] Editor" joined multi-casting on [225.0.0.222:54997]...

Player connection [21048] Host "[IP] 192.168.56.1 [Port] 0 [Flags] 2 [Guid] 595121745 [EditorId] 595121745 [Version] 1048832 [Id] WindowsEditor(7,LAPTOP-42ANUGFD) [Debug] 1 [PackageName] WindowsEditor [ProjectName] Editor" joined alternative multi-casting on [225.0.0.222:34997]...

[Physics::Module] Initialized MultithreadedJobDispatcher with {0} workers.
Refreshing native plugins compatible for Editor in 159.79 ms, found 3 plugins.
Preloading 0 native plugins for Editor in 0.00 ms.
Initialize engine version: 2021.3.31f1 (3409e2af086f)
[Subsystems] Discovering subsystems at path C:/Program Files/Unity/Hub/Editor/2021.3.31f1/Editor/Data/Resources/UnitySubsystems
[Subsystems] Discovering subsystems at path C:/Users/pinza/Documents/GitHub/IMR_Project/Assets
GfxDevice: creating device client; threaded=0; jobified=0
Direct3D:
    Version:  Direct3D 11.0 [level 11.1]
    Renderer: AMD Radeon(TM) Graphics (ID=0x164c)
    Vendor:   ATI
    VRAM:     3751 MB
    Driver:   27.20.15002.118
Initialize mono
Mono path[0] = 'C:/Program Files/Unity/Hub/Editor/2021.3.31f1/Editor/Data/Managed'
Mono path[1] = 'C:/Program Files/Unity/Hub/Editor/2021.3.31f1/Editor/Data/MonoBleedingEdge/lib/mono/unityjit-win32'
Mono config path = 'C:/Program Files/Unity/Hub/Editor/2021.3.31f1/Editor/Data/MonoBleedingEdge/etc'
Using monoOptions --debugger-agent=transport=dt_socket,embedding=1,server=y,suspend=n,address=127.0.0.1:56540
Begin MonoManager ReloadAssembly
Registering precompiled unity dll's ...
Register platform support module: C:/Program Files/Unity/Hub/Editor/2021.3.31f1/Editor/Data/PlaybackEngines/WindowsStandaloneSupport/UnityEditor.WindowsStandalone.Extensions.dll
Registered in 0.008752 seconds.
Native extension for WindowsStandalone target not found
Refreshing native plugins compatible for Editor in 87.96 ms, found 3 plugins.
Preloading 0 native plugins for Editor in 0.00 ms.
Mono: successfully reloaded assembly
- Completed reload, in  1.090 seconds
Domain Reload Profiling:
	ReloadAssembly (1091ms)
		BeginReloadAssembly (407ms)
			ExecutionOrderSort (0ms)
			DisableScriptedObjects (0ms)
			BackupInstance (0ms)
			ReleaseScriptingObjects (0ms)
			CreateAndSetChildDomain (2ms)
		EndReloadAssembly (568ms)
			LoadAssemblies (401ms)
			RebuildTransferFunctionScriptingTraits (0ms)
			SetupTypeCache (118ms)
			ReleaseScriptCaches (0ms)
			RebuildScriptCaches (39ms)
			SetupLoadedEditorAssemblies (364ms)
				LogAssemblyErrors (0ms)
				InitializePlatformSupportModulesInManaged (10ms)
				SetLoadedEditorAssemblies (0ms)
				RefreshPlugins (88ms)
				BeforeProcessingInitializeOnLoad (2ms)
				ProcessInitializeOnLoadAttributes (205ms)
				ProcessInitializeOnLoadMethodAttributes (58ms)
				AfterProcessingInitializeOnLoad (0ms)
				EditorAssembliesLoaded (0ms)
			ExecutionOrderSort2 (0ms)
			AwakeInstancesAfterBackupRestoration (0ms)
Platform modules already initialized, skipping
Registering precompiled user dll's ...
Registered in 0.014508 seconds.
Begin MonoManager ReloadAssembly
Native extension for WindowsStandalone target not found
Refreshing native plugins compatible for Editor in 0.66 ms, found 3 plugins.
Preloading 0 native plugins for Editor in 0.00 ms.
Package Manager log level set to [2]
[Package Manager] Server::EnsureServerProcessIsRunning -- launch failed, reason: Unity was launched with the -noUpm command-line argument
[Package Manager] Cannot connect to Unity Package Manager local server
Mono: successfully reloaded assembly
- Completed reload, in  1.789 seconds
Domain Reload Profiling:
	ReloadAssembly (1790ms)
		BeginReloadAssembly (158ms)
			ExecutionOrderSort (0ms)
			DisableScriptedObjects (6ms)
			BackupInstance (0ms)
			ReleaseScriptingObjects (0ms)
			CreateAndSetChildDomain (24ms)
		EndReloadAssembly (1510ms)
			LoadAssemblies (150ms)
			RebuildTransferFunctionScriptingTraits (0ms)
			SetupTypeCache (335ms)
			ReleaseScriptCaches (1ms)
			RebuildScriptCaches (70ms)
			SetupLoadedEditorAssemblies (920ms)
				LogAssemblyErrors (0ms)
				InitializePlatformSupportModulesInManaged (7ms)
				SetLoadedEditorAssemblies (1ms)
				RefreshPlugins (1ms)
				BeforeProcessingInitializeOnLoad (87ms)
				ProcessInitializeOnLoadAttributes (790ms)
				ProcessInitializeOnLoadMethodAttributes (27ms)
				AfterProcessingInitializeOnLoad (7ms)
				EditorAssembliesLoaded (0ms)
			ExecutionOrderSort2 (0ms)
			AwakeInstancesAfterBackupRestoration (8ms)
Platform modules already initialized, skipping
========================================================================
Worker process is ready to serve import requests
Launched and connected shader compiler UnityShaderCompiler.exe after 0.06 seconds
Refreshing native plugins compatible for Editor in 0.73 ms, found 3 plugins.
Preloading 0 native plugins for Editor in 0.00 ms.
Unloading 3066 Unused Serialized files (Serialized files now loaded: 0)
Unloading 23 unused Assets / (46.7 KB). Loaded Objects now: 3527.
Memory consumption went from 108.7 MB to 108.6 MB.
Total: 3.126300 ms (FindLiveObjects: 0.316200 ms CreateObjectMapping: 0.102000 ms MarkObjects: 2.601900 ms  DeleteObjects: 0.104900 ms)

AssetImportParameters requested are different than current active one (requested -> active):
  custom:video-decoder-ogg-theora: a1e56fd34408186e4bbccfd4996cb3dc -> 
  custom:container-muxer-webm: aa71ff27fc2769a1b78a27578f13a17b -> 
  custom:container-demuxer-webm: 4f35f7cbe854078d1ac9338744f61a02 -> 
  custom:video-encoder-webm-vp8: eb34c28f22e8b96e1ab97ce403110664 -> 
  custom:CustomObjectIndexerAttribute: bc11b3a6c3213fcdd17b65e7da85e133 -> 
  custom:audio-encoder-webm-vorbis: bf7c407c2cedff20999df2af8eb42d56 -> 
  custom:framework-win-MediaFoundation: 216162199b28c13a410421893ffa2e32 -> 
  custom:SearchIndexIgnoredProperties: e643bd26f0fe6173181afceb89e7c659 -> 
  custom:container-demuxer-ogg: 62fdf1f143b41e24485cea50d1cbac27 -> 
  custom:video-decoder-webm-vp8: 9c59270c3fd7afecdb556c50c9e8de78 -> 
  custom:audio-decoder-ogg-vorbis: bf7c407c2cedff20999df2af8eb42d56 -> 
========================================================================
Received Import Request.
  Time since last request: 198241.492033 seconds.
  path: Assets/ce am pus/oameni + ingrediente + pahare/prefabs/IceBowl.prefab
  artifactKey: Guid(4f17aeaac519db048be28d76d6498050) Importer(815301076,1909f56bfc062723c751e8b465ee728b)
Number of updated assets reloaded before import = 0
Start importing Assets/ce am pus/oameni + ingrediente + pahare/prefabs/IceBowl.prefab using Guid(4f17aeaac519db048be28d76d6498050) Importer(815301076,1909f56bfc062723c751e8b465ee728b)  -> (artifact id: 'b320ed0275d6e4f78861390d74d2e8a1') in 0.191597 seconds 
Number of asset objects unloaded after import = 23
========================================================================
Received Import Request.
  Time since last request: 6.448443 seconds.
  path: Assets/ce am pus/oameni + ingrediente + pahare/prefabs/IceBowl.prefab
  artifactKey: Guid(4f17aeaac519db048be28d76d6498050) Importer(815301076,1909f56bfc062723c751e8b465ee728b)
Number of updated assets reloaded before import = 0
Start importing Assets/ce am pus/oameni + ingrediente + pahare/prefabs/IceBowl.prefab using Guid(4f17aeaac519db048be28d76d6498050) Importer(815301076,1909f56bfc062723c751e8b465ee728b)  -> (artifact id: 'bcf872e009888ffa6674771ea0055709') in 0.023422 seconds 
Number of asset objects unloaded after import = 17
========================================================================
Received Import Request.
  Time since last request: 7.365008 seconds.
  path: Assets/ce am pus/oameni + ingrediente + pahare/prefabs/female3.prefab
  artifactKey: Guid(26f481c7917f5e247ae60803db4c2273) Importer(815301076,1909f56bfc062723c751e8b465ee728b)
Number of updated assets reloaded before import = 0
Start importing Assets/ce am pus/oameni + ingrediente + pahare/prefabs/female3.prefab using Guid(26f481c7917f5e247ae60803db4c2273) Importer(815301076,1909f56bfc062723c751e8b465ee728b)  -> (artifact id: '30cc0a8b1686614f5ad1e04ead554ab6') in 0.023074 seconds 
Number of asset objects unloaded after import = 32
========================================================================
Received Import Request.
  Time since last request: 1.205002 seconds.
  path: Assets/ce am pus/oameni + ingrediente + pahare/prefabs/female3.prefab
  artifactKey: Guid(26f481c7917f5e247ae60803db4c2273) Importer(815301076,1909f56bfc062723c751e8b465ee728b)
Number of updated assets reloaded before import = 0
Start importing Assets/ce am pus/oameni + ingrediente + pahare/prefabs/female3.prefab using Guid(26f481c7917f5e247ae60803db4c2273) Importer(815301076,1909f56bfc062723c751e8b465ee728b)  -> (artifact id: 'a2e7a2363182cd795e3a513bafa8fb97') in 0.018669 seconds 
Number of asset objects unloaded after import = 29
========================================================================
Received Import Request.
  Time since last request: 8.411389 seconds.
  path: Assets/ce am pus/oameni + ingrediente + pahare/prefabs/Mixer.prefab
  artifactKey: Guid(140592657f06c52429e7fcf56058fc07) Importer(815301076,1909f56bfc062723c751e8b465ee728b)
Number of updated assets reloaded before import = 0
Start importing Assets/ce am pus/oameni + ingrediente + pahare/prefabs/Mixer.prefab using Guid(140592657f06c52429e7fcf56058fc07) Importer(815301076,1909f56bfc062723c751e8b465ee728b)  -> (artifact id: '3924c7d5d39d08663a82d6a1f5afef24') in 0.014938 seconds 
Number of asset objects unloaded after import = 39
========================================================================
Received Import Request.
  Time since last request: 1.443359 seconds.
  path: Assets/ce am pus/oameni + ingrediente + pahare/prefabs/Mixer.prefab
  artifactKey: Guid(140592657f06c52429e7fcf56058fc07) Importer(815301076,1909f56bfc062723c751e8b465ee728b)
Number of updated assets reloaded before import = 0
Start importing Assets/ce am pus/oameni + ingrediente + pahare/prefabs/Mixer.prefab using Guid(140592657f06c52429e7fcf56058fc07) Importer(815301076,1909f56bfc062723c751e8b465ee728b)  -> (artifact id: '22823c6f71bdc8adad5685b4daaa33ef') in 0.015888 seconds 
Number of asset objects unloaded after import = 39
========================================================================
Received Import Request.
  Time since last request: 0.181429 seconds.
  path: Assets/ce am pus/oameni + ingrediente + pahare/prefabs/Mixer.prefab
  artifactKey: Guid(140592657f06c52429e7fcf56058fc07) Importer(815301076,1909f56bfc062723c751e8b465ee728b)
Number of updated assets reloaded before import = 0
Start importing Assets/ce am pus/oameni + ingrediente + pahare/prefabs/Mixer.prefab using Guid(140592657f06c52429e7fcf56058fc07) Importer(815301076,1909f56bfc062723c751e8b465ee728b)  -> (artifact id: 'b769f060fa23937226d0b5f70e150cfc') in 0.014305 seconds 
Number of asset objects unloaded after import = 36
========================================================================
Received Import Request.
  Time since last request: 19.750559 seconds.
  path: Assets/ce am pus/oameni + ingrediente + pahare/prefabs/male2.prefab
  artifactKey: Guid(ebd559be1fce1a44e893f370cb67bc03) Importer(815301076,1909f56bfc062723c751e8b465ee728b)
Number of updated assets reloaded before import = 0
Start importing Assets/ce am pus/oameni + ingrediente + pahare/prefabs/male2.prefab using Guid(ebd559be1fce1a44e893f370cb67bc03) Importer(815301076,1909f56bfc062723c751e8b465ee728b)  -> (artifact id: '0c78e02a0a245c1a54448062947a5dcb') in 0.027464 seconds 
Number of asset objects unloaded after import = 32
========================================================================
Received Import Request.
  Time since last request: 2.653189 seconds.
  path: Assets/ce am pus/oameni + ingrediente + pahare/prefabs/male2.prefab
  artifactKey: Guid(ebd559be1fce1a44e893f370cb67bc03) Importer(815301076,1909f56bfc062723c751e8b465ee728b)
Number of updated assets reloaded before import = 0
Start importing Assets/ce am pus/oameni + ingrediente + pahare/prefabs/male2.prefab using Guid(ebd559be1fce1a44e893f370cb67bc03) Importer(815301076,1909f56bfc062723c751e8b465ee728b)  -> (artifact id: '4480973f28a68f32f985c7a6d75cfff4') in 0.017400 seconds 
Number of asset objects unloaded after import = 29
========================================================================
Received Import Request.
  Time since last request: 11.776216 seconds.
  path: Assets/ce am pus/oameni + ingrediente + pahare/prefabs/Shaker.prefab
  artifactKey: Guid(5f299c5ab80d6e84abafe06d3aef0dec) Importer(815301076,1909f56bfc062723c751e8b465ee728b)
Number of updated assets reloaded before import = 0
Start importing Assets/ce am pus/oameni + ingrediente + pahare/prefabs/Shaker.prefab using Guid(5f299c5ab80d6e84abafe06d3aef0dec) Importer(815301076,1909f56bfc062723c751e8b465ee728b)  -> (artifact id: 'bc32e7defc5d710ab06627636c71fbcf') in 0.014435 seconds 
Number of asset objects unloaded after import = 10
========================================================================
Received Import Request.
  Time since last request: 15.917788 seconds.
  path: Assets/ce am pus/oameni + ingrediente + pahare/prefabs/male3.prefab
  artifactKey: Guid(6c969b9793cd4ab4582c3c5091b9cb87) Importer(815301076,1909f56bfc062723c751e8b465ee728b)
Number of updated assets reloaded before import = 0
Start importing Assets/ce am pus/oameni + ingrediente + pahare/prefabs/male3.prefab using Guid(6c969b9793cd4ab4582c3c5091b9cb87) Importer(815301076,1909f56bfc062723c751e8b465ee728b)  -> (artifact id: '86c48730927bd89b831ea0f2ccf4cc24') in 0.019274 seconds 
Number of asset objects unloaded after import = 32
========================================================================
Received Import Request.
  Time since last request: 0.996779 seconds.
  path: Assets/ce am pus/oameni + ingrediente + pahare/prefabs/male3.prefab
  artifactKey: Guid(6c969b9793cd4ab4582c3c5091b9cb87) Importer(815301076,1909f56bfc062723c751e8b465ee728b)
Number of updated assets reloaded before import = 0
Start importing Assets/ce am pus/oameni + ingrediente + pahare/prefabs/male3.prefab using Guid(6c969b9793cd4ab4582c3c5091b9cb87) Importer(815301076,1909f56bfc062723c751e8b465ee728b)  -> (artifact id: '3ed935166ff9f9055dfebdc621a20b58') in 0.017723 seconds 
Number of asset objects unloaded after import = 29
========================================================================
Received Import Request.
  Time since last request: 23.552699 seconds.
  path: Assets/ce am pus/oameni + ingrediente + pahare/prefabs/Coca-Cola.prefab
  artifactKey: Guid(742efecb1b4a6d14495b58c02bca07bb) Importer(815301076,1909f56bfc062723c751e8b465ee728b)
Number of updated assets reloaded before import = 0
Start importing Assets/ce am pus/oameni + ingrediente + pahare/prefabs/Coca-Cola.prefab using Guid(742efecb1b4a6d14495b58c02bca07bb) Importer(815301076,1909f56bfc062723c751e8b465ee728b)  -> (artifact id: '7b4e5dbf7b80071f6e5dc59b13aed16d') in 0.031125 seconds 
Number of asset objects unloaded after import = 33
========================================================================
Received Import Request.
  Time since last request: 0.608306 seconds.
  path: Assets/ce am pus/oameni + ingrediente + pahare/prefabs/Coca-Cola.prefab
  artifactKey: Guid(742efecb1b4a6d14495b58c02bca07bb) Importer(815301076,1909f56bfc062723c751e8b465ee728b)
Number of updated assets reloaded before import = 0
Start importing Assets/ce am pus/oameni + ingrediente + pahare/prefabs/Coca-Cola.prefab using Guid(742efecb1b4a6d14495b58c02bca07bb) Importer(815301076,1909f56bfc062723c751e8b465ee728b)  -> (artifact id: '0b3b69267c62d65117866ae70098d3a1') in 0.020418 seconds 
Number of asset objects unloaded after import = 33
========================================================================
Received Import Request.
  Time since last request: 0.204799 seconds.
  path: Assets/ce am pus/oameni + ingrediente + pahare/prefabs/Coca-Cola.prefab
  artifactKey: Guid(742efecb1b4a6d14495b58c02bca07bb) Importer(815301076,1909f56bfc062723c751e8b465ee728b)
Number of updated assets reloaded before import = 0
Start importing Assets/ce am pus/oameni + ingrediente + pahare/prefabs/Coca-Cola.prefab using Guid(742efecb1b4a6d14495b58c02bca07bb) Importer(815301076,1909f56bfc062723c751e8b465ee728b)  -> (artifact id: 'e150e721684d4e8b904c221285dd14f3') in 0.020054 seconds 
Number of asset objects unloaded after import = 30
========================================================================
Received Import Request.
  Time since last request: 121.938232 seconds.
  path: Assets/ce am pus/oameni + ingrediente + pahare/prefabs/Tomato.prefab
  artifactKey: Guid(04e55e5f6396e7a479711305975844d7) Importer(815301076,1909f56bfc062723c751e8b465ee728b)
Number of updated assets reloaded before import = 0
Start importing Assets/ce am pus/oameni + ingrediente + pahare/prefabs/Tomato.prefab using Guid(04e55e5f6396e7a479711305975844d7) Importer(815301076,1909f56bfc062723c751e8b465ee728b)  -> (artifact id: 'a72d6d2fa238f2dacba077a265481340') in 0.015388 seconds 
Number of asset objects unloaded after import = 19
========================================================================
Received Import Request.
  Time since last request: 1.387180 seconds.
  path: Assets/ce am pus/oameni + ingrediente + pahare/prefabs/Tomato.prefab
  artifactKey: Guid(04e55e5f6396e7a479711305975844d7) Importer(815301076,1909f56bfc062723c751e8b465ee728b)
Number of updated assets reloaded before import = 0
Start importing Assets/ce am pus/oameni + ingrediente + pahare/prefabs/Tomato.prefab using Guid(04e55e5f6396e7a479711305975844d7) Importer(815301076,1909f56bfc062723c751e8b465ee728b)  -> (artifact id: 'e5caeefddf1a8864a1d79678fca757f3') in 0.014389 seconds 
Number of asset objects unloaded after import = 16
========================================================================
Received Import Request.
  Time since last request: 16.815652 seconds.
  path: Assets/ce am pus/oameni + ingrediente + pahare/prefabs/Vodka.prefab
  artifactKey: Guid(17755cf1cf209e44b93c17b6718b48a6) Importer(815301076,1909f56bfc062723c751e8b465ee728b)
Number of updated assets reloaded before import = 0
Start importing Assets/ce am pus/oameni + ingrediente + pahare/prefabs/Vodka.prefab using Guid(17755cf1cf209e44b93c17b6718b48a6) Importer(815301076,1909f56bfc062723c751e8b465ee728b)  -> (artifact id: 'da2c228a1705efceeb927cfbc4a8e581') in 0.037304 seconds 
Number of asset objects unloaded after import = 24
========================================================================
Received Import Request.
  Time since last request: 38.746085 seconds.
  path: Assets/ce am pus/oameni + ingrediente + pahare/prefabs/Gin.prefab
  artifactKey: Guid(7a7c7da6788900f4d8a2e029334b57c8) Importer(815301076,1909f56bfc062723c751e8b465ee728b)
Number of updated assets reloaded before import = 0
Start importing Assets/ce am pus/oameni + ingrediente + pahare/prefabs/Gin.prefab using Guid(7a7c7da6788900f4d8a2e029334b57c8) Importer(815301076,1909f56bfc062723c751e8b465ee728b)  -> (artifact id: '74cfddd1b308631508430dd0469d298b') in 0.030452 seconds 
Number of asset objects unloaded after import = 34
========================================================================
Received Import Request.
  Time since last request: 8.876376 seconds.
  path: Assets/ce am pus/oameni + ingrediente + pahare/prefabs/Gin.prefab
  artifactKey: Guid(7a7c7da6788900f4d8a2e029334b57c8) Importer(815301076,1909f56bfc062723c751e8b465ee728b)
Number of updated assets reloaded before import = 0
Start importing Assets/ce am pus/oameni + ingrediente + pahare/prefabs/Gin.prefab using Guid(7a7c7da6788900f4d8a2e029334b57c8) Importer(815301076,1909f56bfc062723c751e8b465ee728b)  -> (artifact id: 'bacc969ee3973f2bd9225bb39c6f81f5') in 0.022390 seconds 
Number of asset objects unloaded after import = 34
========================================================================
Received Import Request.
  Time since last request: 2.383147 seconds.
  path: Assets/ce am pus/oameni + ingrediente + pahare/prefabs/Gin.prefab
  artifactKey: Guid(7a7c7da6788900f4d8a2e029334b57c8) Importer(815301076,1909f56bfc062723c751e8b465ee728b)
Number of updated assets reloaded before import = 0
Start importing Assets/ce am pus/oameni + ingrediente + pahare/prefabs/Gin.prefab using Guid(7a7c7da6788900f4d8a2e029334b57c8) Importer(815301076,1909f56bfc062723c751e8b465ee728b)  -> (artifact id: 'cb6f98b800c0bfa56f1a26437b52c54f') in 0.023501 seconds 
Number of asset objects unloaded after import = 31
========================================================================
Received Import Request.
  Time since last request: 299.901649 seconds.
  path: Assets/ce am pus/oameni + ingrediente + pahare/pahare modele/pahar1.fbx
  artifactKey: Guid(c573f228b604652489519cec69859ab1) Importer(815301076,1909f56bfc062723c751e8b465ee728b)
Number of updated assets reloaded before import = 0
Start importing Assets/ce am pus/oameni + ingrediente + pahare/pahare modele/pahar1.fbx using Guid(c573f228b604652489519cec69859ab1) Importer(815301076,1909f56bfc062723c751e8b465ee728b)  -> (artifact id: '6e5ede5726c33ab945bc491c9f72280d') in 0.082682 seconds 
Number of asset objects unloaded after import = 7
========================================================================
Received Import Request.
  Time since last request: 0.000059 seconds.
  path: Assets/ce am pus/oameni + ingrediente + pahare/pahare modele/pahar3.fbx
  artifactKey: Guid(70696c0e48a5c5141a3fda73bb53e710) Importer(815301076,1909f56bfc062723c751e8b465ee728b)
Number of updated assets reloaded before import = 0
Start importing Assets/ce am pus/oameni + ingrediente + pahare/pahare modele/pahar3.fbx using Guid(70696c0e48a5c5141a3fda73bb53e710) Importer(815301076,1909f56bfc062723c751e8b465ee728b)  -> (artifact id: '534abe73b021f8bcd94143e6d9ccc1a7') in 0.045321 seconds 
Number of asset objects unloaded after import = 7
========================================================================
Received Import Request.
  Time since last request: 0.000052 seconds.
  path: Assets/ce am pus/oameni + ingrediente + pahare/pahare modele/pahar4.fbx
  artifactKey: Guid(e8f49f0298bc9034b85af0d4204ff9ca) Importer(815301076,1909f56bfc062723c751e8b465ee728b)
Number of updated assets reloaded before import = 0
Start importing Assets/ce am pus/oameni + ingrediente + pahare/pahare modele/pahar4.fbx using Guid(e8f49f0298bc9034b85af0d4204ff9ca) Importer(815301076,1909f56bfc062723c751e8b465ee728b)  -> (artifact id: '05b95374902ed84a0b123d954be6a073') in 0.053781 seconds 
Number of asset objects unloaded after import = 7
========================================================================
Received Import Request.
  Time since last request: 1.185258 seconds.
  path: Assets/ce am pus/oameni + ingrediente + pahare/oameni modele/female1.fbx
  artifactKey: Guid(fb76ba86aa13fd24a932c46a12f057f7) Importer(815301076,1909f56bfc062723c751e8b465ee728b)
Number of updated assets reloaded before import = 0
Start importing Assets/ce am pus/oameni + ingrediente + pahare/oameni modele/female1.fbx using Guid(fb76ba86aa13fd24a932c46a12f057f7) Importer(815301076,1909f56bfc062723c751e8b465ee728b)  -> (artifact id: '15feba24281100ac881e22b70a25803e') in 0.193926 seconds 
Number of asset objects unloaded after import = 35
========================================================================
Received Import Request.
  Time since last request: 0.000062 seconds.
  path: Assets/ce am pus/oameni + ingrediente + pahare/oameni modele/Material 3.mat
  artifactKey: Guid(d4c308f999e860146a74179043072a8e) Importer(815301076,1909f56bfc062723c751e8b465ee728b)
Number of updated assets reloaded before import = 0
Start importing Assets/ce am pus/oameni + ingrediente + pahare/oameni modele/Material 3.mat using Guid(d4c308f999e860146a74179043072a8e) Importer(815301076,1909f56bfc062723c751e8b465ee728b)  -> (artifact id: '97ff555653e7b649b0c0ce9c1e02dead') in 0.135066 seconds 
Number of asset objects unloaded after import = 2
========================================================================
Received Import Request.
  Time since last request: 0.000321 seconds.
  path: Assets/ce am pus/oameni + ingrediente + pahare/oameni modele/Material.004 3.mat
  artifactKey: Guid(5018c78c199ef0b40916efdb39f18036) Importer(815301076,1909f56bfc062723c751e8b465ee728b)
Number of updated assets reloaded before import = 0
Start importing Assets/ce am pus/oameni + ingrediente + pahare/oameni modele/Material.004 3.mat using Guid(5018c78c199ef0b40916efdb39f18036) Importer(815301076,1909f56bfc062723c751e8b465ee728b)  -> (artifact id: 'dd8c3b2e105ed38426353378d610807a') in 0.083407 seconds 
Number of asset objects unloaded after import = 2
========================================================================
Received Import Request.
  Time since last request: 0.000037 seconds.
  path: Assets/ce am pus/oameni + ingrediente + pahare/oameni modele/Material.006 5.mat
  artifactKey: Guid(20ca31ad361390443be3328f054e5755) Importer(815301076,1909f56bfc062723c751e8b465ee728b)
Number of updated assets reloaded before import = 0
Start importing Assets/ce am pus/oameni + ingrediente + pahare/oameni modele/Material.006 5.mat using Guid(20ca31ad361390443be3328f054e5755) Importer(815301076,1909f56bfc062723c751e8b465ee728b)  -> (artifact id: 'f09091e93abecdfb0cf5fd3799ca890e') in 0.066744 seconds 
Number of asset objects unloaded after import = 1
========================================================================
Received Import Request.
  Time since last request: 0.000084 seconds.
  path: Assets/ce am pus/oameni + ingrediente + pahare/oameni modele/Untitled 2.png
  artifactKey: Guid(ed95d73cb0db298498e912178a8415ac) Importer(815301076,1909f56bfc062723c751e8b465ee728b)
Number of updated assets reloaded before import = 0
Start importing Assets/ce am pus/oameni + ingrediente + pahare/oameni modele/Untitled 2.png using Guid(ed95d73cb0db298498e912178a8415ac) Importer(815301076,1909f56bfc062723c751e8b465ee728b)  -> (artifact id: 'e8ba9908d264a46f56ffcf7ef78a344f') in 0.128237 seconds 
Number of asset objects unloaded after import = 2
========================================================================
Received Import Request.
  Time since last request: 0.000056 seconds.
  path: Assets/ce am pus/oameni + ingrediente + pahare/oameni modele/Material.006 6.mat
  artifactKey: Guid(e11f565fdc2bc594f942f0eae2408488) Importer(815301076,1909f56bfc062723c751e8b465ee728b)
Number of updated assets reloaded before import = 0
Start importing Assets/ce am pus/oameni + ingrediente + pahare/oameni modele/Material.006 6.mat using Guid(e11f565fdc2bc594f942f0eae2408488) Importer(815301076,1909f56bfc062723c751e8b465ee728b)  -> (artifact id: 'd9d2ae76c9a64b8940b5a6fefd6fc553') in 0.077148 seconds 
Number of asset objects unloaded after import = 1
========================================================================
Received Import Request.
  Time since last request: 0.000071 seconds.
  path: Assets/ce am pus/oameni + ingrediente + pahare/oameni modele/Material.004 4.mat
  artifactKey: Guid(f4be18f2a7258c849a9e400fc996c4a1) Importer(815301076,1909f56bfc062723c751e8b465ee728b)
Number of updated assets reloaded before import = 0
Start importing Assets/ce am pus/oameni + ingrediente + pahare/oameni modele/Material.004 4.mat using Guid(f4be18f2a7258c849a9e400fc996c4a1) Importer(815301076,1909f56bfc062723c751e8b465ee728b)  -> (artifact id: '9a4f39f1691b7787235679cff90adf5b') in 0.153431 seconds 
Number of asset objects unloaded after import = 2
========================================================================
Received Import Request.
  Time since last request: 0.000280 seconds.
  path: Assets/ce am pus/oameni + ingrediente + pahare/oameni modele/Material 1.mat
  artifactKey: Guid(3c1494a02c0197948a78a7c62157810c) Importer(815301076,1909f56bfc062723c751e8b465ee728b)
Number of updated assets reloaded before import = 0
Start importing Assets/ce am pus/oameni + ingrediente + pahare/oameni modele/Material 1.mat using Guid(3c1494a02c0197948a78a7c62157810c) Importer(815301076,1909f56bfc062723c751e8b465ee728b)  -> (artifact id: '7abfda9e64c4043f140ee224ace3e0e0') in 0.111054 seconds 
Number of asset objects unloaded after import = 2
========================================================================
Received Import Request.
  Time since last request: 0.000135 seconds.
  path: Assets/ce am pus/oameni + ingrediente + pahare/oameni modele/Untitled 4.png
  artifactKey: Guid(58660331267600447be9cbb5469bb4f1) Importer(815301076,1909f56bfc062723c751e8b465ee728b)
Number of updated assets reloaded before import = 0
Start importing Assets/ce am pus/oameni + ingrediente + pahare/oameni modele/Untitled 4.png using Guid(58660331267600447be9cbb5469bb4f1) Importer(815301076,1909f56bfc062723c751e8b465ee728b)  -> (artifact id: '2b1eb0daeb3aba5846f402c3e3cb1e6f') in 0.130279 seconds 
Number of asset objects unloaded after import = 2
========================================================================
Received Import Request.
  Time since last request: 0.000076 seconds.
  path: Assets/ce am pus/oameni + ingrediente + pahare/oameni modele/Material.004 1.mat
  artifactKey: Guid(48660b9a535c8974c82954c9279060f7) Importer(815301076,1909f56bfc062723c751e8b465ee728b)
Number of updated assets reloaded before import = 0
Start importing Assets/ce am pus/oameni + ingrediente + pahare/oameni modele/Material.004 1.mat using Guid(48660b9a535c8974c82954c9279060f7) Importer(815301076,1909f56bfc062723c751e8b465ee728b)  -> (artifact id: 'a4a1e78411e5c7534d4433bef21d76e8') in 0.140511 seconds 
Number of asset objects unloaded after import = 1
========================================================================
Received Import Request.
  Time since last request: 0.000090 seconds.
  path: Assets/ce am pus/oameni + ingrediente + pahare/oameni modele/Material.006 1.mat
  artifactKey: Guid(02983ac482ffab54184eb4783b414db6) Importer(815301076,1909f56bfc062723c751e8b465ee728b)
Number of updated assets reloaded before import = 0
Start importing Assets/ce am pus/oameni + ingrediente + pahare/oameni modele/Material.006 1.mat using Guid(02983ac482ffab54184eb4783b414db6) Importer(815301076,1909f56bfc062723c751e8b465ee728b)  -> (artifact id: 'fd9b25d15f5552637636d302ad5e95fd') in 0.081832 seconds 
Number of asset objects unloaded after import = 1
========================================================================
Received Import Request.
  Time since last request: 0.000056 seconds.
  path: Assets/ce am pus/oameni + ingrediente + pahare/oameni modele/Material.004.mat
  artifactKey: Guid(b31197a813bd0c44b8905275189af0f9) Importer(815301076,1909f56bfc062723c751e8b465ee728b)
Number of updated assets reloaded before import = 0
Start importing Assets/ce am pus/oameni + ingrediente + pahare/oameni modele/Material.004.mat using Guid(b31197a813bd0c44b8905275189af0f9) Importer(815301076,1909f56bfc062723c751e8b465ee728b)  -> (artifact id: 'c784faa2d3cf703e3fa584f981782d2b') in 0.073946 seconds 
Number of asset objects unloaded after import = 1
========================================================================
Received Import Request.
  Time since last request: 0.000109 seconds.
  path: Assets/ce am pus/oameni + ingrediente + pahare/oameni modele/Material.008 1.mat
  artifactKey: Guid(c1c5613d2f13b714490b7bd3082c6b50) Importer(815301076,1909f56bfc062723c751e8b465ee728b)
Number of updated assets reloaded before import = 0
Start importing Assets/ce am pus/oameni + ingrediente + pahare/oameni modele/Material.008 1.mat using Guid(c1c5613d2f13b714490b7bd3082c6b50) Importer(815301076,1909f56bfc062723c751e8b465ee728b)  -> (artifact id: 'ba82feafb7540c9c804a251b4bf7e1b0') in 0.068024 seconds 
Number of asset objects unloaded after import = 1
========================================================================
Received Import Request.
  Time since last request: 0.000055 seconds.
  path: Assets/ce am pus/oameni + ingrediente + pahare/oameni modele/Material.004 5.mat
  artifactKey: Guid(535b9ad0426e787488fcce65cf916a41) Importer(815301076,1909f56bfc062723c751e8b465ee728b)
Number of updated assets reloaded before import = 0
Start importing Assets/ce am pus/oameni + ingrediente + pahare/oameni modele/Material.004 5.mat using Guid(535b9ad0426e787488fcce65cf916a41) Importer(815301076,1909f56bfc062723c751e8b465ee728b)  -> (artifact id: 'a5662398389fc7cb38d9744cc5eed45e') in 0.092793 seconds 
Number of asset objects unloaded after import = 2
========================================================================
Received Import Request.
  Time since last request: 0.000045 seconds.
  path: Assets/ce am pus/oameni + ingrediente + pahare/oameni modele/Material.006 2.mat
  artifactKey: Guid(d3dd50426e938734f8a5bbb1df317bd4) Importer(815301076,1909f56bfc062723c751e8b465ee728b)
Number of updated assets reloaded before import = 0
Start importing Assets/ce am pus/oameni + ingrediente + pahare/oameni modele/Material.006 2.mat using Guid(d3dd50426e938734f8a5bbb1df317bd4) Importer(815301076,1909f56bfc062723c751e8b465ee728b)  -> (artifact id: '6137b34343f110aeb3d96a12f7638c6d') in 0.105172 seconds 
Number of asset objects unloaded after import = 1
========================================================================
Received Import Request.
  Time since last request: 0.000056 seconds.
  path: Assets/ce am pus/oameni + ingrediente + pahare/oameni modele/Material.006 3.mat
  artifactKey: Guid(d3b1abdd671554049a569fe749ea99cf) Importer(815301076,1909f56bfc062723c751e8b465ee728b)
Number of updated assets reloaded before import = 0
Start importing Assets/ce am pus/oameni + ingrediente + pahare/oameni modele/Material.006 3.mat using Guid(d3b1abdd671554049a569fe749ea99cf) Importer(815301076,1909f56bfc062723c751e8b465ee728b)  -> (artifact id: 'a3887db14fb86aff4a5fecf53870b05b') in 0.085329 seconds 
Number of asset objects unloaded after import = 1
========================================================================
Received Import Request.
  Time since last request: 0.000151 seconds.
  path: Assets/ce am pus/oameni + ingrediente + pahare/oameni modele/male2.fbx
  artifactKey: Guid(9bc335f1f3c3b0a48b948e318b9aa9f3) Importer(815301076,1909f56bfc062723c751e8b465ee728b)
Number of updated assets reloaded before import = 0
Start importing Assets/ce am pus/oameni + ingrediente + pahare/oameni modele/male2.fbx using Guid(9bc335f1f3c3b0a48b948e318b9aa9f3) Importer(815301076,1909f56bfc062723c751e8b465ee728b)  -> (artifact id: 'ac51991372cbb6b69f644971e7399827') in 0.192670 seconds 
Number of asset objects unloaded after import = 35
========================================================================
Received Import Request.
  Time since last request: 0.000054 seconds.
  path: Assets/ce am pus/oameni + ingrediente + pahare/oameni modele/Material 2.mat
  artifactKey: Guid(83452946776bb5441ae88fff8ab76816) Importer(815301076,1909f56bfc062723c751e8b465ee728b)
Number of updated assets reloaded before import = 0
Start importing Assets/ce am pus/oameni + ingrediente + pahare/oameni modele/Material 2.mat using Guid(83452946776bb5441ae88fff8ab76816) Importer(815301076,1909f56bfc062723c751e8b465ee728b)  -> (artifact id: '94b33348e6a89af88905b07dca32de27') in 0.100169 seconds 
Number of asset objects unloaded after import = 2
========================================================================
Received Import Request.
  Time since last request: 0.000082 seconds.
  path: Assets/ce am pus/oameni + ingrediente + pahare/ingrediente modele/IceBowl.fbx
  artifactKey: Guid(4bb0ca574d1002042aaa7e2841217773) Importer(815301076,1909f56bfc062723c751e8b465ee728b)
Number of updated assets reloaded before import = 0
Start importing Assets/ce am pus/oameni + ingrediente + pahare/ingrediente modele/IceBowl.fbx using Guid(4bb0ca574d1002042aaa7e2841217773) Importer(815301076,1909f56bfc062723c751e8b465ee728b)  -> (artifact id: 'be61663de8e7b4706350af30f366bc19') in 0.134581 seconds 
Number of asset objects unloaded after import = 23
========================================================================
Received Import Request.
  Time since last request: 0.000068 seconds.
  path: Assets/ce am pus/oameni + ingrediente + pahare/ingrediente modele/Bottiglia.mat
  artifactKey: Guid(5b2c2d084987f834ebcfcd5ce0632ccb) Importer(815301076,1909f56bfc062723c751e8b465ee728b)
Number of updated assets reloaded before import = 0
Start importing Assets/ce am pus/oameni + ingrediente + pahare/ingrediente modele/Bottiglia.mat using Guid(5b2c2d084987f834ebcfcd5ce0632ccb) Importer(815301076,1909f56bfc062723c751e8b465ee728b)  -> (artifact id: '0d68fac03a869d5717127ab1b10c7280') in 0.090251 seconds 
Number of asset objects unloaded after import = 2
========================================================================
Received Import Request.
  Time since last request: 0.000171 seconds.
  path: Assets/ce am pus/oameni + ingrediente + pahare/ingrediente modele/36b7afa065967fee3fb73fe00f3e03e2.jpg
  artifactKey: Guid(affe229619f766a43b8eb22cf2398897) Importer(815301076,1909f56bfc062723c751e8b465ee728b)
Number of updated assets reloaded before import = 0
Start importing Assets/ce am pus/oameni + ingrediente + pahare/ingrediente modele/36b7afa065967fee3fb73fe00f3e03e2.jpg using Guid(affe229619f766a43b8eb22cf2398897) Importer(815301076,1909f56bfc062723c751e8b465ee728b)  -> (artifact id: '232b36f36bf5f2196da2abcb6b59e776') in 0.133771 seconds 
Number of asset objects unloaded after import = 2
========================================================================
Received Import Request.
  Time since last request: 0.000073 seconds.
  path: Assets/ce am pus/oameni + ingrediente + pahare/ingrediente modele/0_0_orig.jpg
  artifactKey: Guid(12fd1f5b22da6bd42943e983fcbb6151) Importer(815301076,1909f56bfc062723c751e8b465ee728b)
Number of updated assets reloaded before import = 0
Start importing Assets/ce am pus/oameni + ingrediente + pahare/ingrediente modele/0_0_orig.jpg using Guid(12fd1f5b22da6bd42943e983fcbb6151) Importer(815301076,1909f56bfc062723c751e8b465ee728b)  -> (artifact id: '00a9b2a899bfcc295539dd2f0d9c5ca6') in 0.098806 seconds 
Number of asset objects unloaded after import = 2
========================================================================
Received Import Request.
  Time since last request: 0.000091 seconds.
  path: Assets/ce am pus/oameni + ingrediente + pahare/ingrediente modele/Bottiglia 6.mat
  artifactKey: Guid(2bb4ad86876afdd4c884bcf76aae2d2b) Importer(815301076,1909f56bfc062723c751e8b465ee728b)
Number of updated assets reloaded before import = 0
Start importing Assets/ce am pus/oameni + ingrediente + pahare/ingrediente modele/Bottiglia 6.mat using Guid(2bb4ad86876afdd4c884bcf76aae2d2b) Importer(815301076,1909f56bfc062723c751e8b465ee728b)  -> (artifact id: '08f9d2ce8f92c7f4f32eb2295bacadc0') in 0.090350 seconds 
Number of asset objects unloaded after import = 2
========================================================================
Received Import Request.
  Time since last request: 0.000065 seconds.
  path: Assets/ce am pus/oameni + ingrediente + pahare/ingrediente modele/Bottiglia 1.mat
  artifactKey: Guid(19399a0593d76af419f39243d304f600) Importer(815301076,1909f56bfc062723c751e8b465ee728b)
Number of updated assets reloaded before import = 0
Start importing Assets/ce am pus/oameni + ingrediente + pahare/ingrediente modele/Bottiglia 1.mat using Guid(19399a0593d76af419f39243d304f600) Importer(815301076,1909f56bfc062723c751e8b465ee728b)  -> (artifact id: '49b77dfa45a4a8af577844dc414414a3') in 0.100010 seconds 
Number of asset objects unloaded after import = 2
========================================================================
Received Import Request.
  Time since last request: 0.000071 seconds.
  path: Assets/ce am pus/oameni + ingrediente + pahare/ingrediente modele/Bottiglia 9.mat
  artifactKey: Guid(ab5feab54a011cd4596ab0c33cabe9d9) Importer(815301076,1909f56bfc062723c751e8b465ee728b)
Number of updated assets reloaded before import = 0
Start importing Assets/ce am pus/oameni + ingrediente + pahare/ingrediente modele/Bottiglia 9.mat using Guid(ab5feab54a011cd4596ab0c33cabe9d9) Importer(815301076,1909f56bfc062723c751e8b465ee728b)  -> (artifact id: '0431e24b9863676c227758ab867667a9') in 0.179145 seconds 
Number of asset objects unloaded after import = 2
========================================================================
Received Import Request.
  Time since last request: 0.000066 seconds.
  path: Assets/ce am pus/oameni + ingrediente + pahare/ingrediente modele/Cherry.fbx
  artifactKey: Guid(4e90968c9095f064f974e8e7ac487ac5) Importer(815301076,1909f56bfc062723c751e8b465ee728b)
Number of updated assets reloaded before import = 0
Start importing Assets/ce am pus/oameni + ingrediente + pahare/ingrediente modele/Cherry.fbx using Guid(4e90968c9095f064f974e8e7ac487ac5) Importer(815301076,1909f56bfc062723c751e8b465ee728b)  -> (artifact id: '04f4fd84674cbcfd89605bf9a82d15cf') in 0.194860 seconds 
Number of asset objects unloaded after import = 30
========================================================================
Received Import Request.
  Time since last request: 0.000077 seconds.
  path: Assets/ce am pus/oameni + ingrediente + pahare/oameni modele/Untitled 3.png
  artifactKey: Guid(4b6d4e4c17919814c89cfb8dd1c5c9ee) Importer(815301076,1909f56bfc062723c751e8b465ee728b)
Number of updated assets reloaded before import = 0
Start importing Assets/ce am pus/oameni + ingrediente + pahare/oameni modele/Untitled 3.png using Guid(4b6d4e4c17919814c89cfb8dd1c5c9ee) Importer(815301076,1909f56bfc062723c751e8b465ee728b)  -> (artifact id: 'c5a1b0fc66c55c1e3e638e503cbaae76') in 0.064480 seconds 
Number of asset objects unloaded after import = 2
========================================================================
Received Import Request.
  Time since last request: 0.000060 seconds.
  path: Assets/ce am pus/oameni + ingrediente + pahare/oameni modele/Material.003 1.mat
  artifactKey: Guid(a5a740f4bfb7f3844af551f3586594dc) Importer(815301076,1909f56bfc062723c751e8b465ee728b)
Number of updated assets reloaded before import = 0
Start importing Assets/ce am pus/oameni + ingrediente + pahare/oameni modele/Material.003 1.mat using Guid(a5a740f4bfb7f3844af551f3586594dc) Importer(815301076,1909f56bfc062723c751e8b465ee728b)  -> (artifact id: '24f5d9cd39348aba5f37e6441fddc752') in 0.090655 seconds 
Number of asset objects unloaded after import = 1
========================================================================
Received Import Request.
  Time since last request: 0.000043 seconds.
  path: Assets/ce am pus/oameni + ingrediente + pahare/ingrediente modele/Cap 2.mat
  artifactKey: Guid(ab707ffc9d5a4ad4fb30c7b56f6a46d9) Importer(815301076,1909f56bfc062723c751e8b465ee728b)
Number of updated assets reloaded before import = 0
Start importing Assets/ce am pus/oameni + ingrediente + pahare/ingrediente modele/Cap 2.mat using Guid(ab707ffc9d5a4ad4fb30c7b56f6a46d9) Importer(815301076,1909f56bfc062723c751e8b465ee728b)  -> (artifact id: '2af8dfc379fae4e28fc4551f57ebacd3') in 0.062070 seconds 
Number of asset objects unloaded after import = 1
========================================================================
Received Import Request.
  Time since last request: 0.001185 seconds.
  path: Assets/ce am pus/oameni + ingrediente + pahare/ingrediente modele/green-pineapple-juice-bottle-label-design-template-49435dea8e55812ed9d187079652f94b_screen.jpg
  artifactKey: Guid(88e2450a21ba1a2408e81e0ed22e756c) Importer(815301076,1909f56bfc062723c751e8b465ee728b)
Number of updated assets reloaded before import = 0
Start importing Assets/ce am pus/oameni + ingrediente + pahare/ingrediente modele/green-pineapple-juice-bottle-label-design-template-49435dea8e55812ed9d187079652f94b_screen.jpg using Guid(88e2450a21ba1a2408e81e0ed22e756c) Importer(815301076,1909f56bfc062723c751e8b465ee728b)  -> (artifact id: '6d56512e5e5d862c1e7956154f255bfa') in 0.093864 seconds 
Number of asset objects unloaded after import = 2
========================================================================
Received Import Request.
  Time since last request: 0.000073 seconds.
  path: Assets/ce am pus/oameni + ingrediente + pahare/oameni modele/female3.fbx
  artifactKey: Guid(dd2108255c0e0e2499c651d4697ab903) Importer(815301076,1909f56bfc062723c751e8b465ee728b)
Number of updated assets reloaded before import = 0
Start importing Assets/ce am pus/oameni + ingrediente + pahare/oameni modele/female3.fbx using Guid(dd2108255c0e0e2499c651d4697ab903) Importer(815301076,1909f56bfc062723c751e8b465ee728b)  -> (artifact id: '8090e4e33ca83b9df855147c9ab24e24') in 0.194372 seconds 
Number of asset objects unloaded after import = 35
========================================================================
Received Import Request.
  Time since last request: 0.000057 seconds.
  path: Assets/ce am pus/oameni + ingrediente + pahare/oameni modele/Material.007 2.mat
  artifactKey: Guid(71cba8a59df070243a8709d6b51bfa09) Importer(815301076,1909f56bfc062723c751e8b465ee728b)
Number of updated assets reloaded before import = 0
Start importing Assets/ce am pus/oameni + ingrediente + pahare/oameni modele/Material.007 2.mat using Guid(71cba8a59df070243a8709d6b51bfa09) Importer(815301076,1909f56bfc062723c751e8b465ee728b)  -> (artifact id: '67ece96077f5a7348fc91da1326f2a29') in 0.064361 seconds 
Number of asset objects unloaded after import = 1
========================================================================
Received Import Request.
  Time since last request: 0.000182 seconds.
  path: Assets/ce am pus/oameni + ingrediente + pahare/ingrediente modele/Bottiglia 10.mat
  artifactKey: Guid(8930a08fecf18a84285dc05697df6200) Importer(815301076,1909f56bfc062723c751e8b465ee728b)
Number of updated assets reloaded before import = 0
Start importing Assets/ce am pus/oameni + ingrediente + pahare/ingrediente modele/Bottiglia 10.mat using Guid(8930a08fecf18a84285dc05697df6200) Importer(815301076,1909f56bfc062723c751e8b465ee728b)  -> (artifact id: 'd83aac907f1537ec60b7e946235af3f4') in 0.108916 seconds 
Number of asset objects unloaded after import = 2
========================================================================
Received Import Request.
  Time since last request: 0.000049 seconds.
  path: Assets/ce am pus/oameni + ingrediente + pahare/oameni modele/male1.fbx
  artifactKey: Guid(a65b71b727e30f34dbc7b2404a59c178) Importer(815301076,1909f56bfc062723c751e8b465ee728b)
Number of updated assets reloaded before import = 0
Start importing Assets/ce am pus/oameni + ingrediente + pahare/oameni modele/male1.fbx using Guid(a65b71b727e30f34dbc7b2404a59c178) Importer(815301076,1909f56bfc062723c751e8b465ee728b)  -> (artifact id: '0000192eb62b0cfc04c0e06086415c95') in 0.217723 seconds 
Number of asset objects unloaded after import = 35
========================================================================
Received Import Request.
  Time since last request: 0.000113 seconds.
  path: Assets/ce am pus/oameni + ingrediente + pahare/bauturi modele/alexander_complet_material.mat
  artifactKey: Guid(b7789000b25b8e14f9a68c67c08a1b61) Importer(815301076,1909f56bfc062723c751e8b465ee728b)
Number of updated assets reloaded before import = 0
Start importing Assets/ce am pus/oameni + ingrediente + pahare/bauturi modele/alexander_complet_material.mat using Guid(b7789000b25b8e14f9a68c67c08a1b61) Importer(815301076,1909f56bfc062723c751e8b465ee728b)  -> (artifact id: '0dd439fb556045f9085268a276960883') in 0.583354 seconds 
Number of asset objects unloaded after import = 3
========================================================================
Received Import Request.
  Time since last request: 0.000280 seconds.
  path: Assets/ce am pus/oameni + ingrediente + pahare/ingrediente modele/CuttingBoard.fbx
  artifactKey: Guid(946319e37e04a5c478d56ea8adc8fd15) Importer(815301076,1909f56bfc062723c751e8b465ee728b)
Number of updated assets reloaded before import = 0
Start importing Assets/ce am pus/oameni + ingrediente + pahare/ingrediente modele/CuttingBoard.fbx using Guid(946319e37e04a5c478d56ea8adc8fd15) Importer(815301076,1909f56bfc062723c751e8b465ee728b)  -> (artifact id: '1fac1548e067e0d7891c74fa6fe5ad81') in 0.103889 seconds 
Number of asset objects unloaded after import = 9
========================================================================
Received Import Request.
  Time since last request: 0.000042 seconds.
  path: Assets/ce am pus/oameni + ingrediente + pahare/ingrediente modele/10eb4f3be7b1.jpg
  artifactKey: Guid(b9bb31d9188b13b4ea6dadf27f4b3d88) Importer(815301076,1909f56bfc062723c751e8b465ee728b)
Number of updated assets reloaded before import = 0
Start importing Assets/ce am pus/oameni + ingrediente + pahare/ingrediente modele/10eb4f3be7b1.jpg using Guid(b9bb31d9188b13b4ea6dadf27f4b3d88) Importer(815301076,1909f56bfc062723c751e8b465ee728b)  -> (artifact id: '714b319a57a2fb3d58cbb93a6788baa5') in 0.098048 seconds 
Number of asset objects unloaded after import = 2
========================================================================
Received Import Request.
  Time since last request: 0.000036 seconds.
  path: Assets/ce am pus/oameni + ingrediente + pahare/ingrediente modele/Cap 1.mat
  artifactKey: Guid(110223776213e464c9fee95d6217ac1c) Importer(815301076,1909f56bfc062723c751e8b465ee728b)
Number of updated assets reloaded before import = 0
Start importing Assets/ce am pus/oameni + ingrediente + pahare/ingrediente modele/Cap 1.mat using Guid(110223776213e464c9fee95d6217ac1c) Importer(815301076,1909f56bfc062723c751e8b465ee728b)  -> (artifact id: '362f61246ae8bfa6c8d23682d9ef4825') in 0.114176 seconds 
Number of asset objects unloaded after import = 1
========================================================================
Received Import Request.
  Time since last request: 0.001491 seconds.
  path: Assets/ce am pus/oameni + ingrediente + pahare/ingrediente modele/IceBowl2.fbx
  artifactKey: Guid(92887cb661dac754a91373d4f1d93c20) Importer(815301076,1909f56bfc062723c751e8b465ee728b)
Number of updated assets reloaded before import = 0
Start importing Assets/ce am pus/oameni + ingrediente + pahare/ingrediente modele/IceBowl2.fbx using Guid(92887cb661dac754a91373d4f1d93c20) Importer(815301076,1909f56bfc062723c751e8b465ee728b)  -> (artifact id: '2c875a7fe6c0ca28b9cb269c8bee256b') in 4.023048 seconds 
Number of asset objects unloaded after import = 520
Editor requested this worker to shutdown with reason: Scaling down because of idle timeout
AssetImportWorker is now disconnected from the server
Process exiting
Exiting without the bug reporter. Application will terminate with return code 0