Using pre-set license
Built from '2021.3/staging' branch; Version is '2021.3.31f1 (3409e2af086f) revision 3410402'; Using compiler version '192829333'; Build Type 'Release'
OS: 'Windows 10  (10.0.19045) 64bit Core' Language: 'ro' Physical Memory: 7502 MB
BatchMode: 1, IsHumanControllingUs: 0, StartBugReporterOnCrash: 0, Is64bit: 1, IsPro: 1

COMMAND LINE ARGUMENTS:
C:\Program Files\Unity\Hub\Editor\2021.3.31f1\Editor\Unity.exe
-adb2
-batchMode
-noUpm
-name
AssetImportWorker38
-projectPath
C:/Users/pinza/Documents/GitHub/IMR_Project
-logFile
Logs/AssetImportWorker38.log
-srvPort
50272
Successfully changed project path to: C:/Users/pinza/Documents/GitHub/IMR_Project
C:/Users/pinza/Documents/GitHub/IMR_Project
[UnityMemory] Configuration Parameters - Can be set up in boot.config
    "memorysetup-bucket-allocator-granularity=16"
    "memorysetup-bucket-allocator-bucket-count=8"
    "memorysetup-bucket-allocator-block-size=33554432"
    "memorysetup-bucket-allocator-block-count=8"
    "memorysetup-main-allocator-block-size=16777216"
    "memorysetup-thread-allocator-block-size=16777216"
    "memorysetup-gfx-main-allocator-block-size=16777216"
    "memorysetup-gfx-thread-allocator-block-size=16777216"
    "memorysetup-cache-allocator-block-size=4194304"
    "memorysetup-typetree-allocator-block-size=2097152"
    "memorysetup-profiler-bucket-allocator-granularity=16"
    "memorysetup-profiler-bucket-allocator-bucket-count=8"
    "memorysetup-profiler-bucket-allocator-block-size=33554432"
    "memorysetup-profiler-bucket-allocator-block-count=8"
    "memorysetup-profiler-allocator-block-size=16777216"
    "memorysetup-profiler-editor-allocator-block-size=1048576"
    "memorysetup-temp-allocator-size-main=16777216"
    "memorysetup-job-temp-allocator-block-size=2097152"
    "memorysetup-job-temp-allocator-block-size-background=1048576"
    "memorysetup-job-temp-allocator-reduction-small-platforms=262144"
    "memorysetup-temp-allocator-size-background-worker=32768"
    "memorysetup-temp-allocator-size-job-worker=262144"
    "memorysetup-temp-allocator-size-preload-manager=33554432"
    "memorysetup-temp-allocator-size-nav-mesh-worker=65536"
    "memorysetup-temp-allocator-size-audio-worker=65536"
    "memorysetup-temp-allocator-size-cloud-worker=32768"
    "memorysetup-temp-allocator-size-gi-baking-worker=262144"
    "memorysetup-temp-allocator-size-gfx=262144"
Player connection [14612] Host "[IP] 192.168.56.1 [Port] 0 [Flags] 2 [Guid] 2674424686 [EditorId] 2674424686 [Version] 1048832 [Id] WindowsEditor(7,LAPTOP-42ANUGFD) [Debug] 1 [PackageName] WindowsEditor [ProjectName] Editor" joined multi-casting on [225.0.0.222:54997]...

Player connection [14612] Host "[IP] 192.168.56.1 [Port] 0 [Flags] 2 [Guid] 2674424686 [EditorId] 2674424686 [Version] 1048832 [Id] WindowsEditor(7,LAPTOP-42ANUGFD) [Debug] 1 [PackageName] WindowsEditor [ProjectName] Editor" joined alternative multi-casting on [225.0.0.222:34997]...

[Physics::Module] Initialized MultithreadedJobDispatcher with {0} workers.
Refreshing native plugins compatible for Editor in 92.66 ms, found 3 plugins.
Preloading 0 native plugins for Editor in 0.00 ms.
Initialize engine version: 2021.3.31f1 (3409e2af086f)
[Subsystems] Discovering subsystems at path C:/Program Files/Unity/Hub/Editor/2021.3.31f1/Editor/Data/Resources/UnitySubsystems
[Subsystems] Discovering subsystems at path C:/Users/pinza/Documents/GitHub/IMR_Project/Assets
GfxDevice: creating device client; threaded=0; jobified=0
Direct3D:
    Version:  Direct3D 11.0 [level 11.1]
    Renderer: AMD Radeon(TM) Graphics (ID=0x164c)
    Vendor:   ATI
    VRAM:     3751 MB
    Driver:   27.20.15002.118
Initialize mono
Mono path[0] = 'C:/Program Files/Unity/Hub/Editor/2021.3.31f1/Editor/Data/Managed'
Mono path[1] = 'C:/Program Files/Unity/Hub/Editor/2021.3.31f1/Editor/Data/MonoBleedingEdge/lib/mono/unityjit-win32'
Mono config path = 'C:/Program Files/Unity/Hub/Editor/2021.3.31f1/Editor/Data/MonoBleedingEdge/etc'
Using monoOptions --debugger-agent=transport=dt_socket,embedding=1,server=y,suspend=n,address=127.0.0.1:56196
Begin MonoManager ReloadAssembly
Registering precompiled unity dll's ...
Register platform support module: C:/Program Files/Unity/Hub/Editor/2021.3.31f1/Editor/Data/PlaybackEngines/WindowsStandaloneSupport/UnityEditor.WindowsStandalone.Extensions.dll
Registered in 0.006174 seconds.
Native extension for WindowsStandalone target not found
Refreshing native plugins compatible for Editor in 77.53 ms, found 3 plugins.
Preloading 0 native plugins for Editor in 0.00 ms.
Mono: successfully reloaded assembly
- Completed reload, in  0.814 seconds
Domain Reload Profiling:
	ReloadAssembly (815ms)
		BeginReloadAssembly (195ms)
			ExecutionOrderSort (0ms)
			DisableScriptedObjects (0ms)
			BackupInstance (0ms)
			ReleaseScriptingObjects (0ms)
			CreateAndSetChildDomain (1ms)
		EndReloadAssembly (507ms)
			LoadAssemblies (191ms)
			RebuildTransferFunctionScriptingTraits (0ms)
			SetupTypeCache (112ms)
			ReleaseScriptCaches (0ms)
			RebuildScriptCaches (38ms)
			SetupLoadedEditorAssemblies (305ms)
				LogAssemblyErrors (0ms)
				InitializePlatformSupportModulesInManaged (9ms)
				SetLoadedEditorAssemblies (0ms)
				RefreshPlugins (78ms)
				BeforeProcessingInitializeOnLoad (2ms)
				ProcessInitializeOnLoadAttributes (159ms)
				ProcessInitializeOnLoadMethodAttributes (57ms)
				AfterProcessingInitializeOnLoad (0ms)
				EditorAssembliesLoaded (0ms)
			ExecutionOrderSort2 (0ms)
			AwakeInstancesAfterBackupRestoration (0ms)
Platform modules already initialized, skipping
Registering precompiled user dll's ...
Registered in 0.004905 seconds.
Begin MonoManager ReloadAssembly
Native extension for WindowsStandalone target not found
Refreshing native plugins compatible for Editor in 0.67 ms, found 3 plugins.
Preloading 0 native plugins for Editor in 0.00 ms.
Package Manager log level set to [2]
[Package Manager] Server::EnsureServerProcessIsRunning -- launch failed, reason: Unity was launched with the -noUpm command-line argument
[Package Manager] Cannot connect to Unity Package Manager local server
Mono: successfully reloaded assembly
- Completed reload, in  1.634 seconds
Domain Reload Profiling:
	ReloadAssembly (1635ms)
		BeginReloadAssembly (152ms)
			ExecutionOrderSort (0ms)
			DisableScriptedObjects (7ms)
			BackupInstance (0ms)
			ReleaseScriptingObjects (0ms)
			CreateAndSetChildDomain (24ms)
		EndReloadAssembly (1371ms)
			LoadAssemblies (111ms)
			RebuildTransferFunctionScriptingTraits (0ms)
			SetupTypeCache (294ms)
			ReleaseScriptCaches (1ms)
			RebuildScriptCaches (64ms)
			SetupLoadedEditorAssemblies (880ms)
				LogAssemblyErrors (0ms)
				InitializePlatformSupportModulesInManaged (6ms)
				SetLoadedEditorAssemblies (0ms)
				RefreshPlugins (1ms)
				BeforeProcessingInitializeOnLoad (88ms)
				ProcessInitializeOnLoadAttributes (741ms)
				ProcessInitializeOnLoadMethodAttributes (36ms)
				AfterProcessingInitializeOnLoad (7ms)
				EditorAssembliesLoaded (0ms)
			ExecutionOrderSort2 (0ms)
			AwakeInstancesAfterBackupRestoration (11ms)
Platform modules already initialized, skipping
========================================================================
Worker process is ready to serve import requests
Launched and connected shader compiler UnityShaderCompiler.exe after 0.07 seconds
Refreshing native plugins compatible for Editor in 0.74 ms, found 3 plugins.
Preloading 0 native plugins for Editor in 0.00 ms.
Unloading 3066 Unused Serialized files (Serialized files now loaded: 0)
Unloading 23 unused Assets / (46.7 KB). Loaded Objects now: 3527.
Memory consumption went from 108.7 MB to 108.6 MB.
Total: 3.590800 ms (FindLiveObjects: 0.380600 ms CreateObjectMapping: 0.105600 ms MarkObjects: 2.995900 ms  DeleteObjects: 0.107100 ms)

AssetImportParameters requested are different than current active one (requested -> active):
  custom:video-decoder-ogg-theora: a1e56fd34408186e4bbccfd4996cb3dc -> 
  custom:container-muxer-webm: aa71ff27fc2769a1b78a27578f13a17b -> 
  custom:container-demuxer-webm: 4f35f7cbe854078d1ac9338744f61a02 -> 
  custom:video-encoder-webm-vp8: eb34c28f22e8b96e1ab97ce403110664 -> 
  custom:CustomObjectIndexerAttribute: bc11b3a6c3213fcdd17b65e7da85e133 -> 
  custom:audio-encoder-webm-vorbis: bf7c407c2cedff20999df2af8eb42d56 -> 
  custom:framework-win-MediaFoundation: 216162199b28c13a410421893ffa2e32 -> 
  custom:SearchIndexIgnoredProperties: e643bd26f0fe6173181afceb89e7c659 -> 
  custom:container-demuxer-ogg: 62fdf1f143b41e24485cea50d1cbac27 -> 
  custom:video-decoder-webm-vp8: 9c59270c3fd7afecdb556c50c9e8de78 -> 
  custom:audio-decoder-ogg-vorbis: bf7c407c2cedff20999df2af8eb42d56 -> 
========================================================================
Received Import Request.
  Time since last request: 199555.834453 seconds.
  path: Assets/ce am pus/oameni + ingrediente + pahare/prefabs/untitled.fbx_pina_colada.prefab
  artifactKey: Guid(d143ab162df89804d9737e2227b8ab9b) Importer(815301076,1909f56bfc062723c751e8b465ee728b)
Number of updated assets reloaded before import = 0
Start importing Assets/ce am pus/oameni + ingrediente + pahare/prefabs/untitled.fbx_pina_colada.prefab using Guid(d143ab162df89804d9737e2227b8ab9b) Importer(815301076,1909f56bfc062723c751e8b465ee728b)  -> (artifact id: '6ee0b21a2c12719736061d3b14b929cc') in 0.183324 seconds 
Number of asset objects unloaded after import = 36
========================================================================
Received Import Request.
  Time since last request: 27.565218 seconds.
  path: Assets/ce am pus/oameni + ingrediente + pahare/ingrediente+instrumente modele/IceCube.fbx
  artifactKey: Guid(1a3ad2a33c293f64595e093080151516) Importer(815301076,1909f56bfc062723c751e8b465ee728b)
Number of updated assets reloaded before import = 0
Start importing Assets/ce am pus/oameni + ingrediente + pahare/ingrediente+instrumente modele/IceCube.fbx using Guid(1a3ad2a33c293f64595e093080151516) Importer(815301076,1909f56bfc062723c751e8b465ee728b)  -> (artifact id: '7497e431de4c5e0593ce21245adec741') in 0.096312 seconds 
Number of asset objects unloaded after import = 17
========================================================================
Received Import Request.
  Time since last request: 5.095605 seconds.
  path: Assets/ce am pus/oameni + ingrediente + pahare/ingrediente+instrumente modele/Tequila.fbx
  artifactKey: Guid(ebbf8f7ebcd5ff34b922548cba731601) Importer(815301076,1909f56bfc062723c751e8b465ee728b)
Number of updated assets reloaded before import = 0
Start importing Assets/ce am pus/oameni + ingrediente + pahare/ingrediente+instrumente modele/Tequila.fbx using Guid(ebbf8f7ebcd5ff34b922548cba731601) Importer(815301076,1909f56bfc062723c751e8b465ee728b)  -> (artifact id: '682e475ff27be8488dba8a9d6e1a172a') in 0.134587 seconds 
Number of asset objects unloaded after import = 29
========================================================================
Received Import Request.
  Time since last request: 42.281287 seconds.
  path: Assets/ce am pus/oameni + ingrediente + pahare/ingrediente+instrumente modele/sugar_shaker.FBX
  artifactKey: Guid(71755a52c21834447a4e4f315a89904a) Importer(815301076,1909f56bfc062723c751e8b465ee728b)
Number of updated assets reloaded before import = 0
Start importing Assets/ce am pus/oameni + ingrediente + pahare/ingrediente+instrumente modele/sugar_shaker.FBX using Guid(71755a52c21834447a4e4f315a89904a) Importer(815301076,1909f56bfc062723c751e8b465ee728b)  -> (artifact id: '6ec64de2a49b9992616c77e11929c19b') in 0.045362 seconds 
Number of asset objects unloaded after import = 10
========================================================================
Received Import Request.
  Time since last request: 124.072341 seconds.
  path: Assets/Mobilier/model/colt.fbx
  artifactKey: Guid(30ad40bc7af2dc54fbdae25c91a7473e) Importer(815301076,1909f56bfc062723c751e8b465ee728b)
Number of updated assets reloaded before import = 0
Start importing Assets/Mobilier/model/colt.fbx using Guid(30ad40bc7af2dc54fbdae25c91a7473e) Importer(815301076,1909f56bfc062723c751e8b465ee728b)  -> (artifact id: '3f73b7c07c1101f1e060917da522365e') in 0.081763 seconds 
Number of asset objects unloaded after import = 18
========================================================================
Received Import Request.
  Time since last request: 36.842204 seconds.
  path: Assets/nesortate/Vodka.fbx
  artifactKey: Guid(3c8fab297deeff2449ee3dec6c91e0d2) Importer(815301076,1909f56bfc062723c751e8b465ee728b)
Number of updated assets reloaded before import = 0
Start importing Assets/nesortate/Vodka.fbx using Guid(3c8fab297deeff2449ee3dec6c91e0d2) Importer(815301076,1909f56bfc062723c751e8b465ee728b)  -> (artifact id: '3be82c18525fa0d7e0f17c0323486602') in 0.081445 seconds 
Number of asset objects unloaded after import = 29
========================================================================
Received Import Request.
  Time since last request: 0.347982 seconds.
  path: Assets/Mobilier/model/fotoliu.fbx
  artifactKey: Guid(b79ed132953a07e42a772d33c3a43296) Importer(815301076,1909f56bfc062723c751e8b465ee728b)
Number of updated assets reloaded before import = 0
Start importing Assets/Mobilier/model/fotoliu.fbx using Guid(b79ed132953a07e42a772d33c3a43296) Importer(815301076,1909f56bfc062723c751e8b465ee728b)  -> (artifact id: '0e1c593a7f43a3cdba5ca85e116a99c3') in 0.217945 seconds 
Number of asset objects unloaded after import = 42
========================================================================
Received Import Request.
  Time since last request: 1.095949 seconds.
  path: Assets/Mobilier/materials/Decorative Wood Ceiling.mat
  artifactKey: Guid(7bee4a9840e8e014aa8005ba2b2f8fa4) Importer(815301076,1909f56bfc062723c751e8b465ee728b)
Number of updated assets reloaded before import = 0
Start importing Assets/Mobilier/materials/Decorative Wood Ceiling.mat using Guid(7bee4a9840e8e014aa8005ba2b2f8fa4) Importer(815301076,1909f56bfc062723c751e8b465ee728b)  -> (artifact id: 'ffc4277494cf1c5d3cb3bd0ab2fc70f6') in 0.050722 seconds 
Number of asset objects unloaded after import = 6
========================================================================
Received Import Request.
  Time since last request: 133.720523 seconds.
  path: Assets/ce am pus/oameni + ingrediente + pahare/New Folder
  artifactKey: Guid(bbea953479c0c334aa81f33e03b15cf6) Importer(815301076,1909f56bfc062723c751e8b465ee728b)
Number of updated assets reloaded before import = 0
Start importing Assets/ce am pus/oameni + ingrediente + pahare/New Folder using Guid(bbea953479c0c334aa81f33e03b15cf6) Importer(815301076,1909f56bfc062723c751e8b465ee728b)  -> (artifact id: 'ecfe1568e63beda6630a742e92f0997f') in 0.012975 seconds 
Number of asset objects unloaded after import = 0
========================================================================
Received Import Request.
  Time since last request: 7.390056 seconds.
  path: Assets/ce am pus/oameni + ingrediente + pahare/oameni
  artifactKey: Guid(bbea953479c0c334aa81f33e03b15cf6) Importer(815301076,1909f56bfc062723c751e8b465ee728b)
Number of updated assets reloaded before import = 0
Start importing Assets/ce am pus/oameni + ingrediente + pahare/oameni using Guid(bbea953479c0c334aa81f33e03b15cf6) Importer(815301076,1909f56bfc062723c751e8b465ee728b)  -> (artifact id: '0b5b62b4a963f73f7bd90b5a0b2e9dcb') in 0.010614 seconds 
Number of asset objects unloaded after import = 0
========================================================================
Received Import Request.
  Time since last request: 7.413937 seconds.
  path: Assets/ce am pus/oameni + ingrediente + pahare/oameni/prefabs
  artifactKey: Guid(645fb142c56c1504894ab57fdac321c0) Importer(815301076,1909f56bfc062723c751e8b465ee728b)
Number of updated assets reloaded before import = 0
Start importing Assets/ce am pus/oameni + ingrediente + pahare/oameni/prefabs using Guid(645fb142c56c1504894ab57fdac321c0) Importer(815301076,1909f56bfc062723c751e8b465ee728b)  -> (artifact id: '89a1f57d6bd44ab4075b2506b4ca6741') in 0.012126 seconds 
Number of asset objects unloaded after import = 0
========================================================================
Received Import Request.
  Time since last request: 6.011189 seconds.
  path: Assets/ce am pus/oameni + ingrediente + pahare/oameni/textures
  artifactKey: Guid(cfd87e7a6c9956049a08a1cde68dd8d4) Importer(815301076,1909f56bfc062723c751e8b465ee728b)
Number of updated assets reloaded before import = 0
Start importing Assets/ce am pus/oameni + ingrediente + pahare/oameni/textures using Guid(cfd87e7a6c9956049a08a1cde68dd8d4) Importer(815301076,1909f56bfc062723c751e8b465ee728b)  -> (artifact id: 'd20ccfa2b379623b8eeffb204da0ccec') in 0.014221 seconds 
Number of asset objects unloaded after import = 0
========================================================================
Received Import Request.
  Time since last request: 5.480979 seconds.
  path: Assets/ce am pus/oameni + ingrediente + pahare/oameni/materials
  artifactKey: Guid(a48a92be445bfc5419a79d7c572af61a) Importer(815301076,1909f56bfc062723c751e8b465ee728b)
Number of updated assets reloaded before import = 0
Start importing Assets/ce am pus/oameni + ingrediente + pahare/oameni/materials using Guid(a48a92be445bfc5419a79d7c572af61a) Importer(815301076,1909f56bfc062723c751e8b465ee728b)  -> (artifact id: '9d8a2ee4cdd4f64cf843dc5ed2658957') in 0.011277 seconds 
Number of asset objects unloaded after import = 0
========================================================================
Received Import Request.
  Time since last request: 25.739010 seconds.
  path: Assets/ce am pus/oameni + ingrediente + pahare/oameni modele
  artifactKey: Guid(8cb570c6a52216f49ad55af8e687e6d1) Importer(815301076,1909f56bfc062723c751e8b465ee728b)
Number of updated assets reloaded before import = 0
Start importing Assets/ce am pus/oameni + ingrediente + pahare/oameni modele using Guid(8cb570c6a52216f49ad55af8e687e6d1) Importer(815301076,1909f56bfc062723c751e8b465ee728b)  -> (artifact id: '56769cbfbdad405ba398671b11a9aed2') in 0.022246 seconds 
Number of asset objects unloaded after import = 0
========================================================================
Received Import Request.
  Time since last request: 14.676372 seconds.
  path: Assets/ce am pus/oameni + ingrediente + pahare/oameni/models
  artifactKey: Guid(5f42a30f7f4bcbd449cf5701e65013a8) Importer(815301076,1909f56bfc062723c751e8b465ee728b)
Number of updated assets reloaded before import = 0
Start importing Assets/ce am pus/oameni + ingrediente + pahare/oameni/models using Guid(5f42a30f7f4bcbd449cf5701e65013a8) Importer(815301076,1909f56bfc062723c751e8b465ee728b)  -> (artifact id: 'd630ebc05addb5eb53beb17e622ae9db') in 0.012163 seconds 
Number of asset objects unloaded after import = 0
========================================================================
Received Import Request.
  Time since last request: 45.469349 seconds.
  path: Assets/nesortate/Campari.fbx
  artifactKey: Guid(c96be0103c1c9ba49b61bba54275c715) Importer(815301076,1909f56bfc062723c751e8b465ee728b)
Number of updated assets reloaded before import = 0
Start importing Assets/nesortate/Campari.fbx using Guid(c96be0103c1c9ba49b61bba54275c715) Importer(815301076,1909f56bfc062723c751e8b465ee728b)  -> (artifact id: 'cdf113aae69f29b91534dd82cfdd33fe') in 0.078007 seconds 
Number of asset objects unloaded after import = 34
========================================================================
Received Import Request.
  Time since last request: 8.476069 seconds.
  path: Assets/uploads_files_2732038_Jack+Daniel+Bottle.fbx
  artifactKey: Guid(1d18d3237bfef514ab504ea052cf0697) Importer(815301076,1909f56bfc062723c751e8b465ee728b)
Number of updated assets reloaded before import = 0
Start importing Assets/uploads_files_2732038_Jack+Daniel+Bottle.fbx using Guid(1d18d3237bfef514ab504ea052cf0697) Importer(815301076,1909f56bfc062723c751e8b465ee728b)  -> (artifact id: '08f2f4ad6b9879b476b9808786bc8849') in 0.147067 seconds 
Number of asset objects unloaded after import = 41
========================================================================
Received Import Request.
  Time since last request: 169.694571 seconds.
  path: Assets/nesortate/Mint_Textures/fresh-mint-leaf-2 - Opacity.jpg
  artifactKey: Guid(31629b99145138a449fb6e6b919bd389) Importer(815301076,1909f56bfc062723c751e8b465ee728b)
Number of updated assets reloaded before import = 0
Start importing Assets/nesortate/Mint_Textures/fresh-mint-leaf-2 - Opacity.jpg using Guid(31629b99145138a449fb6e6b919bd389) Importer(815301076,1909f56bfc062723c751e8b465ee728b)  -> (artifact id: 'fc817f2fb57ae4703b4d50884ad1b528') in 0.058453 seconds 
Number of asset objects unloaded after import = 2
========================================================================
Received Import Request.
  Time since last request: 22.327530 seconds.
  path: Assets/nesortate/Sink_Textures/lgmap_PBRmr_mis35_BaseColor.jpg
  artifactKey: Guid(9443801f11136bb458099d5850d31c74) Importer(815301076,1909f56bfc062723c751e8b465ee728b)
Number of updated assets reloaded before import = 0
Start importing Assets/nesortate/Sink_Textures/lgmap_PBRmr_mis35_BaseColor.jpg using Guid(9443801f11136bb458099d5850d31c74) Importer(815301076,1909f56bfc062723c751e8b465ee728b)  -> (artifact id: 'ebf043cf7b36d490954b217fa5dffeb7') in 0.152411 seconds 
Number of asset objects unloaded after import = 2
========================================================================
Received Import Request.
  Time since last request: 0.000076 seconds.
  path: Assets/nesortate/Sink_Textures/lgmap_PBRsg_mis35_Reflection 1.jpg
  artifactKey: Guid(4de2fe0a6f61e6649a7bfd95582eb120) Importer(815301076,1909f56bfc062723c751e8b465ee728b)
Number of updated assets reloaded before import = 0
Start importing Assets/nesortate/Sink_Textures/lgmap_PBRsg_mis35_Reflection 1.jpg using Guid(4de2fe0a6f61e6649a7bfd95582eb120) Importer(815301076,1909f56bfc062723c751e8b465ee728b)  -> (artifact id: '6aa6c7b55c7f72da596c2994d95c9500') in 0.061183 seconds 
Number of asset objects unloaded after import = 2
========================================================================
Received Import Request.
  Time since last request: 0.000104 seconds.
  path: Assets/nesortate/Sink_Textures/lgmap_PBRmr_mis35_Normal.jpg
  artifactKey: Guid(a20225793446b914ebd26965eeb7e678) Importer(815301076,1909f56bfc062723c751e8b465ee728b)
Number of updated assets reloaded before import = 0
Start importing Assets/nesortate/Sink_Textures/lgmap_PBRmr_mis35_Normal.jpg using Guid(a20225793446b914ebd26965eeb7e678) Importer(815301076,1909f56bfc062723c751e8b465ee728b)  -> (artifact id: '056b792c7bc18b393c611f388a33e306') in 0.100522 seconds 
Number of asset objects unloaded after import = 2
========================================================================
Received Import Request.
  Time since last request: 0.000059 seconds.
  path: Assets/nesortate/Sink_Textures/lgmap_PBRsg_mis35_Glossiness.jpg
  artifactKey: Guid(fba5e4e33142558489bc692f870e9faf) Importer(815301076,1909f56bfc062723c751e8b465ee728b)
Number of updated assets reloaded before import = 0
Start importing Assets/nesortate/Sink_Textures/lgmap_PBRsg_mis35_Glossiness.jpg using Guid(fba5e4e33142558489bc692f870e9faf) Importer(815301076,1909f56bfc062723c751e8b465ee728b)  -> (artifact id: 'b211cace9e6db75e07557bde9c18cbd6') in 0.061577 seconds 
Number of asset objects unloaded after import = 2
========================================================================
Received Import Request.
  Time since last request: 0.000061 seconds.
  path: Assets/nesortate/Sink_Textures/lgmap_PBRsg_mis35_NormalHighPoly.jpg
  artifactKey: Guid(0b45fdd2cfc36f34c9c0d0121817fb2c) Importer(815301076,1909f56bfc062723c751e8b465ee728b)
Number of updated assets reloaded before import = 0
Start importing Assets/nesortate/Sink_Textures/lgmap_PBRsg_mis35_NormalHighPoly.jpg using Guid(0b45fdd2cfc36f34c9c0d0121817fb2c) Importer(815301076,1909f56bfc062723c751e8b465ee728b)  -> (artifact id: 'c72da0f8791a4b934cd8ef5a31489ef6') in 0.059381 seconds 
Number of asset objects unloaded after import = 2
========================================================================
Received Import Request.
  Time since last request: 0.000044 seconds.
  path: Assets/nesortate/Sink_Textures/lgmap_PBRsg_mis35_Glossiness 1.jpg
  artifactKey: Guid(e0fd8744127a23f439fc3541d5bee98d) Importer(815301076,1909f56bfc062723c751e8b465ee728b)
Number of updated assets reloaded before import = 0
Start importing Assets/nesortate/Sink_Textures/lgmap_PBRsg_mis35_Glossiness 1.jpg using Guid(e0fd8744127a23f439fc3541d5bee98d) Importer(815301076,1909f56bfc062723c751e8b465ee728b)  -> (artifact id: 'fde8a0a92258426bdbb077d5551a44d1') in 0.065909 seconds 
Number of asset objects unloaded after import = 2
========================================================================
Received Import Request.
  Time since last request: 29.387294 seconds.
  path: Assets/ce am pus/oameni + ingrediente + pahare/bauturi modele
  artifactKey: Guid(a1716c3027002094ca04f1e427e2b408) Importer(815301076,1909f56bfc062723c751e8b465ee728b)
Number of updated assets reloaded before import = 0
Start importing Assets/ce am pus/oameni + ingrediente + pahare/bauturi modele using Guid(a1716c3027002094ca04f1e427e2b408) Importer(815301076,1909f56bfc062723c751e8b465ee728b)  -> (artifact id: '76164e2d3ea42a8037d9104d12210a2a') in 0.014320 seconds 
Number of asset objects unloaded after import = 0
========================================================================
Received Import Request.
  Time since last request: 8.741745 seconds.
  path: Assets/ce am pus/oameni + ingrediente + pahare/bauturi modele/textures
  artifactKey: Guid(e63310c1013071d4ba601a8c32a835d8) Importer(815301076,1909f56bfc062723c751e8b465ee728b)
Number of updated assets reloaded before import = 0
Start importing Assets/ce am pus/oameni + ingrediente + pahare/bauturi modele/textures using Guid(e63310c1013071d4ba601a8c32a835d8) Importer(815301076,1909f56bfc062723c751e8b465ee728b)  -> (artifact id: 'ec414a7e1f37c4900d49cf0d1f6c3e45') in 0.002946 seconds 
Number of asset objects unloaded after import = 0
========================================================================
Received Import Request.
  Time since last request: 6.897162 seconds.
  path: Assets/ce am pus/oameni + ingrediente + pahare/bauturi modele/materials
  artifactKey: Guid(3eca11f0e11dcda4c89b41d345c50d3d) Importer(815301076,1909f56bfc062723c751e8b465ee728b)
Number of updated assets reloaded before import = 0
Start importing Assets/ce am pus/oameni + ingrediente + pahare/bauturi modele/materials using Guid(3eca11f0e11dcda4c89b41d345c50d3d) Importer(815301076,1909f56bfc062723c751e8b465ee728b)  -> (artifact id: 'c6b73f4a9f8bff4defe0a7c01fd8a496') in 0.002718 seconds 
Number of asset objects unloaded after import = 0
========================================================================
Received Import Request.
  Time since last request: 9.009339 seconds.
  path: Assets/ce am pus/oameni + ingrediente + pahare/bauturi modele/prefabs
  artifactKey: Guid(9adb2787902a2be42b0e85d1df4a47ea) Importer(815301076,1909f56bfc062723c751e8b465ee728b)
Number of updated assets reloaded before import = 0
Start importing Assets/ce am pus/oameni + ingrediente + pahare/bauturi modele/prefabs using Guid(9adb2787902a2be42b0e85d1df4a47ea) Importer(815301076,1909f56bfc062723c751e8b465ee728b)  -> (artifact id: '5d4841e90f6109fa33622968cd6487dd') in 0.002916 seconds 
Number of asset objects unloaded after import = 0
========================================================================
Received Import Request.
  Time since last request: 5.150460 seconds.
  path: Assets/ce am pus/oameni + ingrediente + pahare/bauturi modele/models
  artifactKey: Guid(f2af0272e54d9b742acad5c285b56ce4) Importer(815301076,1909f56bfc062723c751e8b465ee728b)
Number of updated assets reloaded before import = 0
Start importing Assets/ce am pus/oameni + ingrediente + pahare/bauturi modele/models using Guid(f2af0272e54d9b742acad5c285b56ce4) Importer(815301076,1909f56bfc062723c751e8b465ee728b)  -> (artifact id: 'e874276df9cc593c6862c3e33b64cd48') in 0.011777 seconds 
Number of asset objects unloaded after import = 0
========================================================================
Received Import Request.
  Time since last request: 184.181217 seconds.
  path: Assets/Bauturi
  artifactKey: Guid(a1716c3027002094ca04f1e427e2b408) Importer(815301076,1909f56bfc062723c751e8b465ee728b)
Number of updated assets reloaded before import = 0
Start importing Assets/Bauturi using Guid(a1716c3027002094ca04f1e427e2b408) Importer(815301076,1909f56bfc062723c751e8b465ee728b)  -> (artifact id: 'fb03ac87a48519a4d2a66c2c6a8133d5') in 0.010145 seconds 
Number of asset objects unloaded after import = 0
========================================================================
Received Import Request.
  Time since last request: 26.799866 seconds.
  path: Assets/Scenes
  artifactKey: Guid(c356604e1bef28048ac05421f3b3b000) Importer(815301076,1909f56bfc062723c751e8b465ee728b)
Number of updated assets reloaded before import = 0
Start importing Assets/Scenes using Guid(c356604e1bef28048ac05421f3b3b000) Importer(815301076,1909f56bfc062723c751e8b465ee728b)  -> (artifact id: '755a2a12ac24b6b401d9f91edef5cf51') in 0.013444 seconds 
Number of asset objects unloaded after import = 0
========================================================================
Received Import Request.
  Time since last request: 17.462343 seconds.
  path: Assets/female1.prefab
  artifactKey: Guid(4d8fe40ae371ea444aaeb8f61a03a092) Importer(815301076,1909f56bfc062723c751e8b465ee728b)
Number of updated assets reloaded before import = 0
Start importing Assets/female1.prefab using Guid(4d8fe40ae371ea444aaeb8f61a03a092) Importer(815301076,1909f56bfc062723c751e8b465ee728b)  -> (artifact id: '310a86c38f298b58e35e12b1665d6420') in 0.017797 seconds 
Number of asset objects unloaded after import = 20
========================================================================
Received Import Request.
  Time since last request: 4.050420 seconds.
  path: Assets/female3.prefab
  artifactKey: Guid(8194e34f4c618ba42b3e566332daf318) Importer(815301076,1909f56bfc062723c751e8b465ee728b)
Number of updated assets reloaded before import = 0
Start importing Assets/female3.prefab using Guid(8194e34f4c618ba42b3e566332daf318) Importer(815301076,1909f56bfc062723c751e8b465ee728b)  -> (artifact id: 'f87208691f366eba31ad32620caf1b33') in 0.006795 seconds 
Number of asset objects unloaded after import = 20
========================================================================
Received Import Request.
  Time since last request: 5.226214 seconds.
  path: Assets/male1.prefab
  artifactKey: Guid(151b4a1609f3be540be63d3c203ab4bc) Importer(815301076,1909f56bfc062723c751e8b465ee728b)
Number of updated assets reloaded before import = 0
Start importing Assets/male1.prefab using Guid(151b4a1609f3be540be63d3c203ab4bc) Importer(815301076,1909f56bfc062723c751e8b465ee728b)  -> (artifact id: 'bad5d6ea5c6efc5a7e80cb73bf8bbf48') in 0.017202 seconds 
Number of asset objects unloaded after import = 20
========================================================================
Received Import Request.
  Time since last request: 208.776852 seconds.
  path: Assets/Materials
  artifactKey: Guid(1f0b8cd05a0b36040b6651a04ce82757) Importer(815301076,1909f56bfc062723c751e8b465ee728b)
Number of updated assets reloaded before import = 0
Start importing Assets/Materials using Guid(1f0b8cd05a0b36040b6651a04ce82757) Importer(815301076,1909f56bfc062723c751e8b465ee728b)  -> (artifact id: 'cfcc53fbb40a7c6cd7f7bbbe9cdcbea6') in 0.012616 seconds 
Number of asset objects unloaded after import = 0
========================================================================
Received Import Request.
  Time since last request: 0.270129 seconds.
  path: Assets/Materials/360_F_64441610_pnLpQp29aFOYeWlJMJA0fYG8pEhvexNJ.mat
  artifactKey: Guid(fdefcd99bacc8d341b4de7f635f9e475) Importer(815301076,1909f56bfc062723c751e8b465ee728b)
Number of updated assets reloaded before import = 0
Start importing Assets/Materials/360_F_64441610_pnLpQp29aFOYeWlJMJA0fYG8pEhvexNJ.mat using Guid(fdefcd99bacc8d341b4de7f635f9e475) Importer(815301076,1909f56bfc062723c751e8b465ee728b)  -> (artifact id: 'a051ae832c3e03eae6e72dd3f0f6ca7e') in 0.188820 seconds 
Number of asset objects unloaded after import = 1
========================================================================
Received Import Request.
  Time since last request: 0.000104 seconds.
  path: Assets/Materials/medieval_blocks_03_nor_gl_4k.mat
  artifactKey: Guid(d62d19aec9adf7449949b527176de01a) Importer(815301076,1909f56bfc062723c751e8b465ee728b)
Number of updated assets reloaded before import = 0
Start importing Assets/Materials/medieval_blocks_03_nor_gl_4k.mat using Guid(d62d19aec9adf7449949b527176de01a) Importer(815301076,1909f56bfc062723c751e8b465ee728b)  -> (artifact id: '400265de734dfb8afad25a2b36cb70d1') in 0.045660 seconds 
Number of asset objects unloaded after import = 1
========================================================================
Received Import Request.
  Time since last request: 0.000134 seconds.
  path: Assets/Materials/medieval_blocks_03_diff_4k.mat
  artifactKey: Guid(1b86666aab2010042851f19615071f00) Importer(815301076,1909f56bfc062723c751e8b465ee728b)
Number of updated assets reloaded before import = 0
Start importing Assets/Materials/medieval_blocks_03_diff_4k.mat using Guid(1b86666aab2010042851f19615071f00) Importer(815301076,1909f56bfc062723c751e8b465ee728b)  -> (artifact id: '71462968ff2ead649b65a89f9e57224a') in 0.107431 seconds 
Number of asset objects unloaded after import = 1
========================================================================
Received Import Request.
  Time since last request: 0.000061 seconds.
  path: Assets/Materials/patterned_brick_wall_diff_4k.mat
  artifactKey: Guid(76039a7745f215446993685a996ce85d) Importer(815301076,1909f56bfc062723c751e8b465ee728b)
Number of updated assets reloaded before import = 0
Start importing Assets/Materials/patterned_brick_wall_diff_4k.mat using Guid(76039a7745f215446993685a996ce85d) Importer(815301076,1909f56bfc062723c751e8b465ee728b)  -> (artifact id: '3b012e0dbf3bbbe4c870d92f3ce38bc2') in 0.050146 seconds 
Number of asset objects unloaded after import = 1
========================================================================
Received Import Request.
  Time since last request: 0.000041 seconds.
  path: Assets/Materials/Subtle Woodgrain Plum on Dark Purple 1.mat
  artifactKey: Guid(c8aaf3f9a0248f14ab26c5094ac60e04) Importer(815301076,1909f56bfc062723c751e8b465ee728b)
Number of updated assets reloaded before import = 0
Start importing Assets/Materials/Subtle Woodgrain Plum on Dark Purple 1.mat using Guid(c8aaf3f9a0248f14ab26c5094ac60e04) Importer(815301076,1909f56bfc062723c751e8b465ee728b)  -> (artifact id: '30aeed604bf294d4ff18656d0a562a36') in 0.039936 seconds 
Number of asset objects unloaded after import = 1
========================================================================
Received Import Request.
  Time since last request: 0.000058 seconds.
  path: Assets/Materials/medieval_blocks_03_disp_4k.mat
  artifactKey: Guid(71f8238f9b4811b4ba60b5d841f46a10) Importer(815301076,1909f56bfc062723c751e8b465ee728b)
Number of updated assets reloaded before import = 0
Start importing Assets/Materials/medieval_blocks_03_disp_4k.mat using Guid(71f8238f9b4811b4ba60b5d841f46a10) Importer(815301076,1909f56bfc062723c751e8b465ee728b)  -> (artifact id: '90eaeb5e4eb9d611ce5a0624afa8b870') in 0.084080 seconds 
Number of asset objects unloaded after import = 1
========================================================================
Received Import Request.
  Time since last request: 0.001512 seconds.
  path: Assets/Materials/green-old-wood-background_64049-276.mat
  artifactKey: Guid(6ef080f0b6e0b1442a4a45b25992800f) Importer(815301076,1909f56bfc062723c751e8b465ee728b)
Number of updated assets reloaded before import = 0
Start importing Assets/Materials/green-old-wood-background_64049-276.mat using Guid(6ef080f0b6e0b1442a4a45b25992800f) Importer(815301076,1909f56bfc062723c751e8b465ee728b)  -> (artifact id: 'cfcd6a70f17e0f8ca19b59f957741175') in 0.049251 seconds 
Number of asset objects unloaded after import = 1
========================================================================
Received Import Request.
  Time since last request: 0.000087 seconds.
  path: Assets/Materials/BeerTapAlbedo.mat
  artifactKey: Guid(2ade957fe62d96e43a095b64c714d9f4) Importer(815301076,1909f56bfc062723c751e8b465ee728b)
Number of updated assets reloaded before import = 0
Start importing Assets/Materials/BeerTapAlbedo.mat using Guid(2ade957fe62d96e43a095b64c714d9f4) Importer(815301076,1909f56bfc062723c751e8b465ee728b)  -> (artifact id: 'eef414ad3cf8a1b49e364d6ddb28c6ae') in 0.050281 seconds 
Number of asset objects unloaded after import = 1
========================================================================
Received Import Request.
  Time since last request: 60.770009 seconds.
  path: Assets/Mobilier/model/rafturi.fbx
  artifactKey: Guid(d0eee70603b8e5240a2cbb86c50cf439) Importer(815301076,1909f56bfc062723c751e8b465ee728b)
Number of updated assets reloaded before import = 0
Start importing Assets/Mobilier/model/rafturi.fbx using Guid(d0eee70603b8e5240a2cbb86c50cf439) Importer(815301076,1909f56bfc062723c751e8b465ee728b)  -> (artifact id: '7196ed3623169adfd4034322bd97f533') in 0.071567 seconds 
Number of asset objects unloaded after import = 11
========================================================================
Received Import Request.
  Time since last request: 265.138635 seconds.
  path: Assets/nesortate/TequilaSilver.fbx
  artifactKey: Guid(024597e2549213342b8730b809e10b01) Importer(815301076,1909f56bfc062723c751e8b465ee728b)
Number of updated assets reloaded before import = 0
Start importing Assets/nesortate/TequilaSilver.fbx using Guid(024597e2549213342b8730b809e10b01) Importer(815301076,1909f56bfc062723c751e8b465ee728b)  -> (artifact id: 'f5430e4f10fee1871415f492351fb5f0') in 0.179980 seconds 
Number of asset objects unloaded after import = 27
========================================================================
Received Import Request.
  Time since last request: 0.000052 seconds.
  path: Assets/nesortate/Whiskey2.fbx
  artifactKey: Guid(ba83e10c41ad01942bf3de0f0f97a0d1) Importer(815301076,1909f56bfc062723c751e8b465ee728b)
Number of updated assets reloaded before import = 0
Start importing Assets/nesortate/Whiskey2.fbx using Guid(ba83e10c41ad01942bf3de0f0f97a0d1) Importer(815301076,1909f56bfc062723c751e8b465ee728b)  -> (artifact id: '7296886edd1a8629a8d9175cac352159') in 0.134054 seconds 
Number of asset objects unloaded after import = 28
Editor requested this worker to shutdown with reason: Scaling down because of idle timeout
AssetImportWorker is now disconnected from the server
Process exiting
Exiting without the bug reporter. Application will terminate with return code 0