Using pre-set license
Built from '2021.3/staging' branch; Version is '2021.3.31f1 (3409e2af086f) revision 3410402'; Using compiler version '192829333'; Build Type 'Release'
OS: 'Windows 10  (10.0.19045) 64bit Core' Language: 'en' Physical Memory: 8080 MB
BatchMode: 1, IsHumanControllingUs: 0, StartBugReporterOnCrash: 0, Is64bit: 1, IsPro: 1

COMMAND LINE ARGUMENTS:
C:\Program Files\Unity\Hub\Editor\2021.3.31f1\Editor\Unity.exe
-adb2
-batchMode
-noUpm
-name
AssetImportWorker8
-projectPath
D:/Informatica/IMR/Proiect/IMR_Project
-logFile
Logs/AssetImportWorker8.log
-srvPort
57740
Successfully changed project path to: D:/Informatica/IMR/Proiect/IMR_Project
D:/Informatica/IMR/Proiect/IMR_Project
[UnityMemory] Configuration Parameters - Can be set up in boot.config
    "memorysetup-bucket-allocator-granularity=16"
    "memorysetup-bucket-allocator-bucket-count=8"
    "memorysetup-bucket-allocator-block-size=33554432"
    "memorysetup-bucket-allocator-block-count=8"
    "memorysetup-main-allocator-block-size=16777216"
    "memorysetup-thread-allocator-block-size=16777216"
    "memorysetup-gfx-main-allocator-block-size=16777216"
    "memorysetup-gfx-thread-allocator-block-size=16777216"
    "memorysetup-cache-allocator-block-size=4194304"
    "memorysetup-typetree-allocator-block-size=2097152"
    "memorysetup-profiler-bucket-allocator-granularity=16"
    "memorysetup-profiler-bucket-allocator-bucket-count=8"
    "memorysetup-profiler-bucket-allocator-block-size=33554432"
    "memorysetup-profiler-bucket-allocator-block-count=8"
    "memorysetup-profiler-allocator-block-size=16777216"
    "memorysetup-profiler-editor-allocator-block-size=1048576"
    "memorysetup-temp-allocator-size-main=16777216"
    "memorysetup-job-temp-allocator-block-size=2097152"
    "memorysetup-job-temp-allocator-block-size-background=1048576"
    "memorysetup-job-temp-allocator-reduction-small-platforms=262144"
    "memorysetup-temp-allocator-size-background-worker=32768"
    "memorysetup-temp-allocator-size-job-worker=262144"
    "memorysetup-temp-allocator-size-preload-manager=33554432"
    "memorysetup-temp-allocator-size-nav-mesh-worker=65536"
    "memorysetup-temp-allocator-size-audio-worker=65536"
    "memorysetup-temp-allocator-size-cloud-worker=32768"
    "memorysetup-temp-allocator-size-gi-baking-worker=262144"
    "memorysetup-temp-allocator-size-gfx=262144"
Player connection [18648] Host "[IP] 192.168.206.1 [Port] 0 [Flags] 2 [Guid] 1850704517 [EditorId] 1850704517 [Version] 1048832 [Id] WindowsEditor(7,DESKTOP-LO7EK9M) [Debug] 1 [PackageName] WindowsEditor [ProjectName] Editor" joined multi-casting on [225.0.0.222:54997]...

Player connection [18648] Host "[IP] 192.168.206.1 [Port] 0 [Flags] 2 [Guid] 1850704517 [EditorId] 1850704517 [Version] 1048832 [Id] WindowsEditor(7,DESKTOP-LO7EK9M) [Debug] 1 [PackageName] WindowsEditor [ProjectName] Editor" joined alternative multi-casting on [225.0.0.222:34997]...

[Physics::Module] Initialized MultithreadedJobDispatcher with {0} workers.
Refreshing native plugins compatible for Editor in 84.78 ms, found 3 plugins.
Preloading 0 native plugins for Editor in 0.00 ms.
Initialize engine version: 2021.3.31f1 (3409e2af086f)
[Subsystems] Discovering subsystems at path C:/Program Files/Unity/Hub/Editor/2021.3.31f1/Editor/Data/Resources/UnitySubsystems
[Subsystems] Discovering subsystems at path D:/Informatica/IMR/Proiect/IMR_Project/Assets
GfxDevice: creating device client; threaded=0; jobified=0
Direct3D:
    Version:  Direct3D 11.0 [level 11.1]
    Renderer: NVIDIA GeForce GTX 1050 Ti (ID=0x1c8c)
    Vendor:   NVIDIA
    VRAM:     4017 MB
    Driver:   31.0.15.4601
Initialize mono
Mono path[0] = 'C:/Program Files/Unity/Hub/Editor/2021.3.31f1/Editor/Data/Managed'
Mono path[1] = 'C:/Program Files/Unity/Hub/Editor/2021.3.31f1/Editor/Data/MonoBleedingEdge/lib/mono/unityjit-win32'
Mono config path = 'C:/Program Files/Unity/Hub/Editor/2021.3.31f1/Editor/Data/MonoBleedingEdge/etc'
Using monoOptions --debugger-agent=transport=dt_socket,embedding=1,server=y,suspend=n,address=127.0.0.1:56536
Begin MonoManager ReloadAssembly
Registering precompiled unity dll's ...
Register platform support module: C:/Program Files/Unity/Hub/Editor/2021.3.31f1/Editor/Data/PlaybackEngines/AndroidPlayer/UnityEditor.Android.Extensions.dll
Register platform support module: C:/Program Files/Unity/Hub/Editor/2021.3.31f1/Editor/Data/PlaybackEngines/WindowsStandaloneSupport/UnityEditor.WindowsStandalone.Extensions.dll
Registered in 0.011693 seconds.
Native extension for WindowsStandalone target not found
Native extension for Android target not found
Android Extension - Scanning For ADB Devices 818 ms
Refreshing native plugins compatible for Editor in 112.50 ms, found 3 plugins.
Preloading 0 native plugins for Editor in 0.00 ms.
Mono: successfully reloaded assembly
- Completed reload, in  2.260 seconds
Domain Reload Profiling:
	ReloadAssembly (2260ms)
		BeginReloadAssembly (424ms)
			ExecutionOrderSort (0ms)
			DisableScriptedObjects (0ms)
			BackupInstance (0ms)
			ReleaseScriptingObjects (0ms)
			CreateAndSetChildDomain (1ms)
		EndReloadAssembly (1716ms)
			LoadAssemblies (422ms)
			RebuildTransferFunctionScriptingTraits (0ms)
			SetupTypeCache (161ms)
			ReleaseScriptCaches (0ms)
			RebuildScriptCaches (35ms)
			SetupLoadedEditorAssemblies (1472ms)
				LogAssemblyErrors (0ms)
				InitializePlatformSupportModulesInManaged (1165ms)
				SetLoadedEditorAssemblies (1ms)
				RefreshPlugins (113ms)
				BeforeProcessingInitializeOnLoad (1ms)
				ProcessInitializeOnLoadAttributes (96ms)
				ProcessInitializeOnLoadMethodAttributes (96ms)
				AfterProcessingInitializeOnLoad (0ms)
				EditorAssembliesLoaded (0ms)
			ExecutionOrderSort2 (0ms)
			AwakeInstancesAfterBackupRestoration (0ms)
Platform modules already initialized, skipping
Registering precompiled user dll's ...
Registered in 0.003968 seconds.
Begin MonoManager ReloadAssembly
Native extension for WindowsStandalone target not found
Native extension for Android target not found
Refreshing native plugins compatible for Editor in 0.73 ms, found 3 plugins.
Preloading 0 native plugins for Editor in 0.00 ms.
Package Manager log level set to [2]
[Package Manager] Server::EnsureServerProcessIsRunning -- launch failed, reason: Unity was launched with the -noUpm command-line argument
[Package Manager] Cannot connect to Unity Package Manager local server
Mono: successfully reloaded assembly
- Completed reload, in  3.923 seconds
Domain Reload Profiling:
	ReloadAssembly (3924ms)
		BeginReloadAssembly (193ms)
			ExecutionOrderSort (0ms)
			DisableScriptedObjects (6ms)
			BackupInstance (0ms)
			ReleaseScriptingObjects (0ms)
			CreateAndSetChildDomain (24ms)
		EndReloadAssembly (3532ms)
			LoadAssemblies (2076ms)
			RebuildTransferFunctionScriptingTraits (0ms)
			SetupTypeCache (375ms)
			ReleaseScriptCaches (1ms)
			RebuildScriptCaches (87ms)
			SetupLoadedEditorAssemblies (972ms)
				LogAssemblyErrors (0ms)
				InitializePlatformSupportModulesInManaged (28ms)
				SetLoadedEditorAssemblies (0ms)
				RefreshPlugins (1ms)
				BeforeProcessingInitializeOnLoad (100ms)
				ProcessInitializeOnLoadAttributes (803ms)
				ProcessInitializeOnLoadMethodAttributes (27ms)
				AfterProcessingInitializeOnLoad (12ms)
				EditorAssembliesLoaded (0ms)
			ExecutionOrderSort2 (0ms)
			AwakeInstancesAfterBackupRestoration (10ms)
Platform modules already initialized, skipping
========================================================================
Worker process is ready to serve import requests
Launched and connected shader compiler UnityShaderCompiler.exe after 0.16 seconds
Refreshing native plugins compatible for Editor in 1.75 ms, found 3 plugins.
Preloading 0 native plugins for Editor in 0.00 ms.
Unloading 3082 Unused Serialized files (Serialized files now loaded: 0)
Unloading 23 unused Assets / (47.0 KB). Loaded Objects now: 3548.
Memory consumption went from 116.0 MB to 115.9 MB.
Total: 5.378600 ms (FindLiveObjects: 0.358300 ms CreateObjectMapping: 0.312400 ms MarkObjects: 4.559300 ms  DeleteObjects: 0.146300 ms)

AssetImportParameters requested are different than current active one (requested -> active):
  custom:video-decoder-ogg-theora: a1e56fd34408186e4bbccfd4996cb3dc -> 
  custom:container-muxer-webm: aa71ff27fc2769a1b78a27578f13a17b -> 
  custom:container-demuxer-webm: 4f35f7cbe854078d1ac9338744f61a02 -> 
  custom:video-encoder-webm-vp8: eb34c28f22e8b96e1ab97ce403110664 -> 
  custom:CustomObjectIndexerAttribute: bc11b3a6c3213fcdd17b65e7da85e133 -> 
  custom:audio-encoder-webm-vorbis: bf7c407c2cedff20999df2af8eb42d56 -> 
  custom:framework-win-MediaFoundation: 216162199b28c13a410421893ffa2e32 -> 
  custom:SearchIndexIgnoredProperties: e643bd26f0fe6173181afceb89e7c659 -> 
  custom:container-demuxer-ogg: 62fdf1f143b41e24485cea50d1cbac27 -> 
  custom:video-decoder-webm-vp8: 9c59270c3fd7afecdb556c50c9e8de78 -> 
  custom:audio-decoder-ogg-vorbis: bf7c407c2cedff20999df2af8eb42d56 -> 
========================================================================
Received Import Request.
  Time since last request: 31955.764093 seconds.
  path: Assets/Recipes/LongIslandIceTeaPage.fbx
  artifactKey: Guid(0d1024a5a6d3f4b4997dca0718b89ffe) Importer(815301076,1909f56bfc062723c751e8b465ee728b)
Number of updated assets reloaded before import = 0
Start importing Assets/Recipes/LongIslandIceTeaPage.fbx using Guid(0d1024a5a6d3f4b4997dca0718b89ffe) Importer(815301076,1909f56bfc062723c751e8b465ee728b)  -> (artifact id: '6ebe21bf89a375e5fc8df3afea61b3be') in 0.930510 seconds 
Number of asset objects unloaded after import = 22
========================================================================
Received Import Request.
  Time since last request: 3.772514 seconds.
  path: Assets/Recipes/margarita.png
  artifactKey: Guid(3fdc1eb274d162f4aaa5f4290d03d6e2) Importer(815301076,1909f56bfc062723c751e8b465ee728b)
Number of updated assets reloaded before import = 0
Start importing Assets/Recipes/margarita.png using Guid(3fdc1eb274d162f4aaa5f4290d03d6e2) Importer(815301076,1909f56bfc062723c751e8b465ee728b)  -> (artifact id: '9ebbe1960a8825a0ef25cb20c5fec8b2') in 0.089525 seconds 
Number of asset objects unloaded after import = 2
========================================================================
Received Import Request.
  Time since last request: 3.469245 seconds.
  path: Assets/Recipes/MargaritaPage.fbx
  artifactKey: Guid(5c79c6ac07354864698232cc75bd0aa1) Importer(815301076,1909f56bfc062723c751e8b465ee728b)
Number of updated assets reloaded before import = 0
Start importing Assets/Recipes/MargaritaPage.fbx using Guid(5c79c6ac07354864698232cc75bd0aa1) Importer(815301076,1909f56bfc062723c751e8b465ee728b)  -> (artifact id: 'bf8f66a42aaf3e876f7cfc865fc50d28') in 0.097944 seconds 
Number of asset objects unloaded after import = 23
========================================================================
Received Import Request.
  Time since last request: 3.149158 seconds.
  path: Assets/Recipes/NegroniPage.fbx
  artifactKey: Guid(d6de4f3614e70344087ad21da35c3edf) Importer(815301076,1909f56bfc062723c751e8b465ee728b)
Number of updated assets reloaded before import = 0
Start importing Assets/Recipes/NegroniPage.fbx using Guid(d6de4f3614e70344087ad21da35c3edf) Importer(815301076,1909f56bfc062723c751e8b465ee728b)  -> (artifact id: 'c5f0a203220887bad99e485977c3156f') in 0.062913 seconds 
Number of asset objects unloaded after import = 23
========================================================================
Received Import Request.
  Time since last request: 3.332320 seconds.
  path: Assets/Recipes/pina colada.png
  artifactKey: Guid(eb83c7e26cf03994ba03db9dd5c0c591) Importer(815301076,1909f56bfc062723c751e8b465ee728b)
Number of updated assets reloaded before import = 0
Start importing Assets/Recipes/pina colada.png using Guid(eb83c7e26cf03994ba03db9dd5c0c591) Importer(815301076,1909f56bfc062723c751e8b465ee728b)  -> (artifact id: '0e9974e2363bf3ac1c4ee481fc2f5514') in 0.023369 seconds 
Number of asset objects unloaded after import = 2
========================================================================
Received Import Request.
  Time since last request: 3.217698 seconds.
  path: Assets/Recipes/sex on the beach.png
  artifactKey: Guid(62729bd3894d1934aab91ed36e30e210) Importer(815301076,1909f56bfc062723c751e8b465ee728b)
Number of updated assets reloaded before import = 0
Start importing Assets/Recipes/sex on the beach.png using Guid(62729bd3894d1934aab91ed36e30e210) Importer(815301076,1909f56bfc062723c751e8b465ee728b)  -> (artifact id: '3a87c83e3f81ea6b9228be2984d61b3b') in 0.019442 seconds 
Number of asset objects unloaded after import = 2
========================================================================
Received Import Request.
  Time since last request: 3.184624 seconds.
  path: Assets/Recipes/tequila sunrise.png
  artifactKey: Guid(1bb1ff7021b4ec948860d64843f5a698) Importer(815301076,1909f56bfc062723c751e8b465ee728b)
Number of updated assets reloaded before import = 0
Start importing Assets/Recipes/tequila sunrise.png using Guid(1bb1ff7021b4ec948860d64843f5a698) Importer(815301076,1909f56bfc062723c751e8b465ee728b)  -> (artifact id: '0a118d1a4669764c0f86d78fe50e9360') in 0.077978 seconds 
Number of asset objects unloaded after import = 2
========================================================================
Received Import Request.
  Time since last request: 3.581418 seconds.
  path: Assets/Recipes/the ghost.png
  artifactKey: Guid(9a424cb02fa140b48a6c51b4eed1db10) Importer(815301076,1909f56bfc062723c751e8b465ee728b)
Number of updated assets reloaded before import = 0
Start importing Assets/Recipes/the ghost.png using Guid(9a424cb02fa140b48a6c51b4eed1db10) Importer(815301076,1909f56bfc062723c751e8b465ee728b)  -> (artifact id: 'f855aaf333ab6e6a1ef31d594b285e3f') in 0.024550 seconds 
Number of asset objects unloaded after import = 2
========================================================================
Received Import Request.
  Time since last request: 3.287346 seconds.
  path: Assets/Recipes/white lady.png
  artifactKey: Guid(759bff30b9f5ebe4882aa97ef3976b06) Importer(815301076,1909f56bfc062723c751e8b465ee728b)
Number of updated assets reloaded before import = 0
Start importing Assets/Recipes/white lady.png using Guid(759bff30b9f5ebe4882aa97ef3976b06) Importer(815301076,1909f56bfc062723c751e8b465ee728b)  -> (artifact id: 'c9a5a7b7ce84abf3fc35e9bb10c901d4') in 0.035112 seconds 
Number of asset objects unloaded after import = 2
========================================================================
Received Import Request.
  Time since last request: 750.888887 seconds.
  path: Assets/Recipes/CosmopolitanPage.fbx
  artifactKey: Guid(063bb79ad5da63d458537ea00fa44c23) Importer(815301076,1909f56bfc062723c751e8b465ee728b)
Number of updated assets reloaded before import = 0
Start importing Assets/Recipes/CosmopolitanPage.fbx using Guid(063bb79ad5da63d458537ea00fa44c23) Importer(815301076,1909f56bfc062723c751e8b465ee728b)  -> (artifact id: 'cdbffc5f85fe1fb94d11c537d6beaa9a') in 0.530205 seconds 
Number of asset objects unloaded after import = 17
========================================================================
Received Import Request.
  Time since last request: 0.000034 seconds.
  path: Assets/Recipes/LongIslandIceTeaPage.fbx
  artifactKey: Guid(0d1024a5a6d3f4b4997dca0718b89ffe) Importer(815301076,1909f56bfc062723c751e8b465ee728b)
Number of updated assets reloaded before import = 0
Start importing Assets/Recipes/LongIslandIceTeaPage.fbx using Guid(0d1024a5a6d3f4b4997dca0718b89ffe) Importer(815301076,1909f56bfc062723c751e8b465ee728b)  -> (artifact id: '57c666e0f9a6fa7706901fa449008d88') in 0.118054 seconds 
Number of asset objects unloaded after import = 17
========================================================================
Received Import Request.
  Time since last request: 0.000022 seconds.
  path: Assets/Recipes/TheGhostPage.fbx
  artifactKey: Guid(3c3c9301db2c24a468bb6f42bed7ea0c) Importer(815301076,1909f56bfc062723c751e8b465ee728b)
Number of updated assets reloaded before import = 0
Start importing Assets/Recipes/TheGhostPage.fbx using Guid(3c3c9301db2c24a468bb6f42bed7ea0c) Importer(815301076,1909f56bfc062723c751e8b465ee728b)  -> (artifact id: '8076fd41e6daae034e75b35da9a30777') in 0.154172 seconds 
Number of asset objects unloaded after import = 17
========================================================================
Received Import Request.
  Time since last request: 0.000060 seconds.
  path: Assets/Recipes/GinTonicPage.fbx
  artifactKey: Guid(7d0359ad9c3510a45b2d4d7694b404e7) Importer(815301076,1909f56bfc062723c751e8b465ee728b)
Number of updated assets reloaded before import = 0
Start importing Assets/Recipes/GinTonicPage.fbx using Guid(7d0359ad9c3510a45b2d4d7694b404e7) Importer(815301076,1909f56bfc062723c751e8b465ee728b)  -> (artifact id: 'a2f3ca64b07091060b6ad95c7bdb89d6') in 0.564695 seconds 
Number of asset objects unloaded after import = 17
========================================================================
Received Import Request.
  Time since last request: 0.000022 seconds.
  path: Assets/Recipes/TequilaSunrisePage.fbx
  artifactKey: Guid(0d039b807643da64cac9970dccf40e7c) Importer(815301076,1909f56bfc062723c751e8b465ee728b)
Number of updated assets reloaded before import = 0
Start importing Assets/Recipes/TequilaSunrisePage.fbx using Guid(0d039b807643da64cac9970dccf40e7c) Importer(815301076,1909f56bfc062723c751e8b465ee728b)  -> (artifact id: 'f14d02afe1f0c77e4bee23b3d5874c77') in 0.175799 seconds 
Number of asset objects unloaded after import = 17
========================================================================
Received Import Request.
  Time since last request: 0.000016 seconds.
  path: Assets/Recipes/SexOnTheBeachPage.fbx
  artifactKey: Guid(c0ddcfed1121dda40b3968847fa4815e) Importer(815301076,1909f56bfc062723c751e8b465ee728b)
Number of updated assets reloaded before import = 0
Start importing Assets/Recipes/SexOnTheBeachPage.fbx using Guid(c0ddcfed1121dda40b3968847fa4815e) Importer(815301076,1909f56bfc062723c751e8b465ee728b)  -> (artifact id: '01f4d14b949150347e0cd41a0d46ece7') in 0.108864 seconds 
Number of asset objects unloaded after import = 17
========================================================================
Received Import Request.
  Time since last request: 0.000023 seconds.
  path: Assets/Recipes/HotRodPage.fbx
  artifactKey: Guid(43debf5928531974ba68bfc09e66207a) Importer(815301076,1909f56bfc062723c751e8b465ee728b)
Number of updated assets reloaded before import = 0
Start importing Assets/Recipes/HotRodPage.fbx using Guid(43debf5928531974ba68bfc09e66207a) Importer(815301076,1909f56bfc062723c751e8b465ee728b)  -> (artifact id: '1287a6927ab2090e4114592f9824e899') in 0.123881 seconds 
Number of asset objects unloaded after import = 17
Editor requested this worker to shutdown with reason: Scaling down because of idle timeout
AssetImportWorker is now disconnected from the server
Process exiting
Exiting without the bug reporter. Application will terminate with return code 0